Processing ../TAMU/Football_Preprocessed/MU_TAMU_11-30-2013.xml
Completed Processing ../TAMU/Football_Preprocessed/MU_TAMU_11-30-2013.xml
Processing ../TAMU/Football_Preprocessed/UTAH_TA_09-02-2004.xml
Completed Processing ../TAMU/Football_Preprocessed/UTAH_TA_09-02-2004.xml
Processing ../TAMU/Football_Preprocessed/TA_TT_09-30-2000.xml
Completed Processing ../TAMU/Football_Preprocessed/TA_TT_09-30-2000.xml
Processing ../TAMU/Football_Preprocessed/KS_TA_10-22-2005.xml
Completed Processing ../TAMU/Football_Preprocessed/KS_TA_10-22-2005.xml
Processing ../TAMU/Football_Preprocessed/MS_TAMU_11-03-2012.xml
Completed Processing ../TAMU/Football_Preprocessed/MS_TAMU_11-03-2012.xml
Processing ../TAMU/Football_Preprocessed/TA_WYO_09-11-2004.xml
Completed Processing ../TAMU/Football_Preprocessed/TA_WYO_09-11-2004.xml
Processing ../TAMU/Football_Preprocessed/TAMU_SHSU_11-17-2012.xml
Completed Processing ../TAMU/Football_Preprocessed/TAMU_SHSU_11-17-2012.xml
Processing ../TAMU/Football_Preprocessed/MIAMI_TAMU_09-20-2007.xml
Completed Processing ../TAMU/Football_Preprocessed/MIAMI_TAMU_09-20-2007.xml
Processing ../TAMU/Football_Preprocessed/MS_TAMU_10-04-2014.xml
Completed Processing ../TAMU/Football_Preprocessed/MS_TAMU_10-04-2014.xml
Processing ../TAMU/Football_Preprocessed/UA_TAMU_10-22-2016.xml
Completed Processing ../TAMU/Football_Preprocessed/UA_TAMU_10-22-2016.xml
Processing ../TAMU/Football_Preprocessed/TAMU_NMSU_10-29-2016.xml
Completed Processing ../TAMU/Football_Preprocessed/TAMU_NMSU_10-29-2016.xml
Processing ../TAMU/Football_Preprocessed/TA_KS_10-28-2000.xml
Completed Processing ../TAMU/Football_Preprocessed/TA_KS_10-28-2000.xml
Processing ../TAMU/Football_Preprocessed/TAMU_KS_10-11-2008.xml
Completed Processing ../TAMU/Football_Preprocessed/TAMU_KS_10-11-2008.xml
Processing ../TAMU/Football_Preprocessed/TA_MSU_12-31-2000.xml
Completed Processing ../TAMU/Football_Preprocessed/TA_MSU_12-31-2000.xml
Processing ../TAMU/Football_Preprocessed/UT_TA_11-24-2006.xml
Completed Processing ../TAMU/Football_Preprocessed/UT_TA_11-24-2006.xml
Processing ../TAMU/Football_Preprocessed/TA_ND_09-29-2001.xml
Completed Processing ../TAMU/Football_Preprocessed/TA_ND_09-29-2001.xml
Processing ../TAMU/Football_Preprocessed/TA_OU_11-09-2002.xml
Completed Processing ../TAMU/Football_Preprocessed/TA_OU_11-09-2002.xml
Processing ../TAMU/Football_Preprocessed/OU_TAMU_01-04-2013.xml
Completed Processing ../TAMU/Football_Preprocessed/OU_TAMU_01-04-2013.xml
Processing ../TAMU/Football_Preprocessed/A&M_BU_07-18-2002.xml
Code: 500 Text: {"errors":[{"code":"XMLParseError","title":"Error occured while parsing XML file","detail":"TypeError: Cannot read property '0' of undefined\n    at quarters.map (/var/app/current/server/build/src/lib/importer/statcrew/helpers/teamParser.js:603:34)\n    at Array.map (native)\n    at parseQuarterSummaries (/var/app/current/server/build/src/lib/importer/statcrew/helpers/teamParser.js:601:10)\n    at Object.parseTeam (/var/app/current/server/build/src/lib/importer/statcrew/helpers/teamParser.js:19:23)\n    at Team.parse (/var/app/current/server/build/src/lib/importer/statcrew/football/team.js:157:40)\n    at FootballImporter.parse (/var/app/current/server/build/src/lib/importer/statcrew/football/footballImporter.js:78:29)\n    at Object.<anonymous> (/var/app/current/server/build/src/routes/api_v1/upload/game.route.js:53:25)\n    at next (native)\n    at fulfilled (/var/app/current/server/build/src/routes/api_v1/upload/game.route.js:4:58)"}]}
HTTP Error: {"errors":[{"code":"XMLParseError","title":"Error occured while parsing XML file","detail":"TypeError: Cannot read property '0' of undefined\n    at quarters.map (/var/app/current/server/build/src/lib/importer/statcrew/helpers/teamParser.js:603:34)\n    at Array.map (native)\n    at parseQuarterSummaries (/var/app/current/server/build/src/lib/importer/statcrew/helpers/teamParser.js:601:10)\n    at Object.parseTeam (/var/app/current/server/build/src/lib/importer/statcrew/helpers/teamParser.js:19:23)\n    at Team.parse (/var/app/current/server/build/src/lib/importer/statcrew/football/team.js:157:40)\n    at FootballImporter.parse (/var/app/current/server/build/src/lib/importer/statcrew/football/footballImporter.js:78:29)\n    at Object.<anonymous> (/var/app/current/server/build/src/routes/api_v1/upload/game.route.js:53:25)\n    at next (native)\n    at fulfilled (/var/app/current/server/build/src/routes/api_v1/upload/game.route.js:4:58)"}]} 
Failed processing file: <../TAMU/Football_Preprocessed/A&M_BU_07-18-2002.xml>, Skipping the file.
Processing ../TAMU/Football_Preprocessed/TAMU_UA_09-14-2013.xml
Completed Processing ../TAMU/Football_Preprocessed/TAMU_UA_09-14-2013.xml
Processing ../TAMU/Football_Preprocessed/VANDY_UA_09-23-2017.xml
Completed Processing ../TAMU/Football_Preprocessed/VANDY_UA_09-23-2017.xml
Processing ../TAMU/Football_Preprocessed/TAMU_ISU_10-31-2009.xml
Completed Processing ../TAMU/Football_Preprocessed/TAMU_ISU_10-31-2009.xml
Processing ../TAMU/Football_Preprocessed/AU_TAMU_11-08-2014.xml
Completed Processing ../TAMU/Football_Preprocessed/AU_TAMU_11-08-2014.xml
Processing ../TAMU/Football_Preprocessed/TA_OS_10-25-2003.xml
Completed Processing ../TAMU/Football_Preprocessed/TA_OS_10-25-2003.xml
Processing ../TAMU/Football_Preprocessed/TA_MU_10-14-2006.xml
Completed Processing ../TAMU/Football_Preprocessed/TA_MU_10-14-2006.xml
Processing ../TAMU/Football_Preprocessed/TA_UT_11-28-2003.xml
Completed Processing ../TAMU/Football_Preprocessed/TA_UT_11-28-2003.xml
Processing ../TAMU/Football_Preprocessed/TAMU_LATECH_09-11-2010.xml
Completed Processing ../TAMU/Football_Preprocessed/TAMU_LATECH_09-11-2010.xml
Processing ../TAMU/Football_Preprocessed/SC_TAMU_10-01-2016.xml
Completed Processing ../TAMU/Football_Preprocessed/SC_TAMU_10-01-2016.xml
Processing ../TAMU/Football_Preprocessed/UM_TAMU_10-06-2012.xml
Completed Processing ../TAMU/Football_Preprocessed/UM_TAMU_10-06-2012.xml
Processing ../TAMU/Football_Preprocessed/OU_TAMU_11-14-2009.xml
Completed Processing ../TAMU/Football_Preprocessed/OU_TAMU_11-14-2009.xml
Processing ../TAMU/Football_Preprocessed/TA_TT_09-30-2006.xml
Completed Processing ../TAMU/Football_Preprocessed/TA_TT_09-30-2006.xml
Processing ../TAMU/Football_Preprocessed/TA_IS_10-29-2005.xml
Completed Processing ../TAMU/Football_Preprocessed/TA_IS_10-29-2005.xml
Processing ../TAMU/Football_Preprocessed/VT_TA_09-18-2003.xml
Completed Processing ../TAMU/Football_Preprocessed/VT_TA_09-18-2003.xml
Processing ../TAMU/Football_Preprocessed/TAMU_PSU_12-29-2007.xml
Completed Processing ../TAMU/Football_Preprocessed/TAMU_PSU_12-29-2007.xml
Processing ../TAMU/Football_Preprocessed/TA_ULL_08-31-2002.xml
Completed Processing ../TAMU/Football_Preprocessed/TA_ULL_08-31-2002.xml
Processing ../TAMU/Football_Preprocessed/TAMU_UA_10-17-2015.xml
Completed Processing ../TAMU/Football_Preprocessed/TAMU_UA_10-17-2015.xml
Processing ../TAMU/Football_Preprocessed/TAMU_MSU_09-01-2007.xml
Completed Processing ../TAMU/Football_Preprocessed/TAMU_MSU_09-01-2007.xml
Processing ../TAMU/Football_Preprocessed/TA_LATECH_09-23-2006.xml
Completed Processing ../TAMU/Football_Preprocessed/TA_LATECH_09-23-2006.xml
Processing ../TAMU/Football_Preprocessed/OU_TA_11-08-2003.xml
Completed Processing ../TAMU/Football_Preprocessed/OU_TA_11-08-2003.xml
Processing ../TAMU/Football_Preprocessed/NU_TAMU_10-20-2007.xml
Completed Processing ../TAMU/Football_Preprocessed/NU_TAMU_10-20-2007.xml
Processing ../TAMU/Football_Preprocessed/OSU_TAMU_10-04-2008.xml
Completed Processing ../TAMU/Football_Preprocessed/OSU_TAMU_10-04-2008.xml
Processing ../TAMU/Football_Preprocessed/LSU_TAMU_11-28-2015.xml
Completed Processing ../TAMU/Football_Preprocessed/LSU_TAMU_11-28-2015.xml
Processing ../TAMU/Football_Preprocessed/OU_MSU_09-06-2001.xml
Code: 500 Text: {"errors":[{"code":"XMLParseError","title":"Error occured while parsing XML file","detail":"TypeError: Cannot read property '0' of undefined\n    at parseTotals (/var/app/current/server/build/src/lib/importer/statcrew/helpers/teamParser.js:103:37)\n    at Object.parseTeam (/var/app/current/server/build/src/lib/importer/statcrew/helpers/teamParser.js:17:20)\n    at Team.parse (/var/app/current/server/build/src/lib/importer/statcrew/football/team.js:157:40)\n    at FootballImporter.parse (/var/app/current/server/build/src/lib/importer/statcrew/football/footballImporter.js:78:29)\n    at Object.<anonymous> (/var/app/current/server/build/src/routes/api_v1/upload/game.route.js:53:25)\n    at next (native)\n    at fulfilled (/var/app/current/server/build/src/routes/api_v1/upload/game.route.js:4:58)"}]}
HTTP Error: {"errors":[{"code":"XMLParseError","title":"Error occured while parsing XML file","detail":"TypeError: Cannot read property '0' of undefined\n    at parseTotals (/var/app/current/server/build/src/lib/importer/statcrew/helpers/teamParser.js:103:37)\n    at Object.parseTeam (/var/app/current/server/build/src/lib/importer/statcrew/helpers/teamParser.js:17:20)\n    at Team.parse (/var/app/current/server/build/src/lib/importer/statcrew/football/team.js:157:40)\n    at FootballImporter.parse (/var/app/current/server/build/src/lib/importer/statcrew/football/footballImporter.js:78:29)\n    at Object.<anonymous> (/var/app/current/server/build/src/routes/api_v1/upload/game.route.js:53:25)\n    at next (native)\n    at fulfilled (/var/app/current/server/build/src/routes/api_v1/upload/game.route.js:4:58)"}]} 
Failed processing file: <../TAMU/Football_Preprocessed/OU_MSU_09-06-2001.xml>, Skipping the file.
Processing ../TAMU/Football_Preprocessed/ARK_TAMU_10-03-2009.xml
Completed Processing ../TAMU/Football_Preprocessed/ARK_TAMU_10-03-2009.xml
Processing ../TAMU/Football_Preprocessed/TAMU_UM_09-20-2008.xml
Completed Processing ../TAMU/Football_Preprocessed/TAMU_UM_09-20-2008.xml
Processing ../TAMU/Football_Preprocessed/TA_UT_11-23-2001.xml
Completed Processing ../TAMU/Football_Preprocessed/TA_UT_11-23-2001.xml
Processing ../TAMU/Football_Preprocessed/ISU_TAMU_10-22-2011.xml
Completed Processing ../TAMU/Football_Preprocessed/ISU_TAMU_10-22-2011.xml
Processing ../TAMU/Football_Preprocessed/TAMU_ASU_08-30-2008.xml
Completed Processing ../TAMU/Football_Preprocessed/TAMU_ASU_08-30-2008.xml
Processing ../TAMU/Football_Preprocessed/TAMU_UTSA_11-19-2016.xml
Completed Processing ../TAMU/Football_Preprocessed/TAMU_UTSA_11-19-2016.xml
Processing ../TAMU/Football_Preprocessed/MU_A&M_11-13-1999.xml
Code: 500 Text: {"errors":[{"code":"XMLParseError","title":"Error occured while parsing XML file","detail":"TypeError: Cannot read property '0' of undefined\n    at parseTotals (/var/app/current/server/build/src/lib/importer/statcrew/helpers/teamParser.js:101:33)\n    at Object.parseTeam (/var/app/current/server/build/src/lib/importer/statcrew/helpers/teamParser.js:17:20)\n    at Team.parse (/var/app/current/server/build/src/lib/importer/statcrew/football/team.js:157:40)\n    at FootballImporter.parse (/var/app/current/server/build/src/lib/importer/statcrew/football/footballImporter.js:78:29)\n    at Object.<anonymous> (/var/app/current/server/build/src/routes/api_v1/upload/game.route.js:53:25)\n    at next (native)\n    at fulfilled (/var/app/current/server/build/src/routes/api_v1/upload/game.route.js:4:58)"}]}
HTTP Error: {"errors":[{"code":"XMLParseError","title":"Error occured while parsing XML file","detail":"TypeError: Cannot read property '0' of undefined\n    at parseTotals (/var/app/current/server/build/src/lib/importer/statcrew/helpers/teamParser.js:101:33)\n    at Object.parseTeam (/var/app/current/server/build/src/lib/importer/statcrew/helpers/teamParser.js:17:20)\n    at Team.parse (/var/app/current/server/build/src/lib/importer/statcrew/football/team.js:157:40)\n    at FootballImporter.parse (/var/app/current/server/build/src/lib/importer/statcrew/football/footballImporter.js:78:29)\n    at Object.<anonymous> (/var/app/current/server/build/src/routes/api_v1/upload/game.route.js:53:25)\n    at next (native)\n    at fulfilled (/var/app/current/server/build/src/routes/api_v1/upload/game.route.js:4:58)"}]} 
Failed processing file: <../TAMU/Football_Preprocessed/MU_A&M_11-13-1999.xml>, Skipping the file.
Processing ../TAMU/Football_Preprocessed/TAMU_AR_09-29-2012.xml
Completed Processing ../TAMU/Football_Preprocessed/TAMU_AR_09-29-2012.xml
Processing ../TAMU/Football_Preprocessed/TAMU_MS_10-03-2015.xml
Completed Processing ../TAMU/Football_Preprocessed/TAMU_MS_10-03-2015.xml
Processing ../TAMU/Football_Preprocessed/TAMU_SC_10-31-2015.xml
Completed Processing ../TAMU/Football_Preprocessed/TAMU_SC_10-31-2015.xml
Processing ../TAMU/Football_Preprocessed/OU_A&M_10-23-1999.xml
Code: 500 Text: {"errors":[{"code":"XMLParseError","title":"Error occured while parsing XML file","detail":"TypeError: Cannot read property '0' of undefined\n    at parseTotals (/var/app/current/server/build/src/lib/importer/statcrew/helpers/teamParser.js:101:33)\n    at Object.parseTeam (/var/app/current/server/build/src/lib/importer/statcrew/helpers/teamParser.js:17:20)\n    at Team.parse (/var/app/current/server/build/src/lib/importer/statcrew/football/team.js:157:40)\n    at FootballImporter.parse (/var/app/current/server/build/src/lib/importer/statcrew/football/footballImporter.js:78:29)\n    at Object.<anonymous> (/var/app/current/server/build/src/routes/api_v1/upload/game.route.js:53:25)\n    at next (native)\n    at fulfilled (/var/app/current/server/build/src/routes/api_v1/upload/game.route.js:4:58)"}]}
HTTP Error: {"errors":[{"code":"XMLParseError","title":"Error occured while parsing XML file","detail":"TypeError: Cannot read property '0' of undefined\n    at parseTotals (/var/app/current/server/build/src/lib/importer/statcrew/helpers/teamParser.js:101:33)\n    at Object.parseTeam (/var/app/current/server/build/src/lib/importer/statcrew/helpers/teamParser.js:17:20)\n    at Team.parse (/var/app/current/server/build/src/lib/importer/statcrew/football/team.js:157:40)\n    at FootballImporter.parse (/var/app/current/server/build/src/lib/importer/statcrew/football/footballImporter.js:78:29)\n    at Object.<anonymous> (/var/app/current/server/build/src/routes/api_v1/upload/game.route.js:53:25)\n    at next (native)\n    at fulfilled (/var/app/current/server/build/src/routes/api_v1/upload/game.route.js:4:58)"}]} 
Failed processing file: <../TAMU/Football_Preprocessed/OU_A&M_10-23-1999.xml>, Skipping the file.
Processing ../TAMU/Football_Preprocessed/SMU_TAMU_09-15-2012.xml
Code: 500 Text: {"errors":[{"code":"XMLParseError","title":"Error occured while parsing XML file","detail":"TypeError: Cannot read property 'tacka' of undefined\n    at parseDefense (/var/app/current/server/build/src/lib/importer/statcrew/helpers/playerParser.js:99:27)\n    at Object.parsePlayer (/var/app/current/server/build/src/lib/importer/statcrew/helpers/playerParser.js:20:35)\n    at Player.parse (/var/app/current/server/build/src/lib/importer/statcrew/football/player.js:164:42)\n    at players.visitorPlayers.input.team.(anonymous function).player.map (/var/app/current/server/build/src/lib/importer/statcrew/football/footballImporter.js:87:29)\n    at Array.map (native)\n    at FootballImporter.parse (/var/app/current/server/build/src/lib/importer/statcrew/football/footballImporter.js:85:64)\n    at Object.<anonymous> (/var/app/current/server/build/src/routes/api_v1/upload/game.route.js:53:25)\n    at next (native)\n    at fulfilled (/var/app/current/server/build/src/routes/api_v1/upload/game.route.js:4:58)"}]}
HTTP Error: {"errors":[{"code":"XMLParseError","title":"Error occured while parsing XML file","detail":"TypeError: Cannot read property 'tacka' of undefined\n    at parseDefense (/var/app/current/server/build/src/lib/importer/statcrew/helpers/playerParser.js:99:27)\n    at Object.parsePlayer (/var/app/current/server/build/src/lib/importer/statcrew/helpers/playerParser.js:20:35)\n    at Player.parse (/var/app/current/server/build/src/lib/importer/statcrew/football/player.js:164:42)\n    at players.visitorPlayers.input.team.(anonymous function).player.map (/var/app/current/server/build/src/lib/importer/statcrew/football/footballImporter.js:87:29)\n    at Array.map (native)\n    at FootballImporter.parse (/var/app/current/server/build/src/lib/importer/statcrew/football/footballImporter.js:85:64)\n    at Object.<anonymous> (/var/app/current/server/build/src/routes/api_v1/upload/game.route.js:53:25)\n    at next (native)\n    at fulfilled (/var/app/current/server/build/src/routes/api_v1/upload/game.route.js:4:58)"}]} 
Failed processing file: <../TAMU/Football_Preprocessed/SMU_TAMU_09-15-2012.xml>, Skipping the file.
Processing ../TAMU/Football_Preprocessed/CU_TAMU_11-07-2009.xml
Completed Processing ../TAMU/Football_Preprocessed/CU_TAMU_11-07-2009.xml
Processing ../TAMU/Football_Preprocessed/LAT_A&M_09-04-1999.xml
Code: 500 Text: {"errors":[{"code":"XMLParseError","title":"Error occured while parsing XML file","detail":"TypeError: Cannot read property '0' of undefined\n    at parseTotals (/var/app/current/server/build/src/lib/importer/statcrew/helpers/teamParser.js:101:33)\n    at Object.parseTeam (/var/app/current/server/build/src/lib/importer/statcrew/helpers/teamParser.js:17:20)\n    at Team.parse (/var/app/current/server/build/src/lib/importer/statcrew/football/team.js:157:40)\n    at FootballImporter.parse (/var/app/current/server/build/src/lib/importer/statcrew/football/footballImporter.js:78:29)\n    at Object.<anonymous> (/var/app/current/server/build/src/routes/api_v1/upload/game.route.js:53:25)\n    at next (native)\n    at fulfilled (/var/app/current/server/build/src/routes/api_v1/upload/game.route.js:4:58)"}]}
HTTP Error: {"errors":[{"code":"XMLParseError","title":"Error occured while parsing XML file","detail":"TypeError: Cannot read property '0' of undefined\n    at parseTotals (/var/app/current/server/build/src/lib/importer/statcrew/helpers/teamParser.js:101:33)\n    at Object.parseTeam (/var/app/current/server/build/src/lib/importer/statcrew/helpers/teamParser.js:17:20)\n    at Team.parse (/var/app/current/server/build/src/lib/importer/statcrew/football/team.js:157:40)\n    at FootballImporter.parse (/var/app/current/server/build/src/lib/importer/statcrew/football/footballImporter.js:78:29)\n    at Object.<anonymous> (/var/app/current/server/build/src/routes/api_v1/upload/game.route.js:53:25)\n    at next (native)\n    at fulfilled (/var/app/current/server/build/src/routes/api_v1/upload/game.route.js:4:58)"}]} 
Failed processing file: <../TAMU/Football_Preprocessed/LAT_A&M_09-04-1999.xml>, Skipping the file.
Processing ../TAMU/Football_Preprocessed/TA_WYO_09-09-2000.xml
Completed Processing ../TAMU/Football_Preprocessed/TA_WYO_09-09-2000.xml
Processing ../TAMU/Football_Preprocessed/TA_IS_10-27-2001.xml
Completed Processing ../TAMU/Football_Preprocessed/TA_IS_10-27-2001.xml
Processing ../TAMU/Football_Preprocessed/UA_CSU_09-16-2017.xml
Completed Processing ../TAMU/Football_Preprocessed/UA_CSU_09-16-2017.xml
Processing ../TAMU/Football_Preprocessed/TAMU_UT_11-24-2011.xml
Completed Processing ../TAMU/Football_Preprocessed/TAMU_UT_11-24-2011.xml
Processing ../TAMU/Football_Preprocessed/TAMU_TTU_10-30-2010.xml
Completed Processing ../TAMU/Football_Preprocessed/TAMU_TTU_10-30-2010.xml
Processing ../TAMU/Football_Preprocessed/TA_LATECH_09-28-2002.xml
Completed Processing ../TAMU/Football_Preprocessed/TA_LATECH_09-28-2002.xml
Processing ../TAMU/Football_Preprocessed/TAMU_SMU_09-04-2011.xml
Completed Processing ../TAMU/Football_Preprocessed/TAMU_SMU_09-04-2011.xml
Processing ../TAMU/Football_Preprocessed/TT_TA_11-05-2005.xml
Completed Processing ../TAMU/Football_Preprocessed/TT_TA_11-05-2005.xml
Processing ../TAMU/Football_Preprocessed/TAMU_ARMY_09-27-2008.xml
Completed Processing ../TAMU/Football_Preprocessed/TAMU_ARMY_09-27-2008.xml
Processing ../TAMU/Football_Preprocessed/TAMU_BALL_09-12-2015.xml
Completed Processing ../TAMU/Football_Preprocessed/TAMU_BALL_09-12-2015.xml
Processing ../TAMU/Football_Preprocessed/TAMU_UT_11-26-2009.xml
Completed Processing ../TAMU/Football_Preprocessed/TAMU_UT_11-26-2009.xml
Processing ../TAMU/Football_Preprocessed/UA_TAMU_10-18-2014.xml
Completed Processing ../TAMU/Football_Preprocessed/UA_TAMU_10-18-2014.xml
Processing ../TAMU/Football_Preprocessed/TA_UTEP_09-16-2000.xml
Completed Processing ../TAMU/Football_Preprocessed/TA_UTEP_09-16-2000.xml
Processing ../TAMU/Football_Preprocessed/TA_KU_11-01-2003.xml
Completed Processing ../TAMU/Football_Preprocessed/TA_KU_11-01-2003.xml
Processing ../TAMU/Football_Preprocessed/TAMU_LS_10-20-2012.xml
Completed Processing ../TAMU/Football_Preprocessed/TAMU_LS_10-20-2012.xml
Processing ../TAMU/Football_Preprocessed/TA_BU_10-06-2001.xml
Completed Processing ../TAMU/Football_Preprocessed/TA_BU_10-06-2001.xml
Processing ../TAMU/Football_Preprocessed/UA_LSU_11-04-2017.xml
Completed Processing ../TAMU/Football_Preprocessed/UA_LSU_11-04-2017.xml
Processing ../TAMU/Football_Preprocessed/TAMU_RICE_08-31-2013.xml
Completed Processing ../TAMU/Football_Preprocessed/TAMU_RICE_08-31-2013.xml
Processing ../TAMU/Football_Preprocessed/TAMU_FIU_09-18-2010.xml
Completed Processing ../TAMU/Football_Preprocessed/TAMU_FIU_09-18-2010.xml
Processing ../TAMU/Football_Preprocessed/TA_MSU_09-01-2001.xml
Completed Processing ../TAMU/Football_Preprocessed/TA_MSU_09-01-2001.xml
Processing ../TAMU/Football_Preprocessed/TAMU_MU_10-16-2010.xml
Completed Processing ../TAMU/Football_Preprocessed/TAMU_MU_10-16-2010.xml
Processing ../TAMU/Football_Preprocessed/TAMU_SFA_09-04-2010.xml
Completed Processing ../TAMU/Football_Preprocessed/TAMU_SFA_09-04-2010.xml
Processing ../TAMU/Football_Preprocessed/MU_OU_12-01-2007.xml
Completed Processing ../TAMU/Football_Preprocessed/MU_OU_12-01-2007.xml
Processing ../TAMU/Football_Preprocessed/TA_MU_11-16-2002.xml
Completed Processing ../TAMU/Football_Preprocessed/TA_MU_11-16-2002.xml
Processing ../TAMU/Football_Preprocessed/TAMU_VANDY_10-26-2013.xml
Completed Processing ../TAMU/Football_Preprocessed/TAMU_VANDY_10-26-2013.xml
Processing ../TAMU/Football_Preprocessed/SC_TAMU_08-28-2014.xml
Completed Processing ../TAMU/Football_Preprocessed/SC_TAMU_08-28-2014.xml
Processing ../TAMU/Football_Preprocessed/TAMU_IDAHO_09-17-2011.xml
Completed Processing ../TAMU/Football_Preprocessed/TAMU_IDAHO_09-17-2011.xml
Processing ../TAMU/Football_Preprocessed/LATECH_TAMU_10-13-2012.xml
Completed Processing ../TAMU/Football_Preprocessed/LATECH_TAMU_10-13-2012.xml
Processing ../TAMU/Football_Preprocessed/AR_TAMU_10-01-2011.xml
Completed Processing ../TAMU/Football_Preprocessed/AR_TAMU_10-01-2011.xml
Processing ../TAMU/Football_Preprocessed/TAMU_UT_10-08-2016.xml
Completed Processing ../TAMU/Football_Preprocessed/TAMU_UT_10-08-2016.xml
Processing ../TAMU/Football_Preprocessed/TAMU_AU_10-19-2013.xml
Completed Processing ../TAMU/Football_Preprocessed/TAMU_AU_10-19-2013.xml
Processing ../TAMU/Football_Preprocessed/VANDY_TAMU_11-21-2015.xml
Completed Processing ../TAMU/Football_Preprocessed/VANDY_TAMU_11-21-2015.xml
Processing ../TAMU/Football_Preprocessed/TT_TAMU_10-24-2009.xml
Completed Processing ../TAMU/Football_Preprocessed/TT_TAMU_10-24-2009.xml
Processing ../TAMU/Football_Preprocessed/UA_UT_10-21-2017.xml
Completed Processing ../TAMU/Football_Preprocessed/UA_UT_10-21-2017.xml
Processing ../TAMU/Football_Preprocessed/OS_TA_10-16-2004.xml
Completed Processing ../TAMU/Football_Preprocessed/OS_TA_10-16-2004.xml
Processing ../TAMU/Football_Preprocessed/LOU_TAMU_12-30-2015.xml
Completed Processing ../TAMU/Football_Preprocessed/LOU_TAMU_12-30-2015.xml
Processing ../TAMU/Football_Preprocessed/TAMU_KU_11-19-2011.xml
Completed Processing ../TAMU/Football_Preprocessed/TAMU_KU_11-19-2011.xml
Processing ../TAMU/Football_Preprocessed/UT_TA_11-29-2002.xml
Completed Processing ../TAMU/Football_Preprocessed/UT_TA_11-29-2002.xml
Processing ../TAMU/Football_Preprocessed/KU_TA_10-19-2002.xml
Completed Processing ../TAMU/Football_Preprocessed/KU_TA_10-19-2002.xml
Processing ../TAMU/Football_Preprocessed/TT_TA_10-04-2003.xml
Completed Processing ../TAMU/Football_Preprocessed/TT_TA_10-04-2003.xml
Processing ../TAMU/Football_Preprocessed/TAMU_FS_09-08-2007.xml
Completed Processing ../TAMU/Football_Preprocessed/TAMU_FS_09-08-2007.xml
Processing ../TAMU/Football_Preprocessed/TAMU_UA_10-07-2017.xml
Completed Processing ../TAMU/Football_Preprocessed/TAMU_UA_10-07-2017.xml
Processing ../TAMU/Football_Preprocessed/TAMU_NEV_09-19-2015.xml
Completed Processing ../TAMU/Football_Preprocessed/TAMU_NEV_09-19-2015.xml
Processing ../TAMU/Football_Preprocessed/TAMU_BU_10-15-2011.xml
Completed Processing ../TAMU/Football_Preprocessed/TAMU_BU_10-15-2011.xml
Processing ../TAMU/Football_Preprocessed/LS_TAMU_11-23-2013.xml
Completed Processing ../TAMU/Football_Preprocessed/LS_TAMU_11-23-2013.xml
Processing ../TAMU/Football_Preprocessed/OU_TAMU_11-05-2011.xml
Completed Processing ../TAMU/Football_Preprocessed/OU_TAMU_11-05-2011.xml
Processing ../TAMU/Football_Preprocessed/AR_TAMU_09-26-2015.xml
Completed Processing ../TAMU/Football_Preprocessed/AR_TAMU_09-26-2015.xml
Processing ../TAMU/Football_Preprocessed/MU_TAMU_11-10-2007.xml
Completed Processing ../TAMU/Football_Preprocessed/MU_TAMU_11-10-2007.xml
Processing ../TAMU/Football_Preprocessed/UA_FS_09-09-2017.xml
Completed Processing ../TAMU/Football_Preprocessed/UA_FS_09-09-2017.xml
Processing ../TAMU/Football_Preprocessed/CU_TA_10-08-2005.xml
Completed Processing ../TAMU/Football_Preprocessed/CU_TA_10-08-2005.xml
Processing ../TAMU/Football_Preprocessed/TAMU_OSU_09-24-2011.xml
Completed Processing ../TAMU/Football_Preprocessed/TAMU_OSU_09-24-2011.xml
Processing ../TAMU/Football_Preprocessed/UGA_TAMU_12-28-2009.xml
Completed Processing ../TAMU/Football_Preprocessed/UGA_TAMU_12-28-2009.xml
Processing ../TAMU/Football_Preprocessed/BU_TA_10-28-2006.xml
Completed Processing ../TAMU/Football_Preprocessed/BU_TA_10-28-2006.xml
Processing ../TAMU/Football_Preprocessed/TAMU_NU_11-20-2010.xml
Completed Processing ../TAMU/Football_Preprocessed/TAMU_NU_11-20-2010.xml
Processing ../TAMU/Football_Preprocessed/UT_TA_11-24-2000.xml
Completed Processing ../TAMU/Football_Preprocessed/UT_TA_11-24-2000.xml
Processing ../TAMU/Football_Preprocessed/TAMU_AR_10-09-2010.xml
Completed Processing ../TAMU/Football_Preprocessed/TAMU_AR_10-09-2010.xml
Processing ../TAMU/Football_Preprocessed/TAMU_OSU_10-10-2009.xml
Completed Processing ../TAMU/Football_Preprocessed/TAMU_OSU_10-10-2009.xml
Processing ../TAMU/Football_Preprocessed/KU_TA_10-07-2006.xml
Completed Processing ../TAMU/Football_Preprocessed/KU_TA_10-07-2006.xml
Processing ../TAMU/Football_Preprocessed/MU_TA_11-15-2003.xml
Completed Processing ../TAMU/Football_Preprocessed/MU_TA_11-15-2003.xml
Processing ../TAMU/Football_Preprocessed/TA_TXST_09-22-2005.xml
Completed Processing ../TAMU/Football_Preprocessed/TA_TXST_09-22-2005.xml
Processing ../TAMU/Football_Preprocessed/A&M_USM_09-25-1999.xml
Code: 500 Text: {"errors":[{"code":"XMLParseError","title":"Error occured while parsing XML file","detail":"TypeError: Cannot read property '0' of undefined\n    at quarters.map (/var/app/current/server/build/src/lib/importer/statcrew/helpers/teamParser.js:603:34)\n    at Array.map (native)\n    at parseQuarterSummaries (/var/app/current/server/build/src/lib/importer/statcrew/helpers/teamParser.js:601:10)\n    at Object.parseTeam (/var/app/current/server/build/src/lib/importer/statcrew/helpers/teamParser.js:19:23)\n    at Team.parse (/var/app/current/server/build/src/lib/importer/statcrew/football/team.js:157:40)\n    at FootballImporter.parse (/var/app/current/server/build/src/lib/importer/statcrew/football/footballImporter.js:78:29)\n    at Object.<anonymous> (/var/app/current/server/build/src/routes/api_v1/upload/game.route.js:53:25)\n    at next (native)\n    at fulfilled (/var/app/current/server/build/src/routes/api_v1/upload/game.route.js:4:58)"}]}
HTTP Error: {"errors":[{"code":"XMLParseError","title":"Error occured while parsing XML file","detail":"TypeError: Cannot read property '0' of undefined\n    at quarters.map (/var/app/current/server/build/src/lib/importer/statcrew/helpers/teamParser.js:603:34)\n    at Array.map (native)\n    at parseQuarterSummaries (/var/app/current/server/build/src/lib/importer/statcrew/helpers/teamParser.js:601:10)\n    at Object.parseTeam (/var/app/current/server/build/src/lib/importer/statcrew/helpers/teamParser.js:19:23)\n    at Team.parse (/var/app/current/server/build/src/lib/importer/statcrew/football/team.js:157:40)\n    at FootballImporter.parse (/var/app/current/server/build/src/lib/importer/statcrew/football/footballImporter.js:78:29)\n    at Object.<anonymous> (/var/app/current/server/build/src/routes/api_v1/upload/game.route.js:53:25)\n    at next (native)\n    at fulfilled (/var/app/current/server/build/src/routes/api_v1/upload/game.route.js:4:58)"}]} 
Failed processing file: <../TAMU/Football_Preprocessed/A&M_USM_09-25-1999.xml>, Skipping the file.
Processing ../TAMU/Football_Preprocessed/TA_SMU_09-17-2005.xml
Completed Processing ../TAMU/Football_Preprocessed/TA_SMU_09-17-2005.xml
Processing ../TAMU/Football_Preprocessed/NU_TA_10-18-2003.xml
Completed Processing ../TAMU/Football_Preprocessed/NU_TA_10-18-2003.xml
Processing ../TAMU/Football_Preprocessed/TAMU_BU_09-29-2007.xml
Completed Processing ../TAMU/Football_Preprocessed/TAMU_BU_09-29-2007.xml
Processing ../TAMU/Football_Preprocessed/TA_TT_11-13-2004.xml
Completed Processing ../TAMU/Football_Preprocessed/TA_TT_11-13-2004.xml
Processing ../TAMU/Football_Preprocessed/TTU_TAMU_10-08-2011.xml
Completed Processing ../TAMU/Football_Preprocessed/TTU_TAMU_10-08-2011.xml
Processing ../TAMU/Football_Preprocessed/TA_OU_11-04-2006.xml
Completed Processing ../TAMU/Football_Preprocessed/TA_OU_11-04-2006.xml
Processing ../TAMU/Football_Preprocessed/SMU_TAMU_09-20-2014.xml
Completed Processing ../TAMU/Football_Preprocessed/SMU_TAMU_09-20-2014.xml
Processing ../TAMU/Football_Preprocessed/OU_TAMU_11-03-2007.xml
Completed Processing ../TAMU/Football_Preprocessed/OU_TAMU_11-03-2007.xml
Processing ../TAMU/Football_Preprocessed/TAMU_PVAM_09-10-2016.xml
Completed Processing ../TAMU/Football_Preprocessed/TAMU_PVAM_09-10-2016.xml
Processing ../TAMU/Football_Preprocessed/TAMU_SHSU_09-07-2013.xml
Completed Processing ../TAMU/Football_Preprocessed/TAMU_SHSU_09-07-2013.xml
Processing ../TAMU/Football_Preprocessed/CLEM_TA_09-03-2005.xml
Completed Processing ../TAMU/Football_Preprocessed/CLEM_TA_09-03-2005.xml
Processing ../TAMU/Football_Preprocessed/AR_TAMU_09-28-2013.xml
Completed Processing ../TAMU/Football_Preprocessed/AR_TAMU_09-28-2013.xml
Processing ../TAMU/Football_Preprocessed/KS_TAMU_11-12-2011.xml
Completed Processing ../TAMU/Football_Preprocessed/KS_TAMU_11-12-2011.xml
Processing ../TAMU/Football_Preprocessed/TAMU_UTEP_11-02-2013.xml
Completed Processing ../TAMU/Football_Preprocessed/TAMU_UTEP_11-02-2013.xml
Processing ../TAMU/Football_Preprocessed/TA_NU_10-26-2002.xml
Completed Processing ../TAMU/Football_Preprocessed/TA_NU_10-26-2002.xml
Processing ../TAMU/Football_Preprocessed/TAMU_OU_11-06-2010.xml
Completed Processing ../TAMU/Football_Preprocessed/TAMU_OU_11-06-2010.xml
Processing ../TAMU/Football_Preprocessed/AU_TAMU_10-27-2012.xml
Completed Processing ../TAMU/Football_Preprocessed/AU_TAMU_10-27-2012.xml
Processing ../TAMU/Football_Preprocessed/UM_TAMU_10-12-2013.xml
Completed Processing ../TAMU/Football_Preprocessed/UM_TAMU_10-12-2013.xml
Processing ../TAMU/Football_Preprocessed/TAMU_SCSU_09-22-2012.xml
Completed Processing ../TAMU/Football_Preprocessed/TAMU_SCSU_09-22-2012.xml
Processing ../TAMU/Football_Preprocessed/TA_TENN_01-01-2005.xml
Completed Processing ../TAMU/Football_Preprocessed/TA_TENN_01-01-2005.xml
Processing ../TAMU/Football_Preprocessed/TAMU_UCLA_09-03-2016.xml
Completed Processing ../TAMU/Football_Preprocessed/TAMU_UCLA_09-03-2016.xml
Processing ../TAMU/Football_Preprocessed/OS_TA_11-04-2000.xml
Completed Processing ../TAMU/Football_Preprocessed/OS_TA_11-04-2000.xml
Processing ../TAMU/Football_Preprocessed/MS_TAMU_11-05-2016.xml
Completed Processing ../TAMU/Football_Preprocessed/MS_TAMU_11-05-2016.xml
Processing ../TAMU/Football_Preprocessed/TAMU_OM_10-11-2014.xml
Completed Processing ../TAMU/Football_Preprocessed/TAMU_OM_10-11-2014.xml
Processing ../TAMU/Football_Preprocessed/UGA_UA_01-08-2018.xml
Completed Processing ../TAMU/Football_Preprocessed/UGA_UA_01-08-2018.xml
Processing ../TAMU/Football_Preprocessed/TAMU_BU_11-21-2009.xml
Completed Processing ../TAMU/Football_Preprocessed/TAMU_BU_11-21-2009.xml
Processing ../TAMU/Football_Preprocessed/BU_TA_10-14-2000.xml
Completed Processing ../TAMU/Football_Preprocessed/BU_TA_10-14-2000.xml
Processing ../TAMU/Football_Preprocessed/TAMU_AR_09-27-2014.xml
Completed Processing ../TAMU/Football_Preprocessed/TAMU_AR_09-27-2014.xml
Processing ../TAMU/Football_Preprocessed/TAMU_MS_11-09-2013.xml
Completed Processing ../TAMU/Football_Preprocessed/TAMU_MS_11-09-2013.xml
Processing ../TAMU/Football_Preprocessed/BU_TAMU_11-15-2008.xml
Completed Processing ../TAMU/Football_Preprocessed/BU_TAMU_11-15-2008.xml
Processing ../TAMU/Football_Preprocessed/TAMU_LU_09-06-2014.xml
Completed Processing ../TAMU/Football_Preprocessed/TAMU_LU_09-06-2014.xml
Processing ../TAMU/Football_Preprocessed/KU_TAMU_10-23-2010.xml
Completed Processing ../TAMU/Football_Preprocessed/KU_TAMU_10-23-2010.xml
Processing ../TAMU/Football_Preprocessed/TA_CU_10-07-2000.xml
Completed Processing ../TAMU/Football_Preprocessed/TA_CU_10-07-2000.xml
Processing ../TAMU/Football_Preprocessed/WY_TA_09-06-2001.xml
Completed Processing ../TAMU/Football_Preprocessed/WY_TA_09-06-2001.xml
Processing ../TAMU/Football_Preprocessed/TAMU_MU_11-15-2014.xml
Completed Processing ../TAMU/Football_Preprocessed/TAMU_MU_11-15-2014.xml
Processing ../TAMU/Football_Preprocessed/TAMU_WCU_11-14-2015.xml
Completed Processing ../TAMU/Football_Preprocessed/TAMU_WCU_11-14-2015.xml
Processing ../TAMU/Football_Preprocessed/TAMU_LS_11-24-2016.xml
Completed Processing ../TAMU/Football_Preprocessed/TAMU_LS_11-24-2016.xml
Processing ../TAMU/Football_Preprocessed/UA_TAMU_11-10-2012.xml
Completed Processing ../TAMU/Football_Preprocessed/UA_TAMU_11-10-2012.xml
Processing ../TAMU/Football_Preprocessed/ISU_TAMU_10-25-2008.xml
Completed Processing ../TAMU/Football_Preprocessed/ISU_TAMU_10-25-2008.xml
Processing ../TAMU/Football_Preprocessed/TA_UT_11-25-2005.xml
Completed Processing ../TAMU/Football_Preprocessed/TA_UT_11-25-2005.xml
Processing ../TAMU/Football_Preprocessed/TA_VT_09-21-2002.xml
Completed Processing ../TAMU/Football_Preprocessed/TA_VT_09-21-2002.xml
Processing ../TAMU/Football_Preprocessed/KS_TAMU_12-28-2016.xml
Completed Processing ../TAMU/Football_Preprocessed/KS_TAMU_12-28-2016.xml
Processing ../TAMU/Football_Preprocessed/UNM_TAMU_09-06-2008.xml
Completed Processing ../TAMU/Football_Preprocessed/UNM_TAMU_09-06-2008.xml
Processing ../TAMU/Football_Preprocessed/TAMU_DU_12-31-2013.xml
Completed Processing ../TAMU/Football_Preprocessed/TAMU_DU_12-31-2013.xml
Processing ../TAMU/Football_Preprocessed/TAMU_UNM_09-05-2009.xml
Completed Processing ../TAMU/Football_Preprocessed/TAMU_UNM_09-05-2009.xml
Processing ../TAMU/Football_Preprocessed/NU_A&M_11-06-1999.xml
Code: 500 Text: {"errors":[{"code":"XMLParseError","title":"Error occured while parsing XML file","detail":"TypeError: Cannot read property '0' of undefined\n    at parseTotals (/var/app/current/server/build/src/lib/importer/statcrew/helpers/teamParser.js:101:33)\n    at Object.parseTeam (/var/app/current/server/build/src/lib/importer/statcrew/helpers/teamParser.js:17:20)\n    at Team.parse (/var/app/current/server/build/src/lib/importer/statcrew/football/team.js:157:40)\n    at FootballImporter.parse (/var/app/current/server/build/src/lib/importer/statcrew/football/footballImporter.js:78:29)\n    at Object.<anonymous> (/var/app/current/server/build/src/routes/api_v1/upload/game.route.js:53:25)\n    at next (native)\n    at fulfilled (/var/app/current/server/build/src/routes/api_v1/upload/game.route.js:4:58)"}]}
HTTP Error: {"errors":[{"code":"XMLParseError","title":"Error occured while parsing XML file","detail":"TypeError: Cannot read property '0' of undefined\n    at parseTotals (/var/app/current/server/build/src/lib/importer/statcrew/helpers/teamParser.js:101:33)\n    at Object.parseTeam (/var/app/current/server/build/src/lib/importer/statcrew/helpers/teamParser.js:17:20)\n    at Team.parse (/var/app/current/server/build/src/lib/importer/statcrew/football/team.js:157:40)\n    at FootballImporter.parse (/var/app/current/server/build/src/lib/importer/statcrew/football/footballImporter.js:78:29)\n    at Object.<anonymous> (/var/app/current/server/build/src/routes/api_v1/upload/game.route.js:53:25)\n    at next (native)\n    at fulfilled (/var/app/current/server/build/src/routes/api_v1/upload/game.route.js:4:58)"}]} 
Failed processing file: <../TAMU/Football_Preprocessed/NU_A&M_11-06-1999.xml>, Skipping the file.
Processing ../TAMU/Football_Preprocessed/CU_TA_10-13-2001.xml
Completed Processing ../TAMU/Football_Preprocessed/CU_TA_10-13-2001.xml
Processing ../TAMU/Football_Preprocessed/KSU_TA_10-20-2001.xml
Completed Processing ../TAMU/Football_Preprocessed/KSU_TA_10-20-2001.xml
Processing ../TAMU/Football_Preprocessed/TA_OU_11-11-2000.xml
Completed Processing ../TAMU/Football_Preprocessed/TA_OU_11-11-2000.xml
Processing ../TAMU/Football_Preprocessed/BU_TA_10-12-2002.xml
Completed Processing ../TAMU/Football_Preprocessed/BU_TA_10-12-2002.xml
Processing ../TAMU/Football_Preprocessed/OS_TA_10-21-2006.xml
Completed Processing ../TAMU/Football_Preprocessed/OS_TA_10-21-2006.xml
Processing ../TAMU/Football_Preprocessed/TT_TAMU_10-13-2007.xml
Completed Processing ../TAMU/Football_Preprocessed/TT_TAMU_10-13-2007.xml
Processing ../TAMU/Football_Preprocessed/AU_TAMU_09-17-2016.xml
Completed Processing ../TAMU/Football_Preprocessed/AU_TAMU_09-17-2016.xml
Processing ../TAMU/Football_Preprocessed/ALABAMA_BYU_09-05-1998.xml
Completed Processing ../TAMU/Football_Preprocessed/ALABAMA_BYU_09-05-1998.xml
Processing ../TAMU/Football_Preprocessed/TAMU_AU_11-07-2015.xml
Completed Processing ../TAMU/Football_Preprocessed/TAMU_AU_11-07-2015.xml
Processing ../TAMU/Football_Preprocessed/UT_TAMU_11-25-2010.xml
Completed Processing ../TAMU/Football_Preprocessed/UT_TAMU_11-25-2010.xml
Processing ../TAMU/Football_Preprocessed/TA_BU_10-01-2005.xml
Completed Processing ../TAMU/Football_Preprocessed/TA_BU_10-01-2005.xml
Processing ../TAMU/Football_Preprocessed/NU_TAMU_12-31-2011.xml
Completed Processing ../TAMU/Football_Preprocessed/NU_TAMU_12-31-2011.xml
Processing ../TAMU/Football_Preprocessed/TT_A&M_10-02-1999.xml
Code: 500 Text: {"errors":[{"code":"XMLParseError","title":"Error occured while parsing XML file","detail":"TypeError: Cannot read property '0' of undefined\n    at parseTotals (/var/app/current/server/build/src/lib/importer/statcrew/helpers/teamParser.js:101:33)\n    at Object.parseTeam (/var/app/current/server/build/src/lib/importer/statcrew/helpers/teamParser.js:17:20)\n    at Team.parse (/var/app/current/server/build/src/lib/importer/statcrew/football/team.js:157:40)\n    at FootballImporter.parse (/var/app/current/server/build/src/lib/importer/statcrew/football/footballImporter.js:78:29)\n    at Object.<anonymous> (/var/app/current/server/build/src/routes/api_v1/upload/game.route.js:53:25)\n    at next (native)\n    at fulfilled (/var/app/current/server/build/src/routes/api_v1/upload/game.route.js:4:58)"}]}
HTTP Error: {"errors":[{"code":"XMLParseError","title":"Error occured while parsing XML file","detail":"TypeError: Cannot read property '0' of undefined\n    at parseTotals (/var/app/current/server/build/src/lib/importer/statcrew/helpers/teamParser.js:101:33)\n    at Object.parseTeam (/var/app/current/server/build/src/lib/importer/statcrew/helpers/teamParser.js:17:20)\n    at Team.parse (/var/app/current/server/build/src/lib/importer/statcrew/football/team.js:157:40)\n    at FootballImporter.parse (/var/app/current/server/build/src/lib/importer/statcrew/football/footballImporter.js:78:29)\n    at Object.<anonymous> (/var/app/current/server/build/src/routes/api_v1/upload/game.route.js:53:25)\n    at next (native)\n    at fulfilled (/var/app/current/server/build/src/routes/api_v1/upload/game.route.js:4:58)"}]} 
Failed processing file: <../TAMU/Football_Preprocessed/TT_A&M_10-02-1999.xml>, Skipping the file.
Processing ../TAMU/Football_Preprocessed/TT_TA_11-03-2001.xml
Completed Processing ../TAMU/Football_Preprocessed/TT_TA_11-03-2001.xml
Processing ../TAMU/Football_Preprocessed/TA_PITT_09-27-2003.xml
Completed Processing ../TAMU/Football_Preprocessed/TA_PITT_09-27-2003.xml
Processing ../TAMU/Football_Preprocessed/TAMU_MU_11-24-2012.xml
Completed Processing ../TAMU/Football_Preprocessed/TAMU_MU_11-24-2012.xml
Processing ../TAMU/Football_Preprocessed/TAMU_SMU_09-21-2013.xml
Completed Processing ../TAMU/Football_Preprocessed/TAMU_SMU_09-21-2013.xml
Processing ../TAMU/Football_Preprocessed/TA_TTU_10-05-2002.xml
Completed Processing ../TAMU/Football_Preprocessed/TA_TTU_10-05-2002.xml
Processing ../TAMU/Football_Preprocessed/MS_UA_11-11-2017.xml
Completed Processing ../TAMU/Football_Preprocessed/MS_UA_11-11-2017.xml
Processing ../TAMU/Football_Preprocessed/OSU_TAMU_09-30-2010.xml
Completed Processing ../TAMU/Football_Preprocessed/OSU_TAMU_09-30-2010.xml
Processing ../TAMU/Football_Preprocessed/TA_BU_10-11-2003.xml
Completed Processing ../TAMU/Football_Preprocessed/TA_BU_10-11-2003.xml
Processing ../TAMU/Football_Preprocessed/A&M_KU_10-16-1999.xml
Code: 500 Text: {"errors":[{"code":"XMLParseError","title":"Error occured while parsing XML file","detail":"TypeError: Cannot read property '0' of undefined\n    at quarters.map (/var/app/current/server/build/src/lib/importer/statcrew/helpers/teamParser.js:603:34)\n    at Array.map (native)\n    at parseQuarterSummaries (/var/app/current/server/build/src/lib/importer/statcrew/helpers/teamParser.js:601:10)\n    at Object.parseTeam (/var/app/current/server/build/src/lib/importer/statcrew/helpers/teamParser.js:19:23)\n    at Team.parse (/var/app/current/server/build/src/lib/importer/statcrew/football/team.js:157:40)\n    at FootballImporter.parse (/var/app/current/server/build/src/lib/importer/statcrew/football/footballImporter.js:78:29)\n    at Object.<anonymous> (/var/app/current/server/build/src/routes/api_v1/upload/game.route.js:53:25)\n    at next (native)\n    at fulfilled (/var/app/current/server/build/src/routes/api_v1/upload/game.route.js:4:58)"}]}
HTTP Error: {"errors":[{"code":"XMLParseError","title":"Error occured while parsing XML file","detail":"TypeError: Cannot read property '0' of undefined\n    at quarters.map (/var/app/current/server/build/src/lib/importer/statcrew/helpers/teamParser.js:603:34)\n    at Array.map (native)\n    at parseQuarterSummaries (/var/app/current/server/build/src/lib/importer/statcrew/helpers/teamParser.js:601:10)\n    at Object.parseTeam (/var/app/current/server/build/src/lib/importer/statcrew/helpers/teamParser.js:19:23)\n    at Team.parse (/var/app/current/server/build/src/lib/importer/statcrew/football/team.js:157:40)\n    at FootballImporter.parse (/var/app/current/server/build/src/lib/importer/statcrew/football/footballImporter.js:78:29)\n    at Object.<anonymous> (/var/app/current/server/build/src/routes/api_v1/upload/game.route.js:53:25)\n    at next (native)\n    at fulfilled (/var/app/current/server/build/src/routes/api_v1/upload/game.route.js:4:58)"}]} 
Failed processing file: <../TAMU/Football_Preprocessed/A&M_KU_10-16-1999.xml>, Skipping the file.
Processing ../TAMU/Football_Preprocessed/TAMU_ULM_09-15-2007.xml
Completed Processing ../TAMU/Football_Preprocessed/TAMU_ULM_09-15-2007.xml
Processing ../TAMU/Football_Preprocessed/ALABAMA_REBELS_10-10-1998.xml
Completed Processing ../TAMU/Football_Preprocessed/ALABAMA_REBELS_10-10-1998.xml
Processing ../TAMU/Football_Preprocessed/BU_TA_10-30-2004.xml
Code: 500 Text: {"errors":[{"code":"XMLParseError","title":"Error occured while parsing XML file","detail":"TypeError: input.split is not a function\n    at new TokenParser (/var/app/current/server/build/src/lib/importer/statcrew/helpers/playTokenParser.js:17:28)\n    at Play.parse (/var/app/current/server/build/src/lib/importer/statcrew/football/play.js:286:29)\n    at quarter.play.map (/var/app/current/server/build/src/lib/importer/statcrew/football/play.js:346:18)\n    at Array.map (native)\n    at Object.parsePlays (/var/app/current/server/build/src/lib/importer/statcrew/football/play.js:344:41)\n    at FootballImporter.parse (/var/app/current/server/build/src/lib/importer/statcrew/football/footballImporter.js:58:29)\n    at Object.<anonymous> (/var/app/current/server/build/src/routes/api_v1/upload/game.route.js:53:25)\n    at next (native)\n    at fulfilled (/var/app/current/server/build/src/routes/api_v1/upload/game.route.js:4:58)"}]}
HTTP Error: {"errors":[{"code":"XMLParseError","title":"Error occured while parsing XML file","detail":"TypeError: input.split is not a function\n    at new TokenParser (/var/app/current/server/build/src/lib/importer/statcrew/helpers/playTokenParser.js:17:28)\n    at Play.parse (/var/app/current/server/build/src/lib/importer/statcrew/football/play.js:286:29)\n    at quarter.play.map (/var/app/current/server/build/src/lib/importer/statcrew/football/play.js:346:18)\n    at Array.map (native)\n    at Object.parsePlays (/var/app/current/server/build/src/lib/importer/statcrew/football/play.js:344:41)\n    at FootballImporter.parse (/var/app/current/server/build/src/lib/importer/statcrew/football/footballImporter.js:58:29)\n    at Object.<anonymous> (/var/app/current/server/build/src/routes/api_v1/upload/game.route.js:53:25)\n    at next (native)\n    at fulfilled (/var/app/current/server/build/src/routes/api_v1/upload/game.route.js:4:58)"}]} 
Failed processing file: <../TAMU/Football_Preprocessed/BU_TA_10-30-2004.xml>, Skipping the file.
Processing ../TAMU/Football_Preprocessed/TA_CIT_09-02-2006.xml
Completed Processing ../TAMU/Football_Preprocessed/TA_CIT_09-02-2006.xml
Processing ../TAMU/Football_Preprocessed/CU_UA_01-01-2018.xml
Completed Processing ../TAMU/Football_Preprocessed/CU_UA_01-01-2018.xml
Processing ../TAMU/Football_Preprocessed/A&M_PSU_12-28-1999.xml
Code: 500 Text: {"errors":[{"code":"XMLParseError","title":"Error occured while parsing XML file","detail":"TypeError: Cannot read property '0' of undefined\n    at quarters.map (/var/app/current/server/build/src/lib/importer/statcrew/helpers/teamParser.js:603:34)\n    at Array.map (native)\n    at parseQuarterSummaries (/var/app/current/server/build/src/lib/importer/statcrew/helpers/teamParser.js:601:10)\n    at Object.parseTeam (/var/app/current/server/build/src/lib/importer/statcrew/helpers/teamParser.js:19:23)\n    at Team.parse (/var/app/current/server/build/src/lib/importer/statcrew/football/team.js:157:40)\n    at FootballImporter.parse (/var/app/current/server/build/src/lib/importer/statcrew/football/footballImporter.js:78:29)\n    at Object.<anonymous> (/var/app/current/server/build/src/routes/api_v1/upload/game.route.js:53:25)\n    at next (native)\n    at fulfilled (/var/app/current/server/build/src/routes/api_v1/upload/game.route.js:4:58)"}]}
HTTP Error: {"errors":[{"code":"XMLParseError","title":"Error occured while parsing XML file","detail":"TypeError: Cannot read property '0' of undefined\n    at quarters.map (/var/app/current/server/build/src/lib/importer/statcrew/helpers/teamParser.js:603:34)\n    at Array.map (native)\n    at parseQuarterSummaries (/var/app/current/server/build/src/lib/importer/statcrew/helpers/teamParser.js:601:10)\n    at Object.parseTeam (/var/app/current/server/build/src/lib/importer/statcrew/helpers/teamParser.js:19:23)\n    at Team.parse (/var/app/current/server/build/src/lib/importer/statcrew/football/team.js:157:40)\n    at FootballImporter.parse (/var/app/current/server/build/src/lib/importer/statcrew/football/footballImporter.js:78:29)\n    at Object.<anonymous> (/var/app/current/server/build/src/routes/api_v1/upload/game.route.js:53:25)\n    at next (native)\n    at fulfilled (/var/app/current/server/build/src/routes/api_v1/upload/game.route.js:4:58)"}]} 
Failed processing file: <../TAMU/Football_Preprocessed/A&M_PSU_12-28-1999.xml>, Skipping the file.
Processing ../TAMU/Football_Preprocessed/A&M_UT_11-26-1999.xml
Code: 500 Text: {"errors":[{"code":"XMLParseError","title":"Error occured while parsing XML file","detail":"TypeError: Cannot read property '0' of undefined\n    at quarters.map (/var/app/current/server/build/src/lib/importer/statcrew/helpers/teamParser.js:603:34)\n    at Array.map (native)\n    at parseQuarterSummaries (/var/app/current/server/build/src/lib/importer/statcrew/helpers/teamParser.js:601:10)\n    at Object.parseTeam (/var/app/current/server/build/src/lib/importer/statcrew/helpers/teamParser.js:19:23)\n    at Team.parse (/var/app/current/server/build/src/lib/importer/statcrew/football/team.js:157:40)\n    at FootballImporter.parse (/var/app/current/server/build/src/lib/importer/statcrew/football/footballImporter.js:78:29)\n    at Object.<anonymous> (/var/app/current/server/build/src/routes/api_v1/upload/game.route.js:53:25)\n    at next (native)\n    at fulfilled (/var/app/current/server/build/src/routes/api_v1/upload/game.route.js:4:58)"}]}
HTTP Error: {"errors":[{"code":"XMLParseError","title":"Error occured while parsing XML file","detail":"TypeError: Cannot read property '0' of undefined\n    at quarters.map (/var/app/current/server/build/src/lib/importer/statcrew/helpers/teamParser.js:603:34)\n    at Array.map (native)\n    at parseQuarterSummaries (/var/app/current/server/build/src/lib/importer/statcrew/helpers/teamParser.js:601:10)\n    at Object.parseTeam (/var/app/current/server/build/src/lib/importer/statcrew/helpers/teamParser.js:19:23)\n    at Team.parse (/var/app/current/server/build/src/lib/importer/statcrew/football/team.js:157:40)\n    at FootballImporter.parse (/var/app/current/server/build/src/lib/importer/statcrew/football/footballImporter.js:78:29)\n    at Object.<anonymous> (/var/app/current/server/build/src/routes/api_v1/upload/game.route.js:53:25)\n    at next (native)\n    at fulfilled (/var/app/current/server/build/src/routes/api_v1/upload/game.route.js:4:58)"}]} 
Failed processing file: <../TAMU/Football_Preprocessed/A&M_UT_11-26-1999.xml>, Skipping the file.
Processing ../TAMU/Football_Preprocessed/TAMU_OM_11-12-2016.xml
Completed Processing ../TAMU/Football_Preprocessed/TAMU_OM_11-12-2016.xml
Processing ../TAMU/Football_Preprocessed/TAMU_UAB_09-26-2009.xml
Completed Processing ../TAMU/Football_Preprocessed/TAMU_UAB_09-26-2009.xml
Processing ../TAMU/Football_Preprocessed/TA_UTAH_09-06-2003.xml
Completed Processing ../TAMU/Football_Preprocessed/TA_UTAH_09-06-2003.xml
Processing ../TAMU/Football_Preprocessed/UT_TA_11-26-2004.xml
Completed Processing ../TAMU/Football_Preprocessed/UT_TA_11-26-2004.xml
Processing ../TAMU/Football_Preprocessed/TAMU_MU_10-29-2011.xml
Completed Processing ../TAMU/Football_Preprocessed/TAMU_MU_10-29-2011.xml
Processing ../TAMU/Football_Preprocessed/TAMU_OU_11-08-2008.xml
Completed Processing ../TAMU/Football_Preprocessed/TAMU_OU_11-08-2008.xml
Processing ../TAMU/Football_Preprocessed/TAMU_USU_09-19-2009.xml
Completed Processing ../TAMU/Football_Preprocessed/TAMU_USU_09-19-2009.xml
Processing ../TAMU/Football_Preprocessed/TAMU_ASU_09-05-2015.xml
Completed Processing ../TAMU/Football_Preprocessed/TAMU_ASU_09-05-2015.xml
Processing ../TAMU/Football_Preprocessed/TAMU_TT_10-18-2008.xml
Completed Processing ../TAMU/Football_Preprocessed/TAMU_TT_10-18-2008.xml
Processing ../TAMU/Football_Preprocessed/TA_OU_11-06-2004.xml
Completed Processing ../TAMU/Football_Preprocessed/TA_OU_11-06-2004.xml
Processing ../TAMU/Football_Preprocessed/UT_TAMU_11-27-2008.xml
Completed Processing ../TAMU/Football_Preprocessed/UT_TAMU_11-27-2008.xml
Processing ../TAMU/Football_Preprocessed/UA_AR_10-14-2017.xml
Completed Processing ../TAMU/Football_Preprocessed/UA_AR_10-14-2017.xml
Processing ../TAMU/Football_Preprocessed/OM_TAMU_10-24-2015.xml
Completed Processing ../TAMU/Football_Preprocessed/OM_TAMU_10-24-2015.xml
Processing ../TAMU/Football_Preprocessed/TAMU_LS_11-27-2014.xml
Completed Processing ../TAMU/Football_Preprocessed/TAMU_LS_11-27-2014.xml
Processing ../TAMU/Football_Preprocessed/TAMU_LSU_01-07-2011.xml
Completed Processing ../TAMU/Football_Preprocessed/TAMU_LSU_01-07-2011.xml
Processing ../TAMU/Football_Preprocessed/TAMU_OSU_10-06-2007.xml
Completed Processing ../TAMU/Football_Preprocessed/TAMU_OSU_10-06-2007.xml
Processing ../TAMU/Football_Preprocessed/TA_CU_10-23-2004.xml
Completed Processing ../TAMU/Football_Preprocessed/TA_CU_10-23-2004.xml
Processing ../TAMU/Football_Preprocessed/WVU_TAMU_12-29-2014.xml
Completed Processing ../TAMU/Football_Preprocessed/WVU_TAMU_12-29-2014.xml
Processing ../TAMU/Football_Preprocessed/CAL_TA_12-28-2006.xml
Completed Processing ../TAMU/Football_Preprocessed/CAL_TA_12-28-2006.xml
Processing ../TAMU/Football_Preprocessed/UA_MER_11-18-2017.xml
Completed Processing ../TAMU/Football_Preprocessed/UA_MER_11-18-2017.xml
Processing ../TAMU/Football_Preprocessed/AU_UA_11-25-2017.xml
Completed Processing ../TAMU/Football_Preprocessed/AU_UA_11-25-2017.xml
Processing ../TAMU/Football_Preprocessed/TA_KSU_10-02-2004.xml
Completed Processing ../TAMU/Football_Preprocessed/TA_KSU_10-02-2004.xml
Processing ../TAMU/Football_Preprocessed/ARMY_TA_09-16-2006.xml
Completed Processing ../TAMU/Football_Preprocessed/ARMY_TA_09-16-2006.xml
Processing ../TAMU/Football_Preprocessed/KS_TAMU_10-17-2009.xml
Completed Processing ../TAMU/Football_Preprocessed/KS_TAMU_10-17-2009.xml
Processing ../TAMU/Football_Preprocessed/TAMU_CU_11-01-2008.xml
Completed Processing ../TAMU/Football_Preprocessed/TAMU_CU_11-01-2008.xml
Processing ../TAMU/Football_Preprocessed/OS_TA_11-02-2002.xml
Completed Processing ../TAMU/Football_Preprocessed/OS_TA_11-02-2002.xml
Processing ../TAMU/Football_Preprocessed/IS_TA_10-21-2000.xml
Completed Processing ../TAMU/Football_Preprocessed/IS_TA_10-21-2000.xml
Processing ../TAMU/Football_Preprocessed/TAMU_ULM_11-01-2014.xml
Completed Processing ../TAMU/Football_Preprocessed/TAMU_ULM_11-01-2014.xml
Processing ../TAMU/Football_Preprocessed/TAMU_RICE_09-13-2014.xml
Completed Processing ../TAMU/Football_Preprocessed/TAMU_RICE_09-13-2014.xml
Processing ../TAMU/Football_Preprocessed/TA_ASU_08-30-2003.xml
Completed Processing ../TAMU/Football_Preprocessed/TA_ASU_08-30-2003.xml
Processing ../TAMU/Football_Preprocessed/BU_TAMU_11-13-2010.xml
Completed Processing ../TAMU/Football_Preprocessed/BU_TAMU_11-13-2010.xml
Processing ../TAMU/Football_Preprocessed/TAMU_UF_09-08-2012.xml
Completed Processing ../TAMU/Football_Preprocessed/TAMU_UF_09-08-2012.xml
Processing ../TAMU/Football_Preprocessed/TA_OS_10-15-2005.xml
Completed Processing ../TAMU/Football_Preprocessed/TA_OS_10-15-2005.xml
Processing ../TAMU/Football_Preprocessed/UA_OM_09-30-2017.xml
Completed Processing ../TAMU/Football_Preprocessed/UA_OM_09-30-2017.xml
Processing ../TAMU/Football_Preprocessed/TA_CLEM_09-18-2004.xml
Completed Processing ../TAMU/Football_Preprocessed/TA_CLEM_09-18-2004.xml
Processing ../TAMU/Football_Preprocessed/OU_TA_11-12-2005.xml
Completed Processing ../TAMU/Football_Preprocessed/OU_TA_11-12-2005.xml
Processing ../TAMU/Football_Preprocessed/ND_TA_09-02-2000.xml
Completed Processing ../TAMU/Football_Preprocessed/ND_TA_09-02-2000.xml
Processing ../TAMU/Football_Preprocessed/TA_TCU_12-28-2001.xml
Completed Processing ../TAMU/Football_Preprocessed/TA_TCU_12-28-2001.xml
Processing ../TAMU/Football_Preprocessed/ISU_TA_10-09-2004.xml
Completed Processing ../TAMU/Football_Preprocessed/ISU_TA_10-09-2004.xml
Processing ../TAMU/Football_Preprocessed/TA_UL_09-09-2006.xml
Completed Processing ../TAMU/Football_Preprocessed/TA_UL_09-09-2006.xml
Processing ../TAMU/Football_Preprocessed/TAMU_UT_11-23-2007.xml
Completed Processing ../TAMU/Football_Preprocessed/TAMU_UT_11-23-2007.xml
Processing ../TAMU/Football_Preprocessed/TAMU_KU_10-27-2007.xml
Completed Processing ../TAMU/Football_Preprocessed/TAMU_KU_10-27-2007.xml
Processing ../TAMU/Football_Preprocessed/A&M_OSU_10-30-1999.xml
Code: 500 Text: {"errors":[{"code":"XMLParseError","title":"Error occured while parsing XML file","detail":"TypeError: Cannot read property '0' of undefined\n    at quarters.map (/var/app/current/server/build/src/lib/importer/statcrew/helpers/teamParser.js:603:34)\n    at Array.map (native)\n    at parseQuarterSummaries (/var/app/current/server/build/src/lib/importer/statcrew/helpers/teamParser.js:601:10)\n    at Object.parseTeam (/var/app/current/server/build/src/lib/importer/statcrew/helpers/teamParser.js:19:23)\n    at Team.parse (/var/app/current/server/build/src/lib/importer/statcrew/football/team.js:157:40)\n    at FootballImporter.parse (/var/app/current/server/build/src/lib/importer/statcrew/football/footballImporter.js:78:29)\n    at Object.<anonymous> (/var/app/current/server/build/src/routes/api_v1/upload/game.route.js:53:25)\n    at next (native)\n    at fulfilled (/var/app/current/server/build/src/routes/api_v1/upload/game.route.js:4:58)"}]}
HTTP Error: {"errors":[{"code":"XMLParseError","title":"Error occured while parsing XML file","detail":"TypeError: Cannot read property '0' of undefined\n    at quarters.map (/var/app/current/server/build/src/lib/importer/statcrew/helpers/teamParser.js:603:34)\n    at Array.map (native)\n    at parseQuarterSummaries (/var/app/current/server/build/src/lib/importer/statcrew/helpers/teamParser.js:601:10)\n    at Object.parseTeam (/var/app/current/server/build/src/lib/importer/statcrew/helpers/teamParser.js:19:23)\n    at Team.parse (/var/app/current/server/build/src/lib/importer/statcrew/football/team.js:157:40)\n    at FootballImporter.parse (/var/app/current/server/build/src/lib/importer/statcrew/football/footballImporter.js:78:29)\n    at Object.<anonymous> (/var/app/current/server/build/src/routes/api_v1/upload/game.route.js:53:25)\n    at next (native)\n    at fulfilled (/var/app/current/server/build/src/routes/api_v1/upload/game.route.js:4:58)"}]} 
Failed processing file: <../TAMU/Football_Preprocessed/A&M_OSU_10-30-1999.xml>, Skipping the file.
Processing ../TAMU/Football_Preprocessed/A&M_TULSA_09-18-1999.xml
Code: 500 Text: {"errors":[{"code":"XMLParseError","title":"Error occured while parsing XML file","detail":"TypeError: Cannot read property '0' of undefined\n    at quarters.map (/var/app/current/server/build/src/lib/importer/statcrew/helpers/teamParser.js:603:34)\n    at Array.map (native)\n    at parseQuarterSummaries (/var/app/current/server/build/src/lib/importer/statcrew/helpers/teamParser.js:601:10)\n    at Object.parseTeam (/var/app/current/server/build/src/lib/importer/statcrew/helpers/teamParser.js:19:23)\n    at Team.parse (/var/app/current/server/build/src/lib/importer/statcrew/football/team.js:157:40)\n    at FootballImporter.parse (/var/app/current/server/build/src/lib/importer/statcrew/football/footballImporter.js:78:29)\n    at Object.<anonymous> (/var/app/current/server/build/src/routes/api_v1/upload/game.route.js:53:25)\n    at next (native)\n    at fulfilled (/var/app/current/server/build/src/routes/api_v1/upload/game.route.js:4:58)"}]}
HTTP Error: {"errors":[{"code":"XMLParseError","title":"Error occured while parsing XML file","detail":"TypeError: Cannot read property '0' of undefined\n    at quarters.map (/var/app/current/server/build/src/lib/importer/statcrew/helpers/teamParser.js:603:34)\n    at Array.map (native)\n    at parseQuarterSummaries (/var/app/current/server/build/src/lib/importer/statcrew/helpers/teamParser.js:601:10)\n    at Object.parseTeam (/var/app/current/server/build/src/lib/importer/statcrew/helpers/teamParser.js:19:23)\n    at Team.parse (/var/app/current/server/build/src/lib/importer/statcrew/football/team.js:157:40)\n    at FootballImporter.parse (/var/app/current/server/build/src/lib/importer/statcrew/football/footballImporter.js:78:29)\n    at Object.<anonymous> (/var/app/current/server/build/src/routes/api_v1/upload/game.route.js:53:25)\n    at next (native)\n    at fulfilled (/var/app/current/server/build/src/routes/api_v1/upload/game.route.js:4:58)"}]} 
Failed processing file: <../TAMU/Football_Preprocessed/A&M_TULSA_09-18-1999.xml>, Skipping the file.
Processing ../TAMU/Football_Preprocessed/TAMU_AR_09-24-2016.xml
Completed Processing ../TAMU/Football_Preprocessed/TAMU_AR_09-24-2016.xml
Processing ../TAMU/Football_Preprocessed/TA_NU_11-11-2006.xml
Completed Processing ../TAMU/Football_Preprocessed/TA_NU_11-11-2006.xml
Processing ../TAMU/Football_Preprocessed/PIT_TA_09-07-2002.xml
Completed Processing ../TAMU/Football_Preprocessed/PIT_TA_09-07-2002.xml
