Processing ../UA/Football_Preprocessed/ARK_ALABAMA_09-25-2004.xml
Completed Processing ../UA/Football_Preprocessed/ARK_ALABAMA_09-25-2004.xml
Processing ../UA/Football_Preprocessed/UT_ALABAMA_10-26-2002.xml
Completed Processing ../UA/Football_Preprocessed/UT_ALABAMA_10-26-2002.xml
Processing ../UA/Football_Preprocessed/CU_UA_01-11-2016.xml
Completed Processing ../UA/Football_Preprocessed/CU_UA_01-11-2016.xml
Processing ../UA/Football_Preprocessed/ALABAMA_NIU_09-20-2003.xml
Completed Processing ../UA/Football_Preprocessed/ALABAMA_NIU_09-20-2003.xml
Processing ../UA/Football_Preprocessed/UA_CS_09-21-2013.xml
Completed Processing ../UA/Football_Preprocessed/UA_CS_09-21-2013.xml
Processing ../UA/Football_Preprocessed/UA_TAMU_10-22-2016.xml
Completed Processing ../UA/Football_Preprocessed/UA_TAMU_10-22-2016.xml
Processing ../UA/Football_Preprocessed/VU_ALABAMA_11-02-2002.xml
Completed Processing ../UA/Football_Preprocessed/VU_ALABAMA_11-02-2002.xml
Processing ../UA/Football_Preprocessed/ALABAMA_MSU_11-10-2001.xml
Completed Processing ../UA/Football_Preprocessed/ALABAMA_MSU_11-10-2001.xml
Processing ../UA/Football_Preprocessed/ARK_ALABAMA_09-26-1998.xml
Completed Processing ../UA/Football_Preprocessed/ARK_ALABAMA_09-26-1998.xml
Processing ../UA/Football_Preprocessed/ALABAMA_UTEP_10-06-2001.xml
Completed Processing ../UA/Football_Preprocessed/ALABAMA_UTEP_10-06-2001.xml
Processing ../UA/Football_Preprocessed/UA_UTC_11-23-2013.xml
Completed Processing ../UA/Football_Preprocessed/UA_UTC_11-23-2013.xml
Processing ../UA/Football_Preprocessed/UK_ALABAMA_10-09-2004.xml
Completed Processing ../UA/Football_Preprocessed/UK_ALABAMA_10-09-2004.xml
Processing ../UA/Football_Preprocessed/ALABAMA_USM_11-29-2001.xml
Completed Processing ../UA/Football_Preprocessed/ALABAMA_USM_11-29-2001.xml
Processing ../UA/Football_Preprocessed/ALABAMA_TECH_01-02-2006.xml
Completed Processing ../UA/Football_Preprocessed/ALABAMA_TECH_01-02-2006.xml
Processing ../UA/Football_Preprocessed/LSU_ALABAMA_11-16-2002.xml
Completed Processing ../UA/Football_Preprocessed/LSU_ALABAMA_11-16-2002.xml
Processing ../UA/Football_Preprocessed/TAMU_UA_09-14-2013.xml
Completed Processing ../UA/Football_Preprocessed/TAMU_UA_09-14-2013.xml
Processing ../UA/Football_Preprocessed/UA_UF_10-02-2010.xml
Completed Processing ../UA/Football_Preprocessed/UA_UF_10-02-2010.xml
Processing ../UA/Football_Preprocessed/UA_UGA_09-22-2007.xml
Completed Processing ../UA/Football_Preprocessed/UA_UGA_09-22-2007.xml
Processing ../UA/Football_Preprocessed/OM_UA_09-17-2016.xml
Completed Processing ../UA/Football_Preprocessed/OM_UA_09-17-2016.xml
Processing ../UA/Football_Preprocessed/UM_ALABAMA_10-18-2003.xml
Completed Processing ../UA/Football_Preprocessed/UM_ALABAMA_10-18-2003.xml
Processing ../UA/Football_Preprocessed/ALABAMA_USU_09-04-2004.xml
Completed Processing ../UA/Football_Preprocessed/ALABAMA_USU_09-04-2004.xml
Processing ../UA/Football_Preprocessed/UT_UA_10-25-2014.xml
Completed Processing ../UA/Football_Preprocessed/UT_UA_10-25-2014.xml
Processing ../UA/Football_Preprocessed/ALABAMA_UM_09-11-2004.xml
Completed Processing ../UA/Football_Preprocessed/ALABAMA_UM_09-11-2004.xml
Processing ../UA/Football_Preprocessed/ALABAMA_ARK_09-24-2005.xml
Completed Processing ../UA/Football_Preprocessed/ALABAMA_ARK_09-24-2005.xml
Processing ../UA/Football_Preprocessed/UM_UA_10-13-2007.xml
Completed Processing ../UA/Football_Preprocessed/UM_UA_10-13-2007.xml
Processing ../UA/Football_Preprocessed/ALABAMA_ULM_09-16-2006.xml
Completed Processing ../UA/Football_Preprocessed/ALABAMA_ULM_09-16-2006.xml
Processing ../UA/Football_Preprocessed/AU_UA_11-27-2009.xml
Completed Processing ../UA/Football_Preprocessed/AU_UA_11-27-2009.xml
Processing ../UA/Football_Preprocessed/ALABAMA_VOLS_10-23-1999.xml
Completed Processing ../UA/Football_Preprocessed/ALABAMA_VOLS_10-23-1999.xml
Processing ../UA/Football_Preprocessed/UA_AR_09-26-2009.xml
Completed Processing ../UA/Football_Preprocessed/UA_AR_09-26-2009.xml
Processing ../UA/Football_Preprocessed/UA_CSU_11-21-2015.xml
Completed Processing ../UA/Football_Preprocessed/UA_CSU_11-21-2015.xml
Processing ../UA/Football_Preprocessed/SC_UA_10-09-2010.xml
Completed Processing ../UA/Football_Preprocessed/SC_UA_10-09-2010.xml
Processing ../UA/Football_Preprocessed/UA_UF_12-05-2009.xml
Completed Processing ../UA/Football_Preprocessed/UA_UF_12-05-2009.xml
Processing ../UA/Football_Preprocessed/TAMU_UA_10-17-2015.xml
Completed Processing ../UA/Football_Preprocessed/TAMU_UA_10-17-2015.xml
Processing ../UA/Football_Preprocessed/MISS_ALABAMA_10-13-2001.xml
Completed Processing ../UA/Football_Preprocessed/MISS_ALABAMA_10-13-2001.xml
Processing ../UA/Football_Preprocessed/UA_AU_11-29-2014.xml
Completed Processing ../UA/Football_Preprocessed/UA_AU_11-29-2014.xml
Processing ../UA/Football_Preprocessed/LS_UA_11-03-2012.xml
Completed Processing ../UA/Football_Preprocessed/LS_UA_11-03-2012.xml
Processing ../UA/Football_Preprocessed/ALABAMA_USM_10-11-2003.xml
Completed Processing ../UA/Football_Preprocessed/ALABAMA_USM_10-11-2003.xml
Processing ../UA/Football_Preprocessed/LSU_UA_11-08-2014.xml
Completed Processing ../UA/Football_Preprocessed/LSU_UA_11-08-2014.xml
Processing ../UA/Football_Preprocessed/CU_UA_12-30-2007.xml
Completed Processing ../UA/Football_Preprocessed/CU_UA_12-30-2007.xml
Processing ../UA/Football_Preprocessed/UA_UM_09-28-2013.xml
Completed Processing ../UA/Football_Preprocessed/UA_UM_09-28-2013.xml
Processing ../UA/Football_Preprocessed/UA_FIU_09-12-2009.xml
Completed Processing ../UA/Football_Preprocessed/UA_FIU_09-12-2009.xml
Processing ../UA/Football_Preprocessed/ALABAMA_TECH_09-18-1999.xml
Completed Processing ../UA/Football_Preprocessed/ALABAMA_TECH_09-18-1999.xml
Processing ../UA/Football_Preprocessed/MINN_ALABAMA_12-31-2004.xml
Completed Processing ../UA/Football_Preprocessed/MINN_ALABAMA_12-31-2004.xml
Processing ../UA/Football_Preprocessed/VT_UA_09-05-2009.xml
Completed Processing ../UA/Football_Preprocessed/VT_UA_09-05-2009.xml
Processing ../UA/Football_Preprocessed/ALABAMA_AU_11-20-2004.xml
Completed Processing ../UA/Football_Preprocessed/ALABAMA_AU_11-20-2004.xml
Processing ../UA/Football_Preprocessed/ALABAMA_VOLS_10-20-2001.xml
Completed Processing ../UA/Football_Preprocessed/ALABAMA_VOLS_10-20-2001.xml
Processing ../UA/Football_Preprocessed/AU_UA_11-24-2007.xml
Completed Processing ../UA/Football_Preprocessed/AU_UA_11-24-2007.xml
Processing ../UA/Football_Preprocessed/UA_UT_10-20-2007.xml
Completed Processing ../UA/Football_Preprocessed/UA_UT_10-20-2007.xml
Processing ../UA/Football_Preprocessed/LSU_UA_11-08-2008.xml
Completed Processing ../UA/Football_Preprocessed/LSU_UA_11-08-2008.xml
Processing ../UA/Football_Preprocessed/UM_ALABAMA_10-15-2005.xml
Completed Processing ../UA/Football_Preprocessed/UM_ALABAMA_10-15-2005.xml
Processing ../UA/Football_Preprocessed/ALABAMA_MISS_10-14-2000.xml
Completed Processing ../UA/Football_Preprocessed/ALABAMA_MISS_10-14-2000.xml
Processing ../UA/Football_Preprocessed/ALABAMA_FLORIDA_12-04-1999.xml
Completed Processing ../UA/Football_Preprocessed/ALABAMA_FLORIDA_12-04-1999.xml
Processing ../UA/Football_Preprocessed/UA_MS_11-12-2016.xml
Completed Processing ../UA/Football_Preprocessed/UA_MS_11-12-2016.xml
Processing ../UA/Football_Preprocessed/AUBURN_ALABAMA_11-20-1999.xml
Completed Processing ../UA/Football_Preprocessed/AUBURN_ALABAMA_11-20-1999.xml
Processing ../UA/Football_Preprocessed/UT_UA_10-20-2012.xml
Completed Processing ../UA/Football_Preprocessed/UT_UA_10-20-2012.xml
Processing ../UA/Football_Preprocessed/MSU_ALABAMA_11-11-2000.xml
Completed Processing ../UA/Football_Preprocessed/MSU_ALABAMA_11-11-2000.xml
Processing ../UA/Football_Preprocessed/UA_LS_11-09-2013.xml
Completed Processing ../UA/Football_Preprocessed/UA_LS_11-09-2013.xml
Processing ../UA/Football_Preprocessed/ARK_ALABAMA_09-23-2000.xml
Completed Processing ../UA/Football_Preprocessed/ARK_ALABAMA_09-23-2000.xml
Processing ../UA/Football_Preprocessed/UA_USM_09-13-2014.xml
Completed Processing ../UA/Football_Preprocessed/UA_USM_09-13-2014.xml
Processing ../UA/Football_Preprocessed/UA_AR_10-19-2013.xml
Completed Processing ../UA/Football_Preprocessed/UA_AR_10-19-2013.xml
Processing ../UA/Football_Preprocessed/MU_UA_10-13-2012.xml
Completed Processing ../UA/Football_Preprocessed/MU_UA_10-13-2012.xml
Processing ../UA/Football_Preprocessed/AU_UA_11-30-2013.xml
Completed Processing ../UA/Football_Preprocessed/AU_UA_11-30-2013.xml
Processing ../UA/Football_Preprocessed/ALABAMA_LSU_11-15-2003.xml
Completed Processing ../UA/Football_Preprocessed/ALABAMA_LSU_11-15-2003.xml
Processing ../UA/Football_Preprocessed/LS_UA_11-05-2016.xml
Completed Processing ../UA/Football_Preprocessed/LS_UA_11-05-2016.xml
Processing ../UA/Football_Preprocessed/FLORIDA_ALABAMA_10-02-1999.xml
Code: 500 Text: {"errors":[{"code":"XMLParseError","title":"Error occured while parsing XML file","detail":"TypeError: Cannot read property '0' of undefined\n    at quarters.map (/var/app/current/server/build/src/lib/importer/statcrew/helpers/teamParser.js:603:34)\n    at Array.map (native)\n    at parseQuarterSummaries (/var/app/current/server/build/src/lib/importer/statcrew/helpers/teamParser.js:601:10)\n    at Object.parseTeam (/var/app/current/server/build/src/lib/importer/statcrew/helpers/teamParser.js:19:23)\n    at Team.parse (/var/app/current/server/build/src/lib/importer/statcrew/football/team.js:157:40)\n    at FootballImporter.parse (/var/app/current/server/build/src/lib/importer/statcrew/football/footballImporter.js:78:29)\n    at Object.<anonymous> (/var/app/current/server/build/src/routes/api_v1/upload/game.route.js:53:25)\n    at next (native)\n    at fulfilled (/var/app/current/server/build/src/routes/api_v1/upload/game.route.js:4:58)"}]}
HTTP Error: {"errors":[{"code":"XMLParseError","title":"Error occured while parsing XML file","detail":"TypeError: Cannot read property '0' of undefined\n    at quarters.map (/var/app/current/server/build/src/lib/importer/statcrew/helpers/teamParser.js:603:34)\n    at Array.map (native)\n    at parseQuarterSummaries (/var/app/current/server/build/src/lib/importer/statcrew/helpers/teamParser.js:601:10)\n    at Object.parseTeam (/var/app/current/server/build/src/lib/importer/statcrew/helpers/teamParser.js:19:23)\n    at Team.parse (/var/app/current/server/build/src/lib/importer/statcrew/football/team.js:157:40)\n    at FootballImporter.parse (/var/app/current/server/build/src/lib/importer/statcrew/football/footballImporter.js:78:29)\n    at Object.<anonymous> (/var/app/current/server/build/src/routes/api_v1/upload/game.route.js:53:25)\n    at next (native)\n    at fulfilled (/var/app/current/server/build/src/routes/api_v1/upload/game.route.js:4:58)"}]} 
Failed processing file: <../UA/Football_Preprocessed/FLORIDA_ALABAMA_10-02-1999.xml>, Skipping the file.
Processing ../UA/Football_Preprocessed/AU_ALABAMA_11-22-2003.xml
Completed Processing ../UA/Football_Preprocessed/AU_ALABAMA_11-22-2003.xml
Processing ../UA/Football_Preprocessed/ALABAMA_UNT_09-14-2002.xml
Completed Processing ../UA/Football_Preprocessed/ALABAMA_UNT_09-14-2002.xml
Processing ../UA/Football_Preprocessed/ALABAMA_UF_10-01-2005.xml
Completed Processing ../UA/Football_Preprocessed/ALABAMA_UF_10-01-2005.xml
Processing ../UA/Football_Preprocessed/UA_TAMU_10-18-2014.xml
Completed Processing ../UA/Football_Preprocessed/UA_TAMU_10-18-2014.xml
Processing ../UA/Football_Preprocessed/UA_UM_10-16-2010.xml
Completed Processing ../UA/Football_Preprocessed/UA_UM_10-16-2010.xml
Processing ../UA/Football_Preprocessed/UA_UF_09-20-2014.xml
Completed Processing ../UA/Football_Preprocessed/UA_UF_09-20-2014.xml
Processing ../UA/Football_Preprocessed/UA_MS_11-15-2014.xml
Completed Processing ../UA/Football_Preprocessed/UA_MS_11-15-2014.xml
Processing ../UA/Football_Preprocessed/UGA_UA_10-03-2015.xml
Completed Processing ../UA/Football_Preprocessed/UGA_UA_10-03-2015.xml
Processing ../UA/Football_Preprocessed/AR_UA_09-25-2010.xml
Completed Processing ../UA/Football_Preprocessed/AR_UA_09-25-2010.xml
Processing ../UA/Football_Preprocessed/UCLA_ALABAMA_09-02-2000.xml
Completed Processing ../UA/Football_Preprocessed/UCLA_ALABAMA_09-02-2000.xml
Processing ../UA/Football_Preprocessed/MU_UA_12-06-2014.xml
Completed Processing ../UA/Football_Preprocessed/MU_UA_12-06-2014.xml
Processing ../UA/Football_Preprocessed/UA_WCU_11-17-2012.xml
Completed Processing ../UA/Football_Preprocessed/UA_WCU_11-17-2012.xml
Processing ../UA/Football_Preprocessed/ALABAMA_OU_09-06-2003.xml
Completed Processing ../UA/Football_Preprocessed/ALABAMA_OU_09-06-2003.xml
Processing ../UA/Football_Preprocessed/UF_ALABAMA_09-30-2006.xml
Completed Processing ../UA/Football_Preprocessed/UF_ALABAMA_09-30-2006.xml
Processing ../UA/Football_Preprocessed/UA_OU_01-02-2014.xml
Completed Processing ../UA/Football_Preprocessed/UA_OU_01-02-2014.xml
Processing ../UA/Football_Preprocessed/AR_UA_09-15-2012.xml
Completed Processing ../UA/Football_Preprocessed/AR_UA_09-15-2012.xml
Processing ../UA/Football_Preprocessed/ALABAMA_SC_10-02-2004.xml
Completed Processing ../UA/Football_Preprocessed/ALABAMA_SC_10-02-2004.xml
Processing ../UA/Football_Preprocessed/UA_MSU_12-31-2015.xml
Completed Processing ../UA/Football_Preprocessed/UA_MSU_12-31-2015.xml
Processing ../UA/Football_Preprocessed/UA_ULM_11-17-2007.xml
Completed Processing ../UA/Football_Preprocessed/UA_ULM_11-17-2007.xml
Processing ../UA/Football_Preprocessed/UA_LS_11-07-2015.xml
Completed Processing ../UA/Football_Preprocessed/UA_LS_11-07-2015.xml
Processing ../UA/Football_Preprocessed/ALABAMA_USU_10-29-2005.xml
Completed Processing ../UA/Football_Preprocessed/ALABAMA_USU_10-29-2005.xml
Processing ../UA/Football_Preprocessed/ALABAMA_UM_10-19-2002.xml
Completed Processing ../UA/Football_Preprocessed/ALABAMA_UM_10-19-2002.xml
Processing ../UA/Football_Preprocessed/UA_AU_11-29-2008.xml
Completed Processing ../UA/Football_Preprocessed/UA_AU_11-29-2008.xml
Processing ../UA/Football_Preprocessed/UA_GSU_10-05-2013.xml
Completed Processing ../UA/Football_Preprocessed/UA_GSU_10-05-2013.xml
Processing ../UA/Football_Preprocessed/ALABAMA_HOUSTON_09-11-1999.xml
Completed Processing ../UA/Football_Preprocessed/ALABAMA_HOUSTON_09-11-1999.xml
Processing ../UA/Football_Preprocessed/ALABAMA_MSU_11-09-2002.xml
Completed Processing ../UA/Football_Preprocessed/ALABAMA_MSU_11-09-2002.xml
Processing ../UA/Football_Preprocessed/UA_UM_10-18-2008.xml
Completed Processing ../UA/Football_Preprocessed/UA_UM_10-18-2008.xml
Processing ../UA/Football_Preprocessed/OU_ALABAMA_09-07-2002.xml
Completed Processing ../UA/Football_Preprocessed/OU_ALABAMA_09-07-2002.xml
Processing ../UA/Football_Preprocessed/ALABAMA_DUKE_10-07-2006.xml
Completed Processing ../UA/Football_Preprocessed/ALABAMA_DUKE_10-07-2006.xml
Processing ../UA/Football_Preprocessed/UA_WKU_09-13-2008.xml
Completed Processing ../UA/Football_Preprocessed/UA_WKU_09-13-2008.xml
Processing ../UA/Football_Preprocessed/ALABAMA_OKSTATE_12-28-2006.xml
Completed Processing ../UA/Football_Preprocessed/ALABAMA_OKSTATE_12-28-2006.xml
Processing ../UA/Football_Preprocessed/MSU_UA_11-10-2007.xml
Completed Processing ../UA/Football_Preprocessed/MSU_UA_11-10-2007.xml
Processing ../UA/Football_Preprocessed/UA_UU_01-02-2009.xml
Completed Processing ../UA/Football_Preprocessed/UA_UU_01-02-2009.xml
Processing ../UA/Football_Preprocessed/UA_AU_11-24-2012.xml
Completed Processing ../UA/Football_Preprocessed/UA_AU_11-24-2012.xml
Processing ../UA/Football_Preprocessed/OLEMISS_ALABAMA_10-16-1999.xml
Code: 500 Text: {"errors":[{"code":"XMLParseError","title":"Error occured while parsing XML file","detail":"TypeError: Cannot read property '0' of undefined\n    at quarters.map (/var/app/current/server/build/src/lib/importer/statcrew/helpers/teamParser.js:603:34)\n    at Array.map (native)\n    at parseQuarterSummaries (/var/app/current/server/build/src/lib/importer/statcrew/helpers/teamParser.js:601:10)\n    at Object.parseTeam (/var/app/current/server/build/src/lib/importer/statcrew/helpers/teamParser.js:19:23)\n    at Team.parse (/var/app/current/server/build/src/lib/importer/statcrew/football/team.js:157:40)\n    at FootballImporter.parse (/var/app/current/server/build/src/lib/importer/statcrew/football/footballImporter.js:78:29)\n    at Object.<anonymous> (/var/app/current/server/build/src/routes/api_v1/upload/game.route.js:53:25)\n    at next (native)\n    at fulfilled (/var/app/current/server/build/src/routes/api_v1/upload/game.route.js:4:58)"}]}
HTTP Error: {"errors":[{"code":"XMLParseError","title":"Error occured while parsing XML file","detail":"TypeError: Cannot read property '0' of undefined\n    at quarters.map (/var/app/current/server/build/src/lib/importer/statcrew/helpers/teamParser.js:603:34)\n    at Array.map (native)\n    at parseQuarterSummaries (/var/app/current/server/build/src/lib/importer/statcrew/helpers/teamParser.js:601:10)\n    at Object.parseTeam (/var/app/current/server/build/src/lib/importer/statcrew/helpers/teamParser.js:19:23)\n    at Team.parse (/var/app/current/server/build/src/lib/importer/statcrew/football/team.js:157:40)\n    at FootballImporter.parse (/var/app/current/server/build/src/lib/importer/statcrew/football/footballImporter.js:78:29)\n    at Object.<anonymous> (/var/app/current/server/build/src/routes/api_v1/upload/game.route.js:53:25)\n    at next (native)\n    at fulfilled (/var/app/current/server/build/src/routes/api_v1/upload/game.route.js:4:58)"}]} 
Failed processing file: <../UA/Football_Preprocessed/OLEMISS_ALABAMA_10-16-1999.xml>, Skipping the file.
Processing ../UA/Football_Preprocessed/HAWAII_ALABAMA_11-29-2003.xml
Code: 500 Text: {"errors":[{"code":"XMLParseError","title":"Error occured while parsing XML file","detail":"TypeError: Cannot read property '0' of undefined\n    at parseTotals (/var/app/current/server/build/src/lib/importer/statcrew/helpers/teamParser.js:101:33)\n    at Object.parseTeam (/var/app/current/server/build/src/lib/importer/statcrew/helpers/teamParser.js:17:20)\n    at Team.parse (/var/app/current/server/build/src/lib/importer/statcrew/football/team.js:157:40)\n    at FootballImporter.parse (/var/app/current/server/build/src/lib/importer/statcrew/football/footballImporter.js:78:29)\n    at Object.<anonymous> (/var/app/current/server/build/src/routes/api_v1/upload/game.route.js:53:25)\n    at next (native)\n    at fulfilled (/var/app/current/server/build/src/routes/api_v1/upload/game.route.js:4:58)"}]}
HTTP Error: {"errors":[{"code":"XMLParseError","title":"Error occured while parsing XML file","detail":"TypeError: Cannot read property '0' of undefined\n    at parseTotals (/var/app/current/server/build/src/lib/importer/statcrew/helpers/teamParser.js:101:33)\n    at Object.parseTeam (/var/app/current/server/build/src/lib/importer/statcrew/helpers/teamParser.js:17:20)\n    at Team.parse (/var/app/current/server/build/src/lib/importer/statcrew/football/team.js:157:40)\n    at FootballImporter.parse (/var/app/current/server/build/src/lib/importer/statcrew/football/footballImporter.js:78:29)\n    at Object.<anonymous> (/var/app/current/server/build/src/routes/api_v1/upload/game.route.js:53:25)\n    at next (native)\n    at fulfilled (/var/app/current/server/build/src/routes/api_v1/upload/game.route.js:4:58)"}]} 
Failed processing file: <../UA/Football_Preprocessed/HAWAII_ALABAMA_11-29-2003.xml>, Skipping the file.
Processing ../UA/Football_Preprocessed/UA_WIS_09-05-2015.xml
Completed Processing ../UA/Football_Preprocessed/UA_WIS_09-05-2015.xml
Processing ../UA/Football_Preprocessed/UA_NT_09-17-2011.xml
Completed Processing ../UA/Football_Preprocessed/UA_NT_09-17-2011.xml
Processing ../UA/Football_Preprocessed/LSU_ALABAMA_11-13-2004.xml
Completed Processing ../UA/Football_Preprocessed/LSU_ALABAMA_11-13-2004.xml
Processing ../UA/Football_Preprocessed/ALABAMA_ARK_09-22-2001.xml
Completed Processing ../UA/Football_Preprocessed/ALABAMA_ARK_09-22-2001.xml
Processing ../UA/Football_Preprocessed/AU_UA_11-28-2015.xml
Completed Processing ../UA/Football_Preprocessed/AU_UA_11-28-2015.xml
Processing ../UA/Football_Preprocessed/UA_FAU_09-22-2012.xml
Completed Processing ../UA/Football_Preprocessed/UA_FAU_09-22-2012.xml
Processing ../UA/Football_Preprocessed/MSU_ALABAMA_11-08-2003.xml
Completed Processing ../UA/Football_Preprocessed/MSU_ALABAMA_11-08-2003.xml
Processing ../UA/Football_Preprocessed/ALABAMA_MT_08-31-2002.xml
Completed Processing ../UA/Football_Preprocessed/ALABAMA_MT_08-31-2002.xml
Processing ../UA/Football_Preprocessed/UA_MICH_09-01-2012.xml
Completed Processing ../UA/Football_Preprocessed/UA_MICH_09-01-2012.xml
Processing ../UA/Football_Preprocessed/ALABAMA_AUBURN_11-21-1998.xml
Completed Processing ../UA/Football_Preprocessed/ALABAMA_AUBURN_11-21-1998.xml
Processing ../UA/Football_Preprocessed/UA_WCU_11-22-2014.xml
Completed Processing ../UA/Football_Preprocessed/UA_WCU_11-22-2014.xml
Processing ../UA/Football_Preprocessed/UT_UA_10-23-2010.xml
Completed Processing ../UA/Football_Preprocessed/UT_UA_10-23-2010.xml
Processing ../UA/Football_Preprocessed/MS_UA_11-14-2009.xml
Completed Processing ../UA/Football_Preprocessed/MS_UA_11-14-2009.xml
Processing ../UA/Football_Preprocessed/ALABAMA_FLORIDA_10-03-1998.xml
Completed Processing ../UA/Football_Preprocessed/ALABAMA_FLORIDA_10-03-1998.xml
Processing ../UA/Football_Preprocessed/UA_OM_09-19-2015.xml
Completed Processing ../UA/Football_Preprocessed/UA_OM_09-19-2015.xml
Processing ../UA/Football_Preprocessed/UA_SC_10-17-2009.xml
Completed Processing ../UA/Football_Preprocessed/UA_SC_10-17-2009.xml
Processing ../UA/Football_Preprocessed/ALABAMA_UH_09-02-2006.xml
Completed Processing ../UA/Football_Preprocessed/ALABAMA_UH_09-02-2006.xml
Processing ../UA/Football_Preprocessed/UA_UH_10-06-2007.xml
Completed Processing ../UA/Football_Preprocessed/UA_UH_10-06-2007.xml
Processing ../UA/Football_Preprocessed/UT_UA_10-25-2008.xml
Completed Processing ../UA/Football_Preprocessed/UT_UA_10-25-2008.xml
Processing ../UA/Football_Preprocessed/UK_UA_10-12-2013.xml
Completed Processing ../UA/Football_Preprocessed/UK_UA_10-12-2013.xml
Processing ../UA/Football_Preprocessed/ALABAMA_AUBURN_11-18-2000.xml
Completed Processing ../UA/Football_Preprocessed/ALABAMA_AUBURN_11-18-2000.xml
Processing ../UA/Football_Preprocessed/ALABAMA_VANDY_09-12-1998.xml
Completed Processing ../UA/Football_Preprocessed/ALABAMA_VANDY_09-12-1998.xml
Processing ../UA/Football_Preprocessed/ALABAMA_WCU_09-18-2004.xml
Completed Processing ../UA/Football_Preprocessed/ALABAMA_WCU_09-18-2004.xml
Processing ../UA/Football_Preprocessed/ALABAMA_MT_09-03-2005.xml
Completed Processing ../UA/Football_Preprocessed/ALABAMA_MT_09-03-2005.xml
Processing ../UA/Football_Preprocessed/ALABAMA_ECU_10-17-1998.xml
Completed Processing ../UA/Football_Preprocessed/ALABAMA_ECU_10-17-1998.xml
Processing ../UA/Football_Preprocessed/UA_MS_11-13-2010.xml
Completed Processing ../UA/Football_Preprocessed/UA_MS_11-13-2010.xml
Processing ../UA/Football_Preprocessed/ALABAMA_AU_11-17-2006.xml
Completed Processing ../UA/Football_Preprocessed/ALABAMA_AU_11-17-2006.xml
Processing ../UA/Football_Preprocessed/UM_UA_10-10-2009.xml
Completed Processing ../UA/Football_Preprocessed/UM_UA_10-10-2009.xml
Processing ../UA/Football_Preprocessed/ALABAMA_USM_09-10-2005.xml
Completed Processing ../UA/Football_Preprocessed/ALABAMA_USM_09-10-2005.xml
Processing ../UA/Football_Preprocessed/GA_UA_09-27-2008.xml
Completed Processing ../UA/Football_Preprocessed/GA_UA_09-27-2008.xml
Processing ../UA/Football_Preprocessed/ALABAMA_UT_10-22-2005.xml
Completed Processing ../UA/Football_Preprocessed/ALABAMA_UT_10-22-2005.xml
Processing ../UA/Football_Preprocessed/ARK_ALABAMA_09-23-2006.xml
Completed Processing ../UA/Football_Preprocessed/ARK_ALABAMA_09-23-2006.xml
Processing ../UA/Football_Preprocessed/ALABAMA_MSU_11-04-2006.xml
Completed Processing ../UA/Football_Preprocessed/ALABAMA_MSU_11-04-2006.xml
Processing ../UA/Football_Preprocessed/UA_USC_09-03-2016.xml
Completed Processing ../UA/Football_Preprocessed/UA_USC_09-03-2016.xml
Processing ../UA/Football_Preprocessed/UA_UM_09-29-2012.xml
Completed Processing ../UA/Football_Preprocessed/UA_UM_09-29-2012.xml
Processing ../UA/Football_Preprocessed/ALABAMA_ARKANSAS_09-25-1999.xml
Completed Processing ../UA/Football_Preprocessed/ALABAMA_ARKANSAS_09-25-1999.xml
Processing ../UA/Football_Preprocessed/USC_ALABAMA_09-17-2005.xml
Completed Processing ../UA/Football_Preprocessed/USC_ALABAMA_09-17-2005.xml
Processing ../UA/Football_Preprocessed/MS_UA_11-14-2015.xml
Completed Processing ../UA/Football_Preprocessed/MS_UA_11-14-2015.xml
Processing ../UA/Football_Preprocessed/UA_GSU_11-18-2010.xml
Completed Processing ../UA/Football_Preprocessed/UA_GSU_11-18-2010.xml
Processing ../UA/Football_Preprocessed/LSU_ALABAMA_11-11-2006.xml
Completed Processing ../UA/Football_Preprocessed/LSU_ALABAMA_11-11-2006.xml
Processing ../UA/Football_Preprocessed/LSU_UA_01-09-2012.xml
Completed Processing ../UA/Football_Preprocessed/LSU_UA_01-09-2012.xml
Processing ../UA/Football_Preprocessed/MSU_ALABAMA_11-14-1998.xml
Completed Processing ../UA/Football_Preprocessed/MSU_ALABAMA_11-14-1998.xml
Processing ../UA/Football_Preprocessed/UA_UTC_11-19-2016.xml
Completed Processing ../UA/Football_Preprocessed/UA_UTC_11-19-2016.xml
Processing ../UA/Football_Preprocessed/UA_KENT_09-24-2016.xml
Completed Processing ../UA/Football_Preprocessed/UA_KENT_09-24-2016.xml
Processing ../UA/Football_Preprocessed/AR_UA_09-20-2008.xml
Completed Processing ../UA/Football_Preprocessed/AR_UA_09-20-2008.xml
Processing ../UA/Football_Preprocessed/UA_AR_09-24-2011.xml
Completed Processing ../UA/Football_Preprocessed/UA_AR_09-24-2011.xml
Processing ../UA/Football_Preprocessed/ALABAMA_LSU_11-12-2005.xml
Completed Processing ../UA/Football_Preprocessed/ALABAMA_LSU_11-12-2005.xml
Processing ../UA/Football_Preprocessed/UA_UT_10-24-2015.xml
Completed Processing ../UA/Football_Preprocessed/UA_UT_10-24-2015.xml
Processing ../UA/Football_Preprocessed/ALABAMA_LSU_11-03-2001.xml
Completed Processing ../UA/Football_Preprocessed/ALABAMA_LSU_11-03-2001.xml
Processing ../UA/Football_Preprocessed/UA_WVU_08-30-2014.xml
Completed Processing ../UA/Football_Preprocessed/UA_WVU_08-30-2014.xml
Processing ../UA/Football_Preprocessed/AR_UA_10-08-2016.xml
Completed Processing ../UA/Football_Preprocessed/AR_UA_10-08-2016.xml
Processing ../UA/Football_Preprocessed/ALABAMA_USM_10-31-1998.xml
Completed Processing ../UA/Football_Preprocessed/ALABAMA_USM_10-31-1998.xml
Processing ../UA/Football_Preprocessed/MSU_ALABAMA_11-05-2005.xml
Completed Processing ../UA/Football_Preprocessed/MSU_ALABAMA_11-05-2005.xml
Processing ../UA/Football_Preprocessed/UA_MSU_11-15-2008.xml
Completed Processing ../UA/Football_Preprocessed/UA_MSU_11-15-2008.xml
Processing ../UA/Football_Preprocessed/UA_UK_10-04-2008.xml
Completed Processing ../UA/Football_Preprocessed/UA_UK_10-04-2008.xml
Processing ../UA/Football_Preprocessed/UA_WKU_09-08-2012.xml
Completed Processing ../UA/Football_Preprocessed/UA_WKU_09-08-2012.xml
Processing ../UA/Football_Preprocessed/UF_UA_12-06-2008.xml
Completed Processing ../UA/Football_Preprocessed/UF_UA_12-06-2008.xml
Processing ../UA/Football_Preprocessed/UA_AU_11-26-2016.xml
Completed Processing ../UA/Football_Preprocessed/UA_AU_11-26-2016.xml
Processing ../UA/Football_Preprocessed/ALABAMA_GEORGIA_10-05-2002.xml
Completed Processing ../UA/Football_Preprocessed/ALABAMA_GEORGIA_10-05-2002.xml
Processing ../UA/Football_Preprocessed/GEORGIA_ALABAMA_10-04-2003.xml
Completed Processing ../UA/Football_Preprocessed/GEORGIA_ALABAMA_10-04-2003.xml
Processing ../UA/Football_Preprocessed/PSU_UA_09-10-2011.xml
Completed Processing ../UA/Football_Preprocessed/PSU_UA_09-10-2011.xml
Processing ../UA/Football_Preprocessed/USC_ALABAMA_09-29-2001.xml
Completed Processing ../UA/Football_Preprocessed/USC_ALABAMA_09-29-2001.xml
Processing ../UA/Football_Preprocessed/VANDY_ALABAMA_09-08-2001.xml
Completed Processing ../UA/Football_Preprocessed/VANDY_ALABAMA_09-08-2001.xml
Processing ../UA/Football_Preprocessed/UA_TAMU_11-10-2012.xml
Completed Processing ../UA/Football_Preprocessed/UA_TAMU_11-10-2012.xml
Processing ../UA/Football_Preprocessed/ALABAMA_MSU_11-13-1999.xml
Completed Processing ../UA/Football_Preprocessed/ALABAMA_MSU_11-13-1999.xml
Processing ../UA/Football_Preprocessed/ALABAMA_UM_10-14-2006.xml
Completed Processing ../UA/Football_Preprocessed/ALABAMA_UM_10-14-2006.xml
Processing ../UA/Football_Preprocessed/UT_ALABAMA_10-21-2006.xml
Completed Processing ../UA/Football_Preprocessed/UT_ALABAMA_10-21-2006.xml
Processing ../UA/Football_Preprocessed/UA_SJSU_09-04-2010.xml
Completed Processing ../UA/Football_Preprocessed/UA_SJSU_09-04-2010.xml
Processing ../UA/Football_Preprocessed/UA_UK_10-01-2016.xml
Completed Processing ../UA/Football_Preprocessed/UA_UK_10-01-2016.xml
Processing ../UA/Football_Preprocessed/ALABAMA_LSU_11-06-1999.xml
Completed Processing ../UA/Football_Preprocessed/ALABAMA_LSU_11-06-1999.xml
Processing ../UA/Football_Preprocessed/UA_FAU_09-06-2014.xml
Completed Processing ../UA/Football_Preprocessed/UA_FAU_09-06-2014.xml
Processing ../UA/Football_Preprocessed/UA_KENT_09-03-2011.xml
Completed Processing ../UA/Football_Preprocessed/UA_KENT_09-03-2011.xml
Processing ../UA/Football_Preprocessed/LS_UA_11-06-2010.xml
Completed Processing ../UA/Football_Preprocessed/LS_UA_11-06-2010.xml
Processing ../UA/Football_Preprocessed/ALABAMA_VU_09-09-2006.xml
Completed Processing ../UA/Football_Preprocessed/ALABAMA_VU_09-09-2006.xml
Processing ../UA/Football_Preprocessed/ALABAMA_BYU_09-05-1998.xml
Completed Processing ../UA/Football_Preprocessed/ALABAMA_BYU_09-05-1998.xml
Processing ../UA/Football_Preprocessed/UA_WCU_09-01-2007.xml
Completed Processing ../UA/Football_Preprocessed/UA_WCU_09-01-2007.xml
Processing ../UA/Football_Preprocessed/CU_UA_08-30-2008.xml
Completed Processing ../UA/Football_Preprocessed/CU_UA_08-30-2008.xml
Processing ../UA/Football_Preprocessed/UA_AR_10-10-2015.xml
Completed Processing ../UA/Football_Preprocessed/UA_AR_10-10-2015.xml
Processing ../UA/Football_Preprocessed/ALABAMA_ARK_09-27-2003.xml
Completed Processing ../UA/Football_Preprocessed/ALABAMA_ARK_09-27-2003.xml
Processing ../UA/Football_Preprocessed/UA_PSU_09-11-2010.xml
Completed Processing ../UA/Football_Preprocessed/UA_PSU_09-11-2010.xml
Processing ../UA/Football_Preprocessed/UA_GSU_11-19-2011.xml
Completed Processing ../UA/Football_Preprocessed/UA_GSU_11-19-2011.xml
Processing ../UA/Football_Preprocessed/UA_MSU_10-27-2012.xml
Completed Processing ../UA/Football_Preprocessed/UA_MSU_10-27-2012.xml
Processing ../UA/Football_Preprocessed/UF_UA_10-01-2011.xml
Completed Processing ../UA/Football_Preprocessed/UF_UA_10-01-2011.xml
Processing ../UA/Football_Preprocessed/ARK_ALABAMA_09-28-2002.xml
Completed Processing ../UA/Football_Preprocessed/ARK_ALABAMA_09-28-2002.xml
Processing ../UA/Football_Preprocessed/DU_UA_09-18-2010.xml
Completed Processing ../UA/Football_Preprocessed/DU_UA_09-18-2010.xml
Processing ../UA/Football_Preprocessed/UA_UT_10-24-2009.xml
Completed Processing ../UA/Football_Preprocessed/UA_UT_10-24-2009.xml
Processing ../UA/Football_Preprocessed/UA_LSU_11-03-2007.xml
Completed Processing ../UA/Football_Preprocessed/UA_LSU_11-03-2007.xml
Processing ../UA/Football_Preprocessed/ALABAMA_VU_09-09-2000.xml
Completed Processing ../UA/Football_Preprocessed/ALABAMA_VU_09-09-2000.xml
Processing ../UA/Football_Preprocessed/UA_ASU_11-01-2008.xml
Completed Processing ../UA/Football_Preprocessed/UA_ASU_11-01-2008.xml
Processing ../UA/Football_Preprocessed/UA_UTC_11-21-2009.xml
Completed Processing ../UA/Football_Preprocessed/UA_UTC_11-21-2009.xml
Processing ../UA/Football_Preprocessed/MSU_UA_11-12-2011.xml
Completed Processing ../UA/Football_Preprocessed/MSU_UA_11-12-2011.xml
Processing ../UA/Football_Preprocessed/VANDY_ALABAMA_09-04-1999.xml
Completed Processing ../UA/Football_Preprocessed/VANDY_ALABAMA_09-04-1999.xml
Processing ../UA/Football_Preprocessed/VU_UA_09-08-2007.xml
Completed Processing ../UA/Football_Preprocessed/VU_UA_09-08-2007.xml
Processing ../UA/Football_Preprocessed/UT_UA_10-15-2016.xml
Completed Processing ../UA/Football_Preprocessed/UT_UA_10-15-2016.xml
Processing ../UA/Football_Preprocessed/ALABAMA_REBELS_10-10-1998.xml
Completed Processing ../UA/Football_Preprocessed/ALABAMA_REBELS_10-10-1998.xml
Processing ../UA/Football_Preprocessed/UA_ULM_09-26-2015.xml
Completed Processing ../UA/Football_Preprocessed/UA_ULM_09-26-2015.xml
Processing ../UA/Football_Preprocessed/ALABAMA_UCF_10-28-2000.xml
Completed Processing ../UA/Football_Preprocessed/ALABAMA_UCF_10-28-2000.xml
Processing ../UA/Football_Preprocessed/ALABAMA_MSU_11-06-2004.xml
Completed Processing ../UA/Football_Preprocessed/ALABAMA_MSU_11-06-2004.xml
Processing ../UA/Football_Preprocessed/UA_LSU_11-05-2011.xml
Completed Processing ../UA/Football_Preprocessed/UA_LSU_11-05-2011.xml
Processing ../UA/Football_Preprocessed/MSU_UA_01-01-2011.xml
Completed Processing ../UA/Football_Preprocessed/MSU_UA_01-01-2011.xml
Processing ../UA/Football_Preprocessed/UA_UT_10-22-2011.xml
Completed Processing ../UA/Football_Preprocessed/UA_UT_10-22-2011.xml
Processing ../UA/Football_Preprocessed/VT_UA_08-31-2013.xml
Completed Processing ../UA/Football_Preprocessed/VT_UA_08-31-2013.xml
Processing ../UA/Football_Preprocessed/ALABAMA_UCLA_09-01-2001.xml
Completed Processing ../UA/Football_Preprocessed/ALABAMA_UCLA_09-01-2001.xml
Processing ../UA/Football_Preprocessed/VOLS_ALABAMA_10-21-2000.xml
Completed Processing ../UA/Football_Preprocessed/VOLS_ALABAMA_10-21-2000.xml
Processing ../UA/Football_Preprocessed/UT_ALABAMA_10-23-2004.xml
Completed Processing ../UA/Football_Preprocessed/UT_ALABAMA_10-23-2004.xml
Processing ../UA/Football_Preprocessed/UK_UA_10-03-2009.xml
Completed Processing ../UA/Football_Preprocessed/UK_UA_10-03-2009.xml
Processing ../UA/Football_Preprocessed/ALABAMA_UT_10-25-2003.xml
Completed Processing ../UA/Football_Preprocessed/ALABAMA_UT_10-25-2003.xml
Processing ../UA/Football_Preprocessed/UA_TU_09-06-2008.xml
Completed Processing ../UA/Football_Preprocessed/UA_TU_09-06-2008.xml
Processing ../UA/Football_Preprocessed/UA_TX_01-07-2010.xml
Completed Processing ../UA/Football_Preprocessed/UA_TX_01-07-2010.xml
Processing ../UA/Football_Preprocessed/UM_UA_10-15-2011.xml
Completed Processing ../UA/Football_Preprocessed/UM_UA_10-15-2011.xml
Processing ../UA/Football_Preprocessed/LSU_ALABAMA_11-07-1998.xml
Completed Processing ../UA/Football_Preprocessed/LSU_ALABAMA_11-07-1998.xml
Processing ../UA/Football_Preprocessed/ALABAMA_USC_09-29-2000.xml
Completed Processing ../UA/Football_Preprocessed/ALABAMA_USC_09-29-2000.xml
Processing ../UA/Football_Preprocessed/FSU_UA_09-29-2007.xml
Completed Processing ../UA/Football_Preprocessed/FSU_UA_09-29-2007.xml
Processing ../UA/Football_Preprocessed/UA_UT_10-26-2013.xml
Completed Processing ../UA/Football_Preprocessed/UA_UT_10-26-2013.xml
Processing ../UA/Football_Preprocessed/UA_UNT_09-19-2009.xml
Completed Processing ../UA/Football_Preprocessed/UA_UNT_09-19-2009.xml
Processing ../UA/Football_Preprocessed/AU_UA_11-26-2011.xml
Completed Processing ../UA/Football_Preprocessed/AU_UA_11-26-2011.xml
Processing ../UA/Football_Preprocessed/ALABAMA_USM_10-30-1999.xml
Completed Processing ../UA/Football_Preprocessed/ALABAMA_USM_10-30-1999.xml
Processing ../UA/Football_Preprocessed/AR_UA_10-11-2014.xml
Completed Processing ../UA/Football_Preprocessed/AR_UA_10-11-2014.xml
Processing ../UA/Football_Preprocessed/ALABAMA_USM_09-21-2002.xml
Completed Processing ../UA/Football_Preprocessed/ALABAMA_USM_09-21-2002.xml
Processing ../UA/Football_Preprocessed/UA_WKU_09-10-2016.xml
Completed Processing ../UA/Football_Preprocessed/UA_WKU_09-10-2016.xml
Processing ../UA/Football_Preprocessed/OM_UA_10-04-2014.xml
Completed Processing ../UA/Football_Preprocessed/OM_UA_10-04-2014.xml
Processing ../UA/Football_Preprocessed/MS_UA_11-16-2013.xml
Completed Processing ../UA/Football_Preprocessed/MS_UA_11-16-2013.xml
Processing ../UA/Football_Preprocessed/UA_MT_09-12-2015.xml
Completed Processing ../UA/Football_Preprocessed/UA_MT_09-12-2015.xml
Processing ../UA/Football_Preprocessed/ALABAMA_USM_09-16-2000.xml
Completed Processing ../UA/Football_Preprocessed/ALABAMA_USM_09-16-2000.xml
Processing ../UA/Football_Preprocessed/ALABAMA_USF_08-30-2003.xml
Completed Processing ../UA/Football_Preprocessed/ALABAMA_USF_08-30-2003.xml
Processing ../UA/Football_Preprocessed/UA_LS_11-07-2009.xml
Completed Processing ../UA/Football_Preprocessed/UA_LS_11-07-2009.xml
Processing ../UA/Football_Preprocessed/UA_VANDY_10-08-2011.xml
Completed Processing ../UA/Football_Preprocessed/UA_VANDY_10-08-2011.xml
Processing ../UA/Football_Preprocessed/UA_ARK_09-15-2007.xml
Completed Processing ../UA/Football_Preprocessed/UA_ARK_09-15-2007.xml
Processing ../UA/Football_Preprocessed/ALABAMA_USM_10-16-2004.xml
Completed Processing ../UA/Football_Preprocessed/ALABAMA_USM_10-16-2004.xml
Processing ../UA/Football_Preprocessed/ALABAMA_AUBURN_11-23-2002.xml
Completed Processing ../UA/Football_Preprocessed/ALABAMA_AUBURN_11-23-2002.xml
Processing ../UA/Football_Preprocessed/ALABAMA_FIU_10-28-2006.xml
Completed Processing ../UA/Football_Preprocessed/ALABAMA_FIU_10-28-2006.xml
Processing ../UA/Football_Preprocessed/UA_AU_11-26-2010.xml
Completed Processing ../UA/Football_Preprocessed/UA_AU_11-26-2010.xml
Processing ../UA/Football_Preprocessed/LSU_ALABAMA_11-04-2000.xml
Completed Processing ../UA/Football_Preprocessed/LSU_ALABAMA_11-04-2000.xml
Processing ../UA/Football_Preprocessed/AUBURN_ALABAMA_11-17-2001.xml
Completed Processing ../UA/Football_Preprocessed/AUBURN_ALABAMA_11-17-2001.xml
Processing ../UA/Football_Preprocessed/ALABAMA_UK_09-13-2003.xml
Completed Processing ../UA/Football_Preprocessed/ALABAMA_UK_09-13-2003.xml
Processing ../UA/Football_Preprocessed/AU_ALABAMA_11-19-2005.xml
Completed Processing ../UA/Football_Preprocessed/AU_ALABAMA_11-19-2005.xml
Processing ../UA/Football_Preprocessed/HAWAII_ALABAMA_11-30-2002.xml
Completed Processing ../UA/Football_Preprocessed/HAWAII_ALABAMA_11-30-2002.xml
