Processing ../TAMU/WomenBasketball_Preprocessed/TAMU_ORE_12-21-2017.xml
Completed Processing ../TAMU/WomenBasketball_Preprocessed/TAMU_ORE_12-21-2017.xml
Processing ../TAMU/WomenBasketball_Preprocessed/TTU_TAMU_11-26-2017.xml
Completed Processing ../TAMU/WomenBasketball_Preprocessed/TTU_TAMU_11-26-2017.xml
Processing ../TAMU/WomenBasketball_Preprocessed/STAN_TAMU_04-03-2011.xml
Completed Processing ../TAMU/WomenBasketball_Preprocessed/STAN_TAMU_04-03-2011.xml
Processing ../TAMU/WomenBasketball_Preprocessed/TAMU_UGA_01-03-2016.xml
Completed Processing ../TAMU/WomenBasketball_Preprocessed/TAMU_UGA_01-03-2016.xml
Processing ../TAMU/WomenBasketball_Preprocessed/TAMU_ASU_12-30-2013.xml
Completed Processing ../TAMU/WomenBasketball_Preprocessed/TAMU_ASU_12-30-2013.xml
Processing ../TAMU/WomenBasketball_Preprocessed/TAMU_CU_03-07-2007.xml
Completed Processing ../TAMU/WomenBasketball_Preprocessed/TAMU_CU_03-07-2007.xml
Processing ../TAMU/WomenBasketball_Preprocessed/GW_TAMU_12-20-2007.xml
Completed Processing ../TAMU/WomenBasketball_Preprocessed/GW_TAMU_12-20-2007.xml
Processing ../TAMU/WomenBasketball_Preprocessed/PEP_TAMU_11-29-2008.xml
Completed Processing ../TAMU/WomenBasketball_Preprocessed/PEP_TAMU_11-29-2008.xml
Processing ../TAMU/WomenBasketball_Preprocessed/TAMU_AU_02-04-2018.xml
Completed Processing ../TAMU/WomenBasketball_Preprocessed/TAMU_AU_02-04-2018.xml
Processing ../TAMU/WomenBasketball_Preprocessed/TAMU_GA_03-27-2011.xml
Completed Processing ../TAMU/WomenBasketball_Preprocessed/TAMU_GA_03-27-2011.xml
Processing ../TAMU/WomenBasketball_Preprocessed/BU_TA_03-11-2003.xml
Completed Processing ../TAMU/WomenBasketball_Preprocessed/BU_TA_03-11-2003.xml
Processing ../TAMU/WomenBasketball_Preprocessed/TAMU_MCN_03-20-2011.xml
Completed Processing ../TAMU/WomenBasketball_Preprocessed/TAMU_MCN_03-20-2011.xml
Processing ../TAMU/WomenBasketball_Preprocessed/UK_TAMU_01-10-2013.xml
Completed Processing ../TAMU/WomenBasketball_Preprocessed/UK_TAMU_01-10-2013.xml
Processing ../TAMU/WomenBasketball_Preprocessed/TA_MCN_12-12-2004.xml
Completed Processing ../TAMU/WomenBasketball_Preprocessed/TA_MCN_12-12-2004.xml
Processing ../TAMU/WomenBasketball_Preprocessed/TAMU_PSU_03-20-2010.xml
Completed Processing ../TAMU/WomenBasketball_Preprocessed/TAMU_PSU_03-20-2010.xml
Processing ../TAMU/WomenBasketball_Preprocessed/TA_UAPB_12-07-2002.xml
Completed Processing ../TAMU/WomenBasketball_Preprocessed/TA_UAPB_12-07-2002.xml
Processing ../TAMU/WomenBasketball_Preprocessed/TAMU_UT_01-19-2011.xml
Completed Processing ../TAMU/WomenBasketball_Preprocessed/TAMU_UT_01-19-2011.xml
Processing ../TAMU/WomenBasketball_Preprocessed/TAMU_LSU_02-09-2014.xml
Completed Processing ../TAMU/WomenBasketball_Preprocessed/TAMU_LSU_02-09-2014.xml
Processing ../TAMU/WomenBasketball_Preprocessed/TAMU_UGA_01-14-2018.xml
Completed Processing ../TAMU/WomenBasketball_Preprocessed/TAMU_UGA_01-14-2018.xml
Processing ../TAMU/WomenBasketball_Preprocessed/TAMU_PVAM_11-24-2014.xml
Completed Processing ../TAMU/WomenBasketball_Preprocessed/TAMU_PVAM_11-24-2014.xml
Processing ../TAMU/WomenBasketball_Preprocessed/TA_MCN_12-13-2003.xml
Completed Processing ../TAMU/WomenBasketball_Preprocessed/TA_MCN_12-13-2003.xml
Processing ../TAMU/WomenBasketball_Preprocessed/OU_TA_01-09-2005.xml
Completed Processing ../TAMU/WomenBasketball_Preprocessed/OU_TA_01-09-2005.xml
Processing ../TAMU/WomenBasketball_Preprocessed/TAMU_AU_03-07-2014.xml
Completed Processing ../TAMU/WomenBasketball_Preprocessed/TAMU_AU_03-07-2014.xml
Processing ../TAMU/WomenBasketball_Preprocessed/TAMU_OU_03-06-2008.xml
Completed Processing ../TAMU/WomenBasketball_Preprocessed/TAMU_OU_03-06-2008.xml
Processing ../TAMU/WomenBasketball_Preprocessed/TAMU_RICE_11-18-2009.xml
Completed Processing ../TAMU/WomenBasketball_Preprocessed/TAMU_RICE_11-18-2009.xml
Processing ../TAMU/WomenBasketball_Preprocessed/NM_TAMU_12-30-2009.xml
Completed Processing ../TAMU/WomenBasketball_Preprocessed/NM_TAMU_12-30-2009.xml
Processing ../TAMU/WomenBasketball_Preprocessed/TA_BU_02-15-2006.xml
Completed Processing ../TAMU/WomenBasketball_Preprocessed/TA_BU_02-15-2006.xml
Processing ../TAMU/WomenBasketball_Preprocessed/TAMU_MCN_11-26-2014.xml
Completed Processing ../TAMU/WomenBasketball_Preprocessed/TAMU_MCN_11-26-2014.xml
Processing ../TAMU/WomenBasketball_Preprocessed/KS_TAMU_01-06-2007.xml
Completed Processing ../TAMU/WomenBasketball_Preprocessed/KS_TAMU_01-06-2007.xml
Processing ../TAMU/WomenBasketball_Preprocessed/PSU_TAMU_11-28-2008.xml
Completed Processing ../TAMU/WomenBasketball_Preprocessed/PSU_TAMU_11-28-2008.xml
Processing ../TAMU/WomenBasketball_Preprocessed/TAMU_ASU_03-29-2009.xml
Completed Processing ../TAMU/WomenBasketball_Preprocessed/TAMU_ASU_03-29-2009.xml
Processing ../TAMU/WomenBasketball_Preprocessed/TAMU_ISU_02-20-2008.xml
Completed Processing ../TAMU/WomenBasketball_Preprocessed/TAMU_ISU_02-20-2008.xml
Processing ../TAMU/WomenBasketball_Preprocessed/MU_TAMW_03-06-2001.xml
Completed Processing ../TAMU/WomenBasketball_Preprocessed/MU_TAMW_03-06-2001.xml
Processing ../TAMU/WomenBasketball_Preprocessed/TAMW_OUW_01-31-2001.xml
Completed Processing ../TAMU/WomenBasketball_Preprocessed/TAMW_OUW_01-31-2001.xml
Processing ../TAMU/WomenBasketball_Preprocessed/TUL_TA_11-26-2004.xml
Completed Processing ../TAMU/WomenBasketball_Preprocessed/TUL_TA_11-26-2004.xml
Processing ../TAMU/WomenBasketball_Preprocessed/TA_UT_02-02-2002.xml
Completed Processing ../TAMU/WomenBasketball_Preprocessed/TA_UT_02-02-2002.xml
Processing ../TAMU/WomenBasketball_Preprocessed/ARIZ_TAMU_11-25-2008.xml
Completed Processing ../TAMU/WomenBasketball_Preprocessed/ARIZ_TAMU_11-25-2008.xml
Processing ../TAMU/WomenBasketball_Preprocessed/TAMU_LSU_02-18-2016.xml
Completed Processing ../TAMU/WomenBasketball_Preprocessed/TAMU_LSU_02-18-2016.xml
Processing ../TAMU/WomenBasketball_Preprocessed/LR_TAMU_11-23-2016.xml
Completed Processing ../TAMU/WomenBasketball_Preprocessed/LR_TAMU_11-23-2016.xml
Processing ../TAMU/WomenBasketball_Preprocessed/TAMU_PVAMU_11-28-2017.xml
Completed Processing ../TAMU/WomenBasketball_Preprocessed/TAMU_PVAMU_11-28-2017.xml
Processing ../TAMU/WomenBasketball_Preprocessed/TAMU_BU_01-21-2009.xml
Completed Processing ../TAMU/WomenBasketball_Preprocessed/TAMU_BU_01-21-2009.xml
Processing ../TAMU/WomenBasketball_Preprocessed/TAMU_SC_01-31-2016.xml
Completed Processing ../TAMU/WomenBasketball_Preprocessed/TAMU_SC_01-31-2016.xml
Processing ../TAMU/WomenBasketball_Preprocessed/TA_CU_02-05-2005.xml
Completed Processing ../TAMU/WomenBasketball_Preprocessed/TA_CU_02-05-2005.xml
Processing ../TAMU/WomenBasketball_Preprocessed/TAMU_WASH_12-07-2013.xml
Completed Processing ../TAMU/WomenBasketball_Preprocessed/TAMU_WASH_12-07-2013.xml
Processing ../TAMU/WomenBasketball_Preprocessed/MU_TA_03-05-2003.xml
Completed Processing ../TAMU/WomenBasketball_Preprocessed/MU_TA_03-05-2003.xml
Processing ../TAMU/WomenBasketball_Preprocessed/TA_OU_02-05-2003.xml
Completed Processing ../TAMU/WomenBasketball_Preprocessed/TA_OU_02-05-2003.xml
Processing ../TAMU/WomenBasketball_Preprocessed/UALR_TA_12-30-2004.xml
Completed Processing ../TAMU/WomenBasketball_Preprocessed/UALR_TA_12-30-2004.xml
Processing ../TAMU/WomenBasketball_Preprocessed/UT_TA_02-11-2004.xml
Completed Processing ../TAMU/WomenBasketball_Preprocessed/UT_TA_02-11-2004.xml
Processing ../TAMU/WomenBasketball_Preprocessed/OU_TA_03-09-2004.xml
Completed Processing ../TAMU/WomenBasketball_Preprocessed/OU_TA_03-09-2004.xml
Processing ../TAMU/WomenBasketball_Preprocessed/TAMU_MS_01-19-2014.xml
Completed Processing ../TAMU/WomenBasketball_Preprocessed/TAMU_MS_01-19-2014.xml
Processing ../TAMU/WomenBasketball_Preprocessed/TAMU_AU_12-15-2007.xml
Completed Processing ../TAMU/WomenBasketball_Preprocessed/TAMU_AU_12-15-2007.xml
Processing ../TAMU/WomenBasketball_Preprocessed/TAMU_MU_01-29-2008.xml
Completed Processing ../TAMU/WomenBasketball_Preprocessed/TAMU_MU_01-29-2008.xml
Processing ../TAMU/WomenBasketball_Preprocessed/IS_TA_02-26-2005.xml
Completed Processing ../TAMU/WomenBasketball_Preprocessed/IS_TA_02-26-2005.xml
Processing ../TAMU/WomenBasketball_Preprocessed/TAMU_KS_03-13-2009.xml
Completed Processing ../TAMU/WomenBasketball_Preprocessed/TAMU_KS_03-13-2009.xml
Processing ../TAMU/WomenBasketball_Preprocessed/MU_TAMU_02-14-2012.xml
Completed Processing ../TAMU/WomenBasketball_Preprocessed/MU_TAMU_02-14-2012.xml
Processing ../TAMU/WomenBasketball_Preprocessed/TAMW_ARKPB_11-28-2000.xml
Completed Processing ../TAMU/WomenBasketball_Preprocessed/TAMW_ARKPB_11-28-2000.xml
Processing ../TAMU/WomenBasketball_Preprocessed/SC_TAMU_12-31-2017.xml
Completed Processing ../TAMU/WomenBasketball_Preprocessed/SC_TAMU_12-31-2017.xml
Processing ../TAMU/WomenBasketball_Preprocessed/TA_KS_01-16-2002.xml
Completed Processing ../TAMU/WomenBasketball_Preprocessed/TA_KS_01-16-2002.xml
Processing ../TAMU/WomenBasketball_Preprocessed/TAMU_AU_03-05-2015.xml
Completed Processing ../TAMU/WomenBasketball_Preprocessed/TAMU_AU_03-05-2015.xml
Processing ../TAMU/WomenBasketball_Preprocessed/TAMU_UT_02-09-2008.xml
Completed Processing ../TAMU/WomenBasketball_Preprocessed/TAMU_UT_02-09-2008.xml
Processing ../TAMU/WomenBasketball_Preprocessed/TA_TT_02-05-2006.xml
Completed Processing ../TAMU/WomenBasketball_Preprocessed/TA_TT_02-05-2006.xml
Processing ../TAMU/WomenBasketball_Preprocessed/VANDY_TAMU_02-21-2016.xml
Completed Processing ../TAMU/WomenBasketball_Preprocessed/VANDY_TAMU_02-21-2016.xml
Processing ../TAMU/WomenBasketball_Preprocessed/TAMU_TXST_11-13-2015.xml
Completed Processing ../TAMU/WomenBasketball_Preprocessed/TAMU_TXST_11-13-2015.xml
Processing ../TAMU/WomenBasketball_Preprocessed/USC_TAMU_12-15-2017.xml
Completed Processing ../TAMU/WomenBasketball_Preprocessed/USC_TAMU_12-15-2017.xml
Processing ../TAMU/WomenBasketball_Preprocessed/TAMU_OSU_03-05-2009.xml
Completed Processing ../TAMU/WomenBasketball_Preprocessed/TAMU_OSU_03-05-2009.xml
Processing ../TAMU/WomenBasketball_Preprocessed/OU_TAMU_01-27-2007.xml
Completed Processing ../TAMU/WomenBasketball_Preprocessed/OU_TAMU_01-27-2007.xml
Processing ../TAMU/WomenBasketball_Preprocessed/UT_TAMU_02-12-2017.xml
Completed Processing ../TAMU/WomenBasketball_Preprocessed/UT_TAMU_02-12-2017.xml
Processing ../TAMU/WomenBasketball_Preprocessed/DPU_TAMU_11-14-2014.xml
Completed Processing ../TAMU/WomenBasketball_Preprocessed/DPU_TAMU_11-14-2014.xml
Processing ../TAMU/WomenBasketball_Preprocessed/TAMU_LATECH_12-28-2013.xml
Completed Processing ../TAMU/WomenBasketball_Preprocessed/TAMU_LATECH_12-28-2013.xml
Processing ../TAMU/WomenBasketball_Preprocessed/TAMU_KU_01-31-2009.xml
Completed Processing ../TAMU/WomenBasketball_Preprocessed/TAMU_KU_01-31-2009.xml
Processing ../TAMU/WomenBasketball_Preprocessed/DPU_TA_11-26-2005.xml
Completed Processing ../TAMU/WomenBasketball_Preprocessed/DPU_TA_11-26-2005.xml
Processing ../TAMU/WomenBasketball_Preprocessed/TAMU_MICH_11-29-2007.xml
Completed Processing ../TAMU/WomenBasketball_Preprocessed/TAMU_MICH_11-29-2007.xml
Processing ../TAMU/WomenBasketball_Preprocessed/TAMU_UA_01-03-2013.xml
Completed Processing ../TAMU/WomenBasketball_Preprocessed/TAMU_UA_01-03-2013.xml
Processing ../TAMU/WomenBasketball_Preprocessed/BU_TAMU_03-29-2011.xml
Completed Processing ../TAMU/WomenBasketball_Preprocessed/BU_TAMU_03-29-2011.xml
Processing ../TAMU/WomenBasketball_Preprocessed/TA_TXST_01-03-2004.xml
Completed Processing ../TAMU/WomenBasketball_Preprocessed/TA_TXST_01-03-2004.xml
Processing ../TAMU/WomenBasketball_Preprocessed/TA_MU_03-03-2004.xml
Completed Processing ../TAMU/WomenBasketball_Preprocessed/TA_MU_03-03-2004.xml
Processing ../TAMU/WomenBasketball_Preprocessed/TAMU_MU_11-25-2012.xml
Completed Processing ../TAMU/WomenBasketball_Preprocessed/TAMU_MU_11-25-2012.xml
Processing ../TAMU/WomenBasketball_Preprocessed/TAMU_SUBR_11-23-2012.xml
Completed Processing ../TAMU/WomenBasketball_Preprocessed/TAMU_SUBR_11-23-2012.xml
Processing ../TAMU/WomenBasketball_Preprocessed/OS_TA_03-05-2002.xml
Completed Processing ../TAMU/WomenBasketball_Preprocessed/OS_TA_03-05-2002.xml
Processing ../TAMU/WomenBasketball_Preprocessed/MS_TAMU_03-03-2018.xml
Completed Processing ../TAMU/WomenBasketball_Preprocessed/MS_TAMU_03-03-2018.xml
Processing ../TAMU/WomenBasketball_Preprocessed/OSU_TAMU_02-17-2007.xml
Completed Processing ../TAMU/WomenBasketball_Preprocessed/OSU_TAMU_02-17-2007.xml
Processing ../TAMU/WomenBasketball_Preprocessed/OSU_TAMU_01-24-2012.xml
Completed Processing ../TAMU/WomenBasketball_Preprocessed/OSU_TAMU_01-24-2012.xml
Processing ../TAMU/WomenBasketball_Preprocessed/TA_TAMUCC_02-08-2005.xml
Completed Processing ../TAMU/WomenBasketball_Preprocessed/TA_TAMUCC_02-08-2005.xml
Processing ../TAMU/WomenBasketball_Preprocessed/UK_TAMU_03-10-2013.xml
Completed Processing ../TAMU/WomenBasketball_Preprocessed/UK_TAMU_03-10-2013.xml
Processing ../TAMU/WomenBasketball_Preprocessed/TAMU_PVW_11-15-2007.xml
Completed Processing ../TAMU/WomenBasketball_Preprocessed/TAMU_PVW_11-15-2007.xml
Processing ../TAMU/WomenBasketball_Preprocessed/TAMU_MS_11-20-2011.xml
Completed Processing ../TAMU/WomenBasketball_Preprocessed/TAMU_MS_11-20-2011.xml
Processing ../TAMU/WomenBasketball_Preprocessed/BU_TAMU_01-27-2010.xml
Completed Processing ../TAMU/WomenBasketball_Preprocessed/BU_TAMU_01-27-2010.xml
Processing ../TAMU/WomenBasketball_Preprocessed/TA_DART_12-21-2005.xml
Completed Processing ../TAMU/WomenBasketball_Preprocessed/TA_DART_12-21-2005.xml
Processing ../TAMU/WomenBasketball_Preprocessed/KS_TA_02-22-2003.xml
Completed Processing ../TAMU/WomenBasketball_Preprocessed/KS_TA_02-22-2003.xml
Processing ../TAMU/WomenBasketball_Preprocessed/GA_TAMU_01-20-2013.xml
Completed Processing ../TAMU/WomenBasketball_Preprocessed/GA_TAMU_01-20-2013.xml
Processing ../TAMU/WomenBasketball_Preprocessed/TA_UTSAW_11-30-2004.xml
Completed Processing ../TAMU/WomenBasketball_Preprocessed/TA_UTSAW_11-30-2004.xml
Processing ../TAMU/WomenBasketball_Preprocessed/TAMU_MU_02-03-2010.xml
Completed Processing ../TAMU/WomenBasketball_Preprocessed/TAMU_MU_02-03-2010.xml
Processing ../TAMU/WomenBasketball_Preprocessed/TAMU_OU_02-23-2009.xml
Completed Processing ../TAMU/WomenBasketball_Preprocessed/TAMU_OU_02-23-2009.xml
Processing ../TAMU/WomenBasketball_Preprocessed/TAMU_SFA_12-02-2009.xml
Completed Processing ../TAMU/WomenBasketball_Preprocessed/TAMU_SFA_12-02-2009.xml
Processing ../TAMU/WomenBasketball_Preprocessed/TA_BAY_01-10-2004.xml
Completed Processing ../TAMU/WomenBasketball_Preprocessed/TA_BAY_01-10-2004.xml
Processing ../TAMU/WomenBasketball_Preprocessed/TAMU_ISU_03-08-2007.xml
Completed Processing ../TAMU/WomenBasketball_Preprocessed/TAMU_ISU_03-08-2007.xml
Processing ../TAMU/WomenBasketball_Preprocessed/TAMU_LIBERTY_11-20-2010.xml
Completed Processing ../TAMU/WomenBasketball_Preprocessed/TAMU_LIBERTY_11-20-2010.xml
Processing ../TAMU/WomenBasketball_Preprocessed/KU_TA_01-05-2002.xml
Completed Processing ../TAMU/WomenBasketball_Preprocessed/KU_TA_01-05-2002.xml
Processing ../TAMU/WomenBasketball_Preprocessed/OU_TAMU_02-12-2008.xml
Completed Processing ../TAMU/WomenBasketball_Preprocessed/OU_TAMU_02-12-2008.xml
Processing ../TAMU/WomenBasketball_Preprocessed/TAMU_LSU_01-22-2017.xml
Completed Processing ../TAMU/WomenBasketball_Preprocessed/TAMU_LSU_01-22-2017.xml
Processing ../TAMU/WomenBasketball_Preprocessed/TA_RICE_01-02-2006.xml
Completed Processing ../TAMU/WomenBasketball_Preprocessed/TA_RICE_01-02-2006.xml
Processing ../TAMU/WomenBasketball_Preprocessed/TAMU_UT_03-09-2011.xml
Completed Processing ../TAMU/WomenBasketball_Preprocessed/TAMU_UT_03-09-2011.xml
Processing ../TAMU/WomenBasketball_Preprocessed/TA_SELAW_12-05-2001.xml
Completed Processing ../TAMU/WomenBasketball_Preprocessed/TA_SELAW_12-05-2001.xml
Processing ../TAMU/WomenBasketball_Preprocessed/TA_TT_01-30-2005.xml
Completed Processing ../TAMU/WomenBasketball_Preprocessed/TA_TT_01-30-2005.xml
Processing ../TAMU/WomenBasketball_Preprocessed/TA_TECHW_01-30-2002.xml
Completed Processing ../TAMU/WomenBasketball_Preprocessed/TA_TECHW_01-30-2002.xml
Processing ../TAMU/WomenBasketball_Preprocessed/CU_TA_01-24-2006.xml
Completed Processing ../TAMU/WomenBasketball_Preprocessed/CU_TA_01-24-2006.xml
Processing ../TAMU/WomenBasketball_Preprocessed/TAMW_BAYLOR_01-20-2001.xml
Completed Processing ../TAMU/WomenBasketball_Preprocessed/TAMW_BAYLOR_01-20-2001.xml
Processing ../TAMU/WomenBasketball_Preprocessed/TAMU_AR_03-01-2018.xml
Completed Processing ../TAMU/WomenBasketball_Preprocessed/TAMU_AR_03-01-2018.xml
Processing ../TAMU/WomenBasketball_Preprocessed/ISU_TAMU_01-22-2011.xml
Completed Processing ../TAMU/WomenBasketball_Preprocessed/ISU_TAMU_01-22-2011.xml
Processing ../TAMU/WomenBasketball_Preprocessed/TAMU_ULM_01-04-2011.xml
Completed Processing ../TAMU/WomenBasketball_Preprocessed/TAMU_ULM_01-04-2011.xml
Processing ../TAMU/WomenBasketball_Preprocessed/MU_TAMU_02-05-2015.xml
Completed Processing ../TAMU/WomenBasketball_Preprocessed/MU_TAMU_02-05-2015.xml
Processing ../TAMU/WomenBasketball_Preprocessed/CU_TAMU_02-27-2010.xml
Completed Processing ../TAMU/WomenBasketball_Preprocessed/CU_TAMU_02-27-2010.xml
Processing ../TAMU/WomenBasketball_Preprocessed/TAMU_RICE_11-19-2014.xml
Completed Processing ../TAMU/WomenBasketball_Preprocessed/TAMU_RICE_11-19-2014.xml
Processing ../TAMU/WomenBasketball_Preprocessed/TAMU_SUBR_12-17-2016.xml
Completed Processing ../TAMU/WomenBasketball_Preprocessed/TAMU_SUBR_12-17-2016.xml
Processing ../TAMU/WomenBasketball_Preprocessed/TA_OS_02-23-2005.xml
Completed Processing ../TAMU/WomenBasketball_Preprocessed/TA_OS_02-23-2005.xml
Processing ../TAMU/WomenBasketball_Preprocessed/TAMU_VANDY_01-31-2013.xml
Completed Processing ../TAMU/WomenBasketball_Preprocessed/TAMU_VANDY_01-31-2013.xml
Processing ../TAMU/WomenBasketball_Preprocessed/TAMU_DUKE_03-30-2008.xml
Completed Processing ../TAMU/WomenBasketball_Preprocessed/TAMU_DUKE_03-30-2008.xml
Processing ../TAMU/WomenBasketball_Preprocessed/TA_TAMUCC_03-21-2005.xml
Completed Processing ../TAMU/WomenBasketball_Preprocessed/TA_TAMUCC_03-21-2005.xml
Processing ../TAMU/WomenBasketball_Preprocessed/TT_TAMW_02-03-2001.xml
Completed Processing ../TAMU/WomenBasketball_Preprocessed/TT_TAMW_02-03-2001.xml
Processing ../TAMU/WomenBasketball_Preprocessed/BU_TA_11-23-2003.xml
Completed Processing ../TAMU/WomenBasketball_Preprocessed/BU_TA_11-23-2003.xml
Processing ../TAMU/WomenBasketball_Preprocessed/ISU_TAMU_02-04-2009.xml
Completed Processing ../TAMU/WomenBasketball_Preprocessed/ISU_TAMU_02-04-2009.xml
Processing ../TAMU/WomenBasketball_Preprocessed/OU_TAMU_03-14-2009.xml
Completed Processing ../TAMU/WomenBasketball_Preprocessed/OU_TAMU_03-14-2009.xml
Processing ../TAMU/WomenBasketball_Preprocessed/TAMU_ISU_01-13-2010.xml
Completed Processing ../TAMU/WomenBasketball_Preprocessed/TAMU_ISU_01-13-2010.xml
Processing ../TAMU/WomenBasketball_Preprocessed/TA_QUINN_12-01-2001.xml
Completed Processing ../TAMU/WomenBasketball_Preprocessed/TA_QUINN_12-01-2001.xml
Processing ../TAMU/WomenBasketball_Preprocessed/TA_ISU_01-12-2002.xml
Completed Processing ../TAMU/WomenBasketball_Preprocessed/TA_ISU_01-12-2002.xml
Processing ../TAMU/WomenBasketball_Preprocessed/TAMU_JMU_03-25-2014.xml
Completed Processing ../TAMU/WomenBasketball_Preprocessed/TAMU_JMU_03-25-2014.xml
Processing ../TAMU/WomenBasketball_Preprocessed/TAMU_ARIZ_11-28-2006.xml
Completed Processing ../TAMU/WomenBasketball_Preprocessed/TAMU_ARIZ_11-28-2006.xml
Processing ../TAMU/WomenBasketball_Preprocessed/TAMU_UT_02-20-2010.xml
Completed Processing ../TAMU/WomenBasketball_Preprocessed/TAMU_UT_02-20-2010.xml
Processing ../TAMU/WomenBasketball_Preprocessed/MS_TAMU_01-24-2013.xml
Completed Processing ../TAMU/WomenBasketball_Preprocessed/MS_TAMU_01-24-2013.xml
Processing ../TAMU/WomenBasketball_Preprocessed/TAMU_WVU_12-03-2017.xml
Completed Processing ../TAMU/WomenBasketball_Preprocessed/TAMU_WVU_12-03-2017.xml
Processing ../TAMU/WomenBasketball_Preprocessed/TAMW_NEBRASKA_01-07-2001.xml
Completed Processing ../TAMU/WomenBasketball_Preprocessed/TAMW_NEBRASKA_01-07-2001.xml
Processing ../TAMU/WomenBasketball_Preprocessed/TAMU_NU_01-24-2007.xml
Completed Processing ../TAMU/WomenBasketball_Preprocessed/TAMU_NU_01-24-2007.xml
Processing ../TAMU/WomenBasketball_Preprocessed/NU_TAMU_03-13-2010.xml
Completed Processing ../TAMU/WomenBasketball_Preprocessed/NU_TAMU_03-13-2010.xml
Processing ../TAMU/WomenBasketball_Preprocessed/TAMU_MERCER_11-16-2006.xml
Completed Processing ../TAMU/WomenBasketball_Preprocessed/TAMU_MERCER_11-16-2006.xml
Processing ../TAMU/WomenBasketball_Preprocessed/WZU_TA_11-18-2001.xml
Completed Processing ../TAMU/WomenBasketball_Preprocessed/WZU_TA_11-18-2001.xml
Processing ../TAMU/WomenBasketball_Preprocessed/TAMU_SC_03-08-2013.xml
Completed Processing ../TAMU/WomenBasketball_Preprocessed/TAMU_SC_03-08-2013.xml
Processing ../TAMU/WomenBasketball_Preprocessed/TAMU_TTU_02-25-2012.xml
Completed Processing ../TAMU/WomenBasketball_Preprocessed/TAMU_TTU_02-25-2012.xml
Processing ../TAMU/WomenBasketball_Preprocessed/OU_TAMU_03-14-2010.xml
Completed Processing ../TAMU/WomenBasketball_Preprocessed/OU_TAMU_03-14-2010.xml
Processing ../TAMU/WomenBasketball_Preprocessed/TAMU_MCN_12-30-2011.xml
Completed Processing ../TAMU/WomenBasketball_Preprocessed/TAMU_MCN_12-30-2011.xml
Processing ../TAMU/WomenBasketball_Preprocessed/OU_TAMU_02-21-2012.xml
Completed Processing ../TAMU/WomenBasketball_Preprocessed/OU_TAMU_02-21-2012.xml
Processing ../TAMU/WomenBasketball_Preprocessed/AU_TAMU_02-25-2016.xml
Completed Processing ../TAMU/WomenBasketball_Preprocessed/AU_TAMU_02-25-2016.xml
Processing ../TAMU/WomenBasketball_Preprocessed/TAMU_ODU_12-20-2012.xml
Completed Processing ../TAMU/WomenBasketball_Preprocessed/TAMU_ODU_12-20-2012.xml
Processing ../TAMU/WomenBasketball_Preprocessed/UH_TAMU_12-20-2017.xml
Completed Processing ../TAMU/WomenBasketball_Preprocessed/UH_TAMU_12-20-2017.xml
Processing ../TAMU/WomenBasketball_Preprocessed/TAMU_OSU_11-28-2015.xml
Completed Processing ../TAMU/WomenBasketball_Preprocessed/TAMU_OSU_11-28-2015.xml
Processing ../TAMU/WomenBasketball_Preprocessed/TAMU_PV_12-28-2016.xml
Completed Processing ../TAMU/WomenBasketball_Preprocessed/TAMU_PV_12-28-2016.xml
Processing ../TAMU/WomenBasketball_Preprocessed/TAMU_AU_01-13-2013.xml
Completed Processing ../TAMU/WomenBasketball_Preprocessed/TAMU_AU_01-13-2013.xml
Processing ../TAMU/WomenBasketball_Preprocessed/RICE_TAMU_11-20-2010.xml
Completed Processing ../TAMU/WomenBasketball_Preprocessed/RICE_TAMU_11-20-2010.xml
Processing ../TAMU/WomenBasketball_Preprocessed/TAMU_KU_03-08-2012.xml
Completed Processing ../TAMU/WomenBasketball_Preprocessed/TAMU_KU_03-08-2012.xml
Processing ../TAMU/WomenBasketball_Preprocessed/TAMU_LA_11-12-2017.xml
Completed Processing ../TAMU/WomenBasketball_Preprocessed/TAMU_LA_11-12-2017.xml
Processing ../TAMU/WomenBasketball_Preprocessed/TAMU_MU_03-12-2008.xml
Completed Processing ../TAMU/WomenBasketball_Preprocessed/TAMU_MU_03-12-2008.xml
Processing ../TAMU/WomenBasketball_Preprocessed/TAMU_AR_03-19-2012.xml
Completed Processing ../TAMU/WomenBasketball_Preprocessed/TAMU_AR_03-19-2012.xml
Processing ../TAMU/WomenBasketball_Preprocessed/TAMU_OSU_01-19-2008.xml
Completed Processing ../TAMU/WomenBasketball_Preprocessed/TAMU_OSU_01-19-2008.xml
Processing ../TAMU/WomenBasketball_Preprocessed/CU_TAMU_01-16-2008.xml
Completed Processing ../TAMU/WomenBasketball_Preprocessed/CU_TAMU_01-16-2008.xml
Processing ../TAMU/WomenBasketball_Preprocessed/TAMU_TCU_12-12-2010.xml
Completed Processing ../TAMU/WomenBasketball_Preprocessed/TAMU_TCU_12-12-2010.xml
Processing ../TAMU/WomenBasketball_Preprocessed/SMU_TAMU_12-05-2016.xml
Completed Processing ../TAMU/WomenBasketball_Preprocessed/SMU_TAMU_12-05-2016.xml
Processing ../TAMU/WomenBasketball_Preprocessed/NU_TAMU_02-06-2010.xml
Completed Processing ../TAMU/WomenBasketball_Preprocessed/NU_TAMU_02-06-2010.xml
Processing ../TAMU/WomenBasketball_Preprocessed/TAMU_MICH_11-27-2010.xml
Completed Processing ../TAMU/WomenBasketball_Preprocessed/TAMU_MICH_11-27-2010.xml
Processing ../TAMU/WomenBasketball_Preprocessed/LSU_TAMU_03-01-2015.xml
Completed Processing ../TAMU/WomenBasketball_Preprocessed/LSU_TAMU_03-01-2015.xml
Processing ../TAMU/WomenBasketball_Preprocessed/TAMU_UK_02-23-2014.xml
Completed Processing ../TAMU/WomenBasketball_Preprocessed/TAMU_UK_02-23-2014.xml
Processing ../TAMU/WomenBasketball_Preprocessed/TAMU_MU_02-26-2015.xml
Completed Processing ../TAMU/WomenBasketball_Preprocessed/TAMU_MU_02-26-2015.xml
Processing ../TAMU/WomenBasketball_Preprocessed/NT_TAMU_11-11-2013.xml
Completed Processing ../TAMU/WomenBasketball_Preprocessed/NT_TAMU_11-11-2013.xml
Processing ../TAMU/WomenBasketball_Preprocessed/DUKE_TAMU_11-18-2015.xml
Completed Processing ../TAMU/WomenBasketball_Preprocessed/DUKE_TAMU_11-18-2015.xml
Processing ../TAMU/WomenBasketball_Preprocessed/OU_TA_02-09-2002.xml
Completed Processing ../TAMU/WomenBasketball_Preprocessed/OU_TA_02-09-2002.xml
Processing ../TAMU/WomenBasketball_Preprocessed/TA_NSU_12-19-2004.xml
Completed Processing ../TAMU/WomenBasketball_Preprocessed/TA_NSU_12-19-2004.xml
Processing ../TAMU/WomenBasketball_Preprocessed/TAMU_WSU_03-23-2013.xml
Completed Processing ../TAMU/WomenBasketball_Preprocessed/TAMU_WSU_03-23-2013.xml
Processing ../TAMU/WomenBasketball_Preprocessed/TAMW_UIC_12-10-2000.xml
Completed Processing ../TAMU/WomenBasketball_Preprocessed/TAMW_UIC_12-10-2000.xml
Processing ../TAMU/WomenBasketball_Preprocessed/SC_TAMU_02-10-2013.xml
Completed Processing ../TAMU/WomenBasketball_Preprocessed/SC_TAMU_02-10-2013.xml
Processing ../TAMU/WomenBasketball_Preprocessed/NU_TA_02-11-2006.xml
Completed Processing ../TAMU/WomenBasketball_Preprocessed/NU_TA_02-11-2006.xml
Processing ../TAMU/WomenBasketball_Preprocessed/TAMU_ISU_01-29-2012.xml
Completed Processing ../TAMU/WomenBasketball_Preprocessed/TAMU_ISU_01-29-2012.xml
Processing ../TAMU/WomenBasketball_Preprocessed/TA_HOUSTON_12-29-2001.xml
Completed Processing ../TAMU/WomenBasketball_Preprocessed/TA_HOUSTON_12-29-2001.xml
Processing ../TAMU/WomenBasketball_Preprocessed/LSU_TAMU_02-16-2017.xml
Completed Processing ../TAMU/WomenBasketball_Preprocessed/LSU_TAMU_02-16-2017.xml
Processing ../TAMU/WomenBasketball_Preprocessed/TAMW_KU_02-28-2001.xml
Completed Processing ../TAMU/WomenBasketball_Preprocessed/TAMW_KU_02-28-2001.xml
Processing ../TAMU/WomenBasketball_Preprocessed/AR_TAMU_01-06-2013.xml
Completed Processing ../TAMU/WomenBasketball_Preprocessed/AR_TAMU_01-06-2013.xml
Processing ../TAMU/WomenBasketball_Preprocessed/TAMU_CU_02-14-2009.xml
Completed Processing ../TAMU/WomenBasketball_Preprocessed/TAMU_CU_02-14-2009.xml
Processing ../TAMU/WomenBasketball_Preprocessed/UCONN_TAMU_12-06-2011.xml
Completed Processing ../TAMU/WomenBasketball_Preprocessed/UCONN_TAMU_12-06-2011.xml
Processing ../TAMU/WomenBasketball_Preprocessed/TCU_TAMU_12-07-2014.xml
Completed Processing ../TAMU/WomenBasketball_Preprocessed/TCU_TAMU_12-07-2014.xml
Processing ../TAMU/WomenBasketball_Preprocessed/USC_TAMU_12-15-2012.xml
Completed Processing ../TAMU/WomenBasketball_Preprocessed/USC_TAMU_12-15-2012.xml
Processing ../TAMU/WomenBasketball_Preprocessed/TAMU_TU_11-25-2011.xml
Completed Processing ../TAMU/WomenBasketball_Preprocessed/TAMU_TU_11-25-2011.xml
Processing ../TAMU/WomenBasketball_Preprocessed/TAMU_GON_03-22-2010.xml
Completed Processing ../TAMU/WomenBasketball_Preprocessed/TAMU_GON_03-22-2010.xml
Processing ../TAMU/WomenBasketball_Preprocessed/TAMU_UT_01-11-2018.xml
Completed Processing ../TAMU/WomenBasketball_Preprocessed/TAMU_UT_01-11-2018.xml
Processing ../TAMU/WomenBasketball_Preprocessed/AU_TAMU_01-30-2014.xml
Completed Processing ../TAMU/WomenBasketball_Preprocessed/AU_TAMU_01-30-2014.xml
Processing ../TAMU/WomenBasketball_Preprocessed/TA_OSW_02-04-2004.xml
Completed Processing ../TAMU/WomenBasketball_Preprocessed/TA_OSW_02-04-2004.xml
Processing ../TAMU/WomenBasketball_Preprocessed/SFA_TAMU_12-02-2008.xml
Completed Processing ../TAMU/WomenBasketball_Preprocessed/SFA_TAMU_12-02-2008.xml
Processing ../TAMU/WomenBasketball_Preprocessed/TAMU_MU_01-21-2016.xml
Completed Processing ../TAMU/WomenBasketball_Preprocessed/TAMU_MU_01-21-2016.xml
Processing ../TAMU/WomenBasketball_Preprocessed/BU_TAMU_03-15-2009.xml
Completed Processing ../TAMU/WomenBasketball_Preprocessed/BU_TAMU_03-15-2009.xml
Processing ../TAMU/WomenBasketball_Preprocessed/UT_TA_02-23-2002.xml
Completed Processing ../TAMU/WomenBasketball_Preprocessed/UT_TA_02-23-2002.xml
Processing ../TAMU/WomenBasketball_Preprocessed/DETROIT_TA_12-17-2005.xml
Completed Processing ../TAMU/WomenBasketball_Preprocessed/DETROIT_TA_12-17-2005.xml
Processing ../TAMU/WomenBasketball_Preprocessed/TAMU_MSU_03-19-2016.xml
Completed Processing ../TAMU/WomenBasketball_Preprocessed/TAMU_MSU_03-19-2016.xml
Processing ../TAMU/WomenBasketball_Preprocessed/TAMU_TX_12-21-2014.xml
Completed Processing ../TAMU/WomenBasketball_Preprocessed/TAMU_TX_12-21-2014.xml
Processing ../TAMU/WomenBasketball_Preprocessed/RU_TAMU_12-19-2010.xml
Completed Processing ../TAMU/WomenBasketball_Preprocessed/RU_TAMU_12-19-2010.xml
Processing ../TAMU/WomenBasketball_Preprocessed/AR_TAMU_01-07-2016.xml
Completed Processing ../TAMU/WomenBasketball_Preprocessed/AR_TAMU_01-07-2016.xml
Processing ../TAMU/WomenBasketball_Preprocessed/TA_KU_01-15-2005.xml
Completed Processing ../TAMU/WomenBasketball_Preprocessed/TA_KU_01-15-2005.xml
Processing ../TAMU/WomenBasketball_Preprocessed/UT_TAMU_01-28-2009.xml
Completed Processing ../TAMU/WomenBasketball_Preprocessed/UT_TAMU_01-28-2009.xml
Processing ../TAMU/WomenBasketball_Preprocessed/AR_TAMU_01-04-2015.xml
Completed Processing ../TAMU/WomenBasketball_Preprocessed/AR_TAMU_01-04-2015.xml
Processing ../TAMU/WomenBasketball_Preprocessed/IS_TA_02-19-2003.xml
Completed Processing ../TAMU/WomenBasketball_Preprocessed/IS_TA_02-19-2003.xml
Processing ../TAMU/WomenBasketball_Preprocessed/TAMU_OSU_02-18-2012.xml
Completed Processing ../TAMU/WomenBasketball_Preprocessed/TAMU_OSU_02-18-2012.xml
Processing ../TAMU/WomenBasketball_Preprocessed/TA_CHAR_11-25-2001.xml
Completed Processing ../TAMU/WomenBasketball_Preprocessed/TA_CHAR_11-25-2001.xml
Processing ../TAMU/WomenBasketball_Preprocessed/FSU_TAMU_01-05-2009.xml
Completed Processing ../TAMU/WomenBasketball_Preprocessed/FSU_TAMU_01-05-2009.xml
Processing ../TAMU/WomenBasketball_Preprocessed/PUR_TAMU_12-04-2011.xml
Completed Processing ../TAMU/WomenBasketball_Preprocessed/PUR_TAMU_12-04-2011.xml
Processing ../TAMU/WomenBasketball_Preprocessed/OS_TA_01-07-2004.xml
Completed Processing ../TAMU/WomenBasketball_Preprocessed/OS_TA_01-07-2004.xml
Processing ../TAMU/WomenBasketball_Preprocessed/KU_TA_02-21-2004.xml
Completed Processing ../TAMU/WomenBasketball_Preprocessed/KU_TA_02-21-2004.xml
Processing ../TAMU/WomenBasketball_Preprocessed/TA_OU_01-26-2002.xml
Completed Processing ../TAMU/WomenBasketball_Preprocessed/TA_OU_01-26-2002.xml
Processing ../TAMU/WomenBasketball_Preprocessed/TA_TSU_12-08-2001.xml
Completed Processing ../TAMU/WomenBasketball_Preprocessed/TA_TSU_12-08-2001.xml
Processing ../TAMU/WomenBasketball_Preprocessed/OU_TAMW_01-17-2001.xml
Completed Processing ../TAMU/WomenBasketball_Preprocessed/OU_TAMW_01-17-2001.xml
Processing ../TAMU/WomenBasketball_Preprocessed/TAMU_LSU_01-22-2018.xml
Completed Processing ../TAMU/WomenBasketball_Preprocessed/TAMU_LSU_01-22-2018.xml
Processing ../TAMU/WomenBasketball_Preprocessed/KU_TAMU_03-06-2010.xml
Completed Processing ../TAMU/WomenBasketball_Preprocessed/KU_TAMU_03-06-2010.xml
Processing ../TAMU/WomenBasketball_Preprocessed/UGA_TAMU_01-22-2015.xml
Completed Processing ../TAMU/WomenBasketball_Preprocessed/UGA_TAMU_01-22-2015.xml
Processing ../TAMU/WomenBasketball_Preprocessed/TAMU_UCONN_11-18-2012.xml
Completed Processing ../TAMU/WomenBasketball_Preprocessed/TAMU_UCONN_11-18-2012.xml
Processing ../TAMU/WomenBasketball_Preprocessed/TAMU_UTEP_01-02-2014.xml
Completed Processing ../TAMU/WomenBasketball_Preprocessed/TAMU_UTEP_01-02-2014.xml
Processing ../TAMU/WomenBasketball_Preprocessed/OU_TAMU_03-09-2012.xml
Completed Processing ../TAMU/WomenBasketball_Preprocessed/OU_TAMU_03-09-2012.xml
Processing ../TAMU/WomenBasketball_Preprocessed/OU_TA_02-07-2004.xml
Completed Processing ../TAMU/WomenBasketball_Preprocessed/OU_TA_02-07-2004.xml
Processing ../TAMU/WomenBasketball_Preprocessed/TAMU_LIBERTY_11-20-2012.xml
Completed Processing ../TAMU/WomenBasketball_Preprocessed/TAMU_LIBERTY_11-20-2012.xml
Processing ../TAMU/WomenBasketball_Preprocessed/TTU_TAMU_02-05-2011.xml
Completed Processing ../TAMU/WomenBasketball_Preprocessed/TTU_TAMU_02-05-2011.xml
Processing ../TAMU/WomenBasketball_Preprocessed/TA_MAR_12-21-2003.xml
Completed Processing ../TAMU/WomenBasketball_Preprocessed/TA_MAR_12-21-2003.xml
Processing ../TAMU/WomenBasketball_Preprocessed/TAMU_PVAM_12-28-2012.xml
Completed Processing ../TAMU/WomenBasketball_Preprocessed/TAMU_PVAM_12-28-2012.xml
Processing ../TAMU/WomenBasketball_Preprocessed/IS_TAMW_02-24-2001.xml
Completed Processing ../TAMU/WomenBasketball_Preprocessed/IS_TAMW_02-24-2001.xml
Processing ../TAMU/WomenBasketball_Preprocessed/TAMU_PVAMU_12-28-2009.xml
Completed Processing ../TAMU/WomenBasketball_Preprocessed/TAMU_PVAMU_12-28-2009.xml
Processing ../TAMU/WomenBasketball_Preprocessed/TA_MU_01-21-2006.xml
Completed Processing ../TAMU/WomenBasketball_Preprocessed/TA_MU_01-21-2006.xml
Processing ../TAMU/WomenBasketball_Preprocessed/TTU_TA_01-07-2006.xml
Completed Processing ../TAMU/WomenBasketball_Preprocessed/TTU_TA_01-07-2006.xml
Processing ../TAMU/WomenBasketball_Preprocessed/TAMU_SFA_11-20-2016.xml
Completed Processing ../TAMU/WomenBasketball_Preprocessed/TAMU_SFA_11-20-2016.xml
Processing ../TAMU/WomenBasketball_Preprocessed/NU_TA_01-17-2004.xml
Completed Processing ../TAMU/WomenBasketball_Preprocessed/NU_TA_01-17-2004.xml
Processing ../TAMU/WomenBasketball_Preprocessed/OM_TAMU_02-26-2017.xml
Completed Processing ../TAMU/WomenBasketball_Preprocessed/OM_TAMU_02-26-2017.xml
Processing ../TAMU/WomenBasketball_Preprocessed/CAL_TAMU_12-06-2009.xml
Completed Processing ../TAMU/WomenBasketball_Preprocessed/CAL_TAMU_12-06-2009.xml
Processing ../TAMU/WomenBasketball_Preprocessed/MU_TAMU_01-19-2017.xml
Completed Processing ../TAMU/WomenBasketball_Preprocessed/MU_TAMU_01-19-2017.xml
Processing ../TAMU/WomenBasketball_Preprocessed/TA_OSU_01-04-2006.xml
Completed Processing ../TAMU/WomenBasketball_Preprocessed/TA_OSU_01-04-2006.xml
Processing ../TAMU/WomenBasketball_Preprocessed/TT_TA_02-19-2002.xml
Completed Processing ../TAMU/WomenBasketball_Preprocessed/TT_TA_02-19-2002.xml
Processing ../TAMU/WomenBasketball_Preprocessed/TAMU_UF_02-15-2018.xml
Completed Processing ../TAMU/WomenBasketball_Preprocessed/TAMU_UF_02-15-2018.xml
Processing ../TAMU/WomenBasketball_Preprocessed/UT_TAMU_03-04-2012.xml
Completed Processing ../TAMU/WomenBasketball_Preprocessed/UT_TAMU_03-04-2012.xml
Processing ../TAMU/WomenBasketball_Preprocessed/OU_TAMU_12-20-2015.xml
Completed Processing ../TAMU/WomenBasketball_Preprocessed/OU_TAMU_12-20-2015.xml
Processing ../TAMU/WomenBasketball_Preprocessed/TAMU_BU_01-13-2007.xml
Completed Processing ../TAMU/WomenBasketball_Preprocessed/TAMU_BU_01-13-2007.xml
Processing ../TAMU/WomenBasketball_Preprocessed/TA_NU_02-15-2003.xml
Completed Processing ../TAMU/WomenBasketball_Preprocessed/TA_NU_02-15-2003.xml
Processing ../TAMU/WomenBasketball_Preprocessed/TAMU_OU_03-11-2011.xml
Completed Processing ../TAMU/WomenBasketball_Preprocessed/TAMU_OU_03-11-2011.xml
Processing ../TAMU/WomenBasketball_Preprocessed/TAMW_OSUW_02-13-2001.xml
Completed Processing ../TAMU/WomenBasketball_Preprocessed/TAMW_OSUW_02-13-2001.xml
Processing ../TAMU/WomenBasketball_Preprocessed/UT_TAMU_01-08-2015.xml
Completed Processing ../TAMU/WomenBasketball_Preprocessed/UT_TAMU_01-08-2015.xml
Processing ../TAMU/WomenBasketball_Preprocessed/TAMU_OSU_02-19-2011.xml
Completed Processing ../TAMU/WomenBasketball_Preprocessed/TAMU_OSU_02-19-2011.xml
Processing ../TAMU/WomenBasketball_Preprocessed/TT_TA_02-12-2003.xml
Completed Processing ../TAMU/WomenBasketball_Preprocessed/TT_TA_02-12-2003.xml
Processing ../TAMU/WomenBasketball_Preprocessed/TA_KS_01-11-2006.xml
Completed Processing ../TAMU/WomenBasketball_Preprocessed/TA_KS_01-11-2006.xml
Processing ../TAMU/WomenBasketball_Preprocessed/ARIZ_TAMU_11-26-2010.xml
Completed Processing ../TAMU/WomenBasketball_Preprocessed/ARIZ_TAMU_11-26-2010.xml
Processing ../TAMU/WomenBasketball_Preprocessed/TAMU_RICE_01-01-2013.xml
Completed Processing ../TAMU/WomenBasketball_Preprocessed/TAMU_RICE_01-01-2013.xml
Processing ../TAMU/WomenBasketball_Preprocessed/TAMU_UF_03-02-2017.xml
Completed Processing ../TAMU/WomenBasketball_Preprocessed/TAMU_UF_03-02-2017.xml
Processing ../TAMU/WomenBasketball_Preprocessed/TAMU_OU_02-09-2011.xml
Completed Processing ../TAMU/WomenBasketball_Preprocessed/TAMU_OU_02-09-2011.xml
Processing ../TAMU/WomenBasketball_Preprocessed/TA_NWST_11-25-2002.xml
Completed Processing ../TAMU/WomenBasketball_Preprocessed/TA_NWST_11-25-2002.xml
Processing ../TAMU/WomenBasketball_Preprocessed/TA_OS_02-27-2002.xml
Completed Processing ../TAMU/WomenBasketball_Preprocessed/TA_OS_02-27-2002.xml
Processing ../TAMU/WomenBasketball_Preprocessed/TAMU_CU_01-18-2007.xml
Completed Processing ../TAMU/WomenBasketball_Preprocessed/TAMU_CU_01-18-2007.xml
Processing ../TAMU/WomenBasketball_Preprocessed/TA_BU_02-13-2002.xml
Completed Processing ../TAMU/WomenBasketball_Preprocessed/TA_BU_02-13-2002.xml
Processing ../TAMU/WomenBasketball_Preprocessed/KU_TA_01-15-2006.xml
Completed Processing ../TAMU/WomenBasketball_Preprocessed/KU_TA_01-15-2006.xml
Processing ../TAMU/WomenBasketball_Preprocessed/SMS_TA_03-24-2005.xml
Completed Processing ../TAMU/WomenBasketball_Preprocessed/SMS_TA_03-24-2005.xml
Processing ../TAMU/WomenBasketball_Preprocessed/TAMU_UT_01-26-2014.xml
Completed Processing ../TAMU/WomenBasketball_Preprocessed/TAMU_UT_01-26-2014.xml
Processing ../TAMU/WomenBasketball_Preprocessed/TAMU_TT_02-21-2007.xml
Completed Processing ../TAMU/WomenBasketball_Preprocessed/TAMU_TT_02-21-2007.xml
Processing ../TAMU/WomenBasketball_Preprocessed/SDSU_TAMU_12-30-2010.xml
Completed Processing ../TAMU/WomenBasketball_Preprocessed/SDSU_TAMU_12-30-2010.xml
Processing ../TAMU/WomenBasketball_Preprocessed/TAMU_UALR_11-16-2010.xml
Completed Processing ../TAMU/WomenBasketball_Preprocessed/TAMU_UALR_11-16-2010.xml
Processing ../TAMU/WomenBasketball_Preprocessed/UM_TAMU_02-20-2014.xml
Completed Processing ../TAMU/WomenBasketball_Preprocessed/UM_TAMU_02-20-2014.xml
Processing ../TAMU/WomenBasketball_Preprocessed/TAMU_NICH_12-17-2013.xml
Completed Processing ../TAMU/WomenBasketball_Preprocessed/TAMU_NICH_12-17-2013.xml
Processing ../TAMU/WomenBasketball_Preprocessed/TAMU_UK_01-04-2018.xml
Completed Processing ../TAMU/WomenBasketball_Preprocessed/TAMU_UK_01-04-2018.xml
Processing ../TAMU/WomenBasketball_Preprocessed/KU_TAMU_01-21-2012.xml
Completed Processing ../TAMU/WomenBasketball_Preprocessed/KU_TAMU_01-21-2012.xml
Processing ../TAMU/WomenBasketball_Preprocessed/TAMU_MEMPHIS_11-28-2013.xml
Completed Processing ../TAMU/WomenBasketball_Preprocessed/TAMU_MEMPHIS_11-28-2013.xml
Processing ../TAMU/WomenBasketball_Preprocessed/TAMU_UH_12-13-2014.xml
Completed Processing ../TAMU/WomenBasketball_Preprocessed/TAMU_UH_12-13-2014.xml
Processing ../TAMU/WomenBasketball_Preprocessed/BU_TAMU_02-11-2012.xml
Completed Processing ../TAMU/WomenBasketball_Preprocessed/BU_TAMU_02-11-2012.xml
Processing ../TAMU/WomenBasketball_Preprocessed/OSU_TAMU_02-17-2010.xml
Completed Processing ../TAMU/WomenBasketball_Preprocessed/OSU_TAMU_02-17-2010.xml
Processing ../TAMU/WomenBasketball_Preprocessed/RICE_TAMU_12-01-2006.xml
Completed Processing ../TAMU/WomenBasketball_Preprocessed/RICE_TAMU_12-01-2006.xml
Processing ../TAMU/WomenBasketball_Preprocessed/MU_TAMU_02-07-2007.xml
Completed Processing ../TAMU/WomenBasketball_Preprocessed/MU_TAMU_02-07-2007.xml
Processing ../TAMU/WomenBasketball_Preprocessed/UW_TAMU_12-06-2006.xml
Completed Processing ../TAMU/WomenBasketball_Preprocessed/UW_TAMU_12-06-2006.xml
Processing ../TAMU/WomenBasketball_Preprocessed/MU_TAMU_01-15-2011.xml
Completed Processing ../TAMU/WomenBasketball_Preprocessed/MU_TAMU_01-15-2011.xml
Processing ../TAMU/WomenBasketball_Preprocessed/TT_TAMU_01-10-2007.xml
Completed Processing ../TAMU/WomenBasketball_Preprocessed/TT_TAMU_01-10-2007.xml
Processing ../TAMU/WomenBasketball_Preprocessed/TAMU_TTU_01-13-2009.xml
Completed Processing ../TAMU/WomenBasketball_Preprocessed/TAMU_TTU_01-13-2009.xml
Processing ../TAMU/WomenBasketball_Preprocessed/TAMU_WSU_11-22-2007.xml
Completed Processing ../TAMU/WomenBasketball_Preprocessed/TAMU_WSU_11-22-2007.xml
Processing ../TAMU/WomenBasketball_Preprocessed/ND_TAMU_03-24-2018.xml
Completed Processing ../TAMU/WomenBasketball_Preprocessed/ND_TAMU_03-24-2018.xml
Processing ../TAMU/WomenBasketball_Preprocessed/TAMU_OU_03-02-2010.xml
Completed Processing ../TAMU/WomenBasketball_Preprocessed/TAMU_OU_03-02-2010.xml
Processing ../TAMU/WomenBasketball_Preprocessed/TAMU_LSU_03-03-2013.xml
Completed Processing ../TAMU/WomenBasketball_Preprocessed/TAMU_LSU_03-03-2013.xml
Processing ../TAMU/WomenBasketball_Preprocessed/UF_TAMU_02-04-2016.xml
Completed Processing ../TAMU/WomenBasketball_Preprocessed/UF_TAMU_02-04-2016.xml
Processing ../TAMU/WomenBasketball_Preprocessed/MS_TAMU_02-08-2015.xml
Completed Processing ../TAMU/WomenBasketball_Preprocessed/MS_TAMU_02-08-2015.xml
Processing ../TAMU/WomenBasketball_Preprocessed/TAMU_NCAT_12-30-2007.xml
Completed Processing ../TAMU/WomenBasketball_Preprocessed/TAMU_NCAT_12-30-2007.xml
Processing ../TAMU/WomenBasketball_Preprocessed/TA_MU_02-16-2002.xml
Completed Processing ../TAMU/WomenBasketball_Preprocessed/TA_MU_02-16-2002.xml
Processing ../TAMU/WomenBasketball_Preprocessed/TAMU_PENN_03-18-2017.xml
Completed Processing ../TAMU/WomenBasketball_Preprocessed/TAMU_PENN_03-18-2017.xml
Processing ../TAMU/WomenBasketball_Preprocessed/TAMU_HOU_11-10-2017.xml
Completed Processing ../TAMU/WomenBasketball_Preprocessed/TAMU_HOU_11-10-2017.xml
Processing ../TAMU/WomenBasketball_Preprocessed/TAMU_UTSA_03-22-2008.xml
Completed Processing ../TAMU/WomenBasketball_Preprocessed/TAMU_UTSA_03-22-2008.xml
Processing ../TAMU/WomenBasketball_Preprocessed/TA_MEMPHIS_12-19-2001.xml
Completed Processing ../TAMU/WomenBasketball_Preprocessed/TA_MEMPHIS_12-19-2001.xml
Processing ../TAMU/WomenBasketball_Preprocessed/UCLA_TAMU_03-20-2017.xml
Completed Processing ../TAMU/WomenBasketball_Preprocessed/UCLA_TAMU_03-20-2017.xml
Processing ../TAMU/WomenBasketball_Preprocessed/SC_TAMU_01-26-2015.xml
Completed Processing ../TAMU/WomenBasketball_Preprocessed/SC_TAMU_01-26-2015.xml
Processing ../TAMU/WomenBasketball_Preprocessed/TA_NU_03-08-2006.xml
Completed Processing ../TAMU/WomenBasketball_Preprocessed/TA_NU_03-08-2006.xml
Processing ../TAMU/WomenBasketball_Preprocessed/TTU_TAMU_02-11-2009.xml
Completed Processing ../TAMU/WomenBasketball_Preprocessed/TTU_TAMU_02-11-2009.xml
Processing ../TAMU/WomenBasketball_Preprocessed/SMU-W_TAMU_11-09-2007.xml
Completed Processing ../TAMU/WomenBasketball_Preprocessed/SMU-W_TAMU_11-09-2007.xml
Processing ../TAMU/WomenBasketball_Preprocessed/TAMU_TXST_12-13-2008.xml
Completed Processing ../TAMU/WomenBasketball_Preprocessed/TAMU_TXST_12-13-2008.xml
Processing ../TAMU/WomenBasketball_Preprocessed/SJU_TAMU_12-22-2013.xml
Completed Processing ../TAMU/WomenBasketball_Preprocessed/SJU_TAMU_12-22-2013.xml
Processing ../TAMU/WomenBasketball_Preprocessed/TAMU_KU_02-03-2007.xml
Completed Processing ../TAMU/WomenBasketball_Preprocessed/TAMU_KU_02-03-2007.xml
Processing ../TAMU/WomenBasketball_Preprocessed/TA_NU_02-16-2005.xml
Completed Processing ../TAMU/WomenBasketball_Preprocessed/TA_NU_02-16-2005.xml
Processing ../TAMU/WomenBasketball_Preprocessed/TA_WASH_12-04-2005.xml
Completed Processing ../TAMU/WomenBasketball_Preprocessed/TA_WASH_12-04-2005.xml
Processing ../TAMU/WomenBasketball_Preprocessed/TAMU_TTU_02-22-2011.xml
Completed Processing ../TAMU/WomenBasketball_Preprocessed/TAMU_TTU_02-22-2011.xml
Processing ../TAMU/WomenBasketball_Preprocessed/TA_UT_02-22-2006.xml
Completed Processing ../TAMU/WomenBasketball_Preprocessed/TA_UT_02-22-2006.xml
Processing ../TAMU/WomenBasketball_Preprocessed/USF_TA_11-19-2004.xml
Completed Processing ../TAMU/WomenBasketball_Preprocessed/USF_TA_11-19-2004.xml
Processing ../TAMU/WomenBasketball_Preprocessed/TAMU_AU_02-05-2017.xml
Completed Processing ../TAMU/WomenBasketball_Preprocessed/TAMU_AU_02-05-2017.xml
Processing ../TAMU/WomenBasketball_Preprocessed/UF_TAMU_03-02-2014.xml
Completed Processing ../TAMU/WomenBasketball_Preprocessed/UF_TAMU_03-02-2014.xml
Processing ../TAMU/WomenBasketball_Preprocessed/TAMU_VANDY_01-02-2017.xml
Completed Processing ../TAMU/WomenBasketball_Preprocessed/TAMU_VANDY_01-02-2017.xml
Processing ../TAMU/WomenBasketball_Preprocessed/MIAMI_TA_12-19-2002.xml
Completed Processing ../TAMU/WomenBasketball_Preprocessed/MIAMI_TA_12-19-2002.xml
Processing ../TAMU/WomenBasketball_Preprocessed/BU_TAMU_03-12-2011.xml
Completed Processing ../TAMU/WomenBasketball_Preprocessed/BU_TAMU_03-12-2011.xml
Processing ../TAMU/WomenBasketball_Preprocessed/UF_TAMU_01-15-2017.xml
Completed Processing ../TAMU/WomenBasketball_Preprocessed/UF_TAMU_01-15-2017.xml
Processing ../TAMU/WomenBasketball_Preprocessed/TAMU_OSU_01-31-2010.xml
Completed Processing ../TAMU/WomenBasketball_Preprocessed/TAMU_OSU_01-31-2010.xml
Processing ../TAMU/WomenBasketball_Preprocessed/SC_TAMU_01-17-2016.xml
Completed Processing ../TAMU/WomenBasketball_Preprocessed/SC_TAMU_01-17-2016.xml
Processing ../TAMU/WomenBasketball_Preprocessed/UTPA_TAMU_11-16-2014.xml
Completed Processing ../TAMU/WomenBasketball_Preprocessed/UTPA_TAMU_11-16-2014.xml
Processing ../TAMU/WomenBasketball_Preprocessed/TAMU_UA_02-16-2015.xml
Completed Processing ../TAMU/WomenBasketball_Preprocessed/TAMU_UA_02-16-2015.xml
Processing ../TAMU/WomenBasketball_Preprocessed/TAMU_AR_02-27-2014.xml
Completed Processing ../TAMU/WomenBasketball_Preprocessed/TAMU_AR_02-27-2014.xml
Processing ../TAMU/WomenBasketball_Preprocessed/TTU_TAMU_02-01-2012.xml
Completed Processing ../TAMU/WomenBasketball_Preprocessed/TTU_TAMU_02-01-2012.xml
Processing ../TAMU/WomenBasketball_Preprocessed/TAMU_SFA_01-03-2008.xml
Completed Processing ../TAMU/WomenBasketball_Preprocessed/TAMU_SFA_01-03-2008.xml
Processing ../TAMU/WomenBasketball_Preprocessed/UTPA_TAMW_12-18-2000.xml
Completed Processing ../TAMU/WomenBasketball_Preprocessed/UTPA_TAMW_12-18-2000.xml
Processing ../TAMU/WomenBasketball_Preprocessed/TAMU_PUR_12-09-2010.xml
Completed Processing ../TAMU/WomenBasketball_Preprocessed/TAMU_PUR_12-09-2010.xml
Processing ../TAMU/WomenBasketball_Preprocessed/TAMU_NU_02-08-2009.xml
Completed Processing ../TAMU/WomenBasketball_Preprocessed/TAMU_NU_02-08-2009.xml
Processing ../TAMU/WomenBasketball_Preprocessed/TA_SAM_12-12-2001.xml
Completed Processing ../TAMU/WomenBasketball_Preprocessed/TA_SAM_12-12-2001.xml
Processing ../TAMU/WomenBasketball_Preprocessed/TAMU_LATECH_12-04-2012.xml
Completed Processing ../TAMU/WomenBasketball_Preprocessed/TAMU_LATECH_12-04-2012.xml
Processing ../TAMU/WomenBasketball_Preprocessed/BU_TAMU_03-10-2012.xml
Completed Processing ../TAMU/WomenBasketball_Preprocessed/BU_TAMU_03-10-2012.xml
Processing ../TAMU/WomenBasketball_Preprocessed/UT_TAMU_03-09-2013.xml
Completed Processing ../TAMU/WomenBasketball_Preprocessed/UT_TAMU_03-09-2013.xml
Processing ../TAMU/WomenBasketball_Preprocessed/TAMU_LR_12-22-2015.xml
Completed Processing ../TAMU/WomenBasketball_Preprocessed/TAMU_LR_12-22-2015.xml
Processing ../TAMU/WomenBasketball_Preprocessed/OSU_TAMU_01-12-2011.xml
Completed Processing ../TAMU/WomenBasketball_Preprocessed/OSU_TAMU_01-12-2011.xml
Processing ../TAMU/WomenBasketball_Preprocessed/TA_UTAHST_12-28-2005.xml
Completed Processing ../TAMU/WomenBasketball_Preprocessed/TA_UTAHST_12-28-2005.xml
Processing ../TAMU/WomenBasketball_Preprocessed/UT_TAMU_02-24-2008.xml
Completed Processing ../TAMU/WomenBasketball_Preprocessed/UT_TAMU_02-24-2008.xml
Processing ../TAMU/WomenBasketball_Preprocessed/KS_TAMU_01-04-2012.xml
Completed Processing ../TAMU/WomenBasketball_Preprocessed/KS_TAMU_01-04-2012.xml
Processing ../TAMU/WomenBasketball_Preprocessed/TAMU_UF_02-14-2013.xml
Completed Processing ../TAMU/WomenBasketball_Preprocessed/TAMU_UF_02-14-2013.xml
Processing ../TAMU/WomenBasketball_Preprocessed/TC_TAMU_12-02-2007.xml
Completed Processing ../TAMU/WomenBasketball_Preprocessed/TC_TAMU_12-02-2007.xml
Processing ../TAMU/WomenBasketball_Preprocessed/TAMU_LAMAR_11-12-2011.xml
Completed Processing ../TAMU/WomenBasketball_Preprocessed/TAMU_LAMAR_11-12-2011.xml
Processing ../TAMU/WomenBasketball_Preprocessed/AR_TAMU_02-22-2018.xml
Completed Processing ../TAMU/WomenBasketball_Preprocessed/AR_TAMU_02-22-2018.xml
Processing ../TAMU/WomenBasketball_Preprocessed/TAMU_BU_03-01-2008.xml
Completed Processing ../TAMU/WomenBasketball_Preprocessed/TAMU_BU_03-01-2008.xml
Processing ../TAMU/WomenBasketball_Preprocessed/TAMU_BU_01-30-2011.xml
Completed Processing ../TAMU/WomenBasketball_Preprocessed/TAMU_BU_01-30-2011.xml
Processing ../TAMU/WomenBasketball_Preprocessed/TAMU_FS_12-06-2007.xml
Completed Processing ../TAMU/WomenBasketball_Preprocessed/TAMU_FS_12-06-2007.xml
Processing ../TAMU/WomenBasketball_Preprocessed/UT_TAMU_02-28-2013.xml
Completed Processing ../TAMU/WomenBasketball_Preprocessed/UT_TAMU_02-28-2013.xml
Processing ../TAMU/WomenBasketball_Preprocessed/OU_TA_03-08-2005.xml
Completed Processing ../TAMU/WomenBasketball_Preprocessed/OU_TA_03-08-2005.xml
Processing ../TAMU/WomenBasketball_Preprocessed/WUALR_TA_12-15-2001.xml
Completed Processing ../TAMU/WomenBasketball_Preprocessed/WUALR_TA_12-15-2001.xml
Processing ../TAMU/WomenBasketball_Preprocessed/TAMU_UE_03-22-2009.xml
Completed Processing ../TAMU/WomenBasketball_Preprocessed/TAMU_UE_03-22-2009.xml
Processing ../TAMU/WomenBasketball_Preprocessed/TAMW_UTW_02-07-2001.xml
Completed Processing ../TAMU/WomenBasketball_Preprocessed/TAMW_UTW_02-07-2001.xml
Processing ../TAMU/WomenBasketball_Preprocessed/KS_TAMU_03-01-2009.xml
Completed Processing ../TAMU/WomenBasketball_Preprocessed/KS_TAMU_03-01-2009.xml
Processing ../TAMU/WomenBasketball_Preprocessed/TA_BUW_03-02-2003.xml
Completed Processing ../TAMU/WomenBasketball_Preprocessed/TA_BUW_03-02-2003.xml
Processing ../TAMU/WomenBasketball_Preprocessed/MS_TAMU_02-18-2018.xml
Completed Processing ../TAMU/WomenBasketball_Preprocessed/MS_TAMU_02-18-2018.xml
Processing ../TAMU/WomenBasketball_Preprocessed/TA_PSU_11-17-2001.xml
Completed Processing ../TAMU/WomenBasketball_Preprocessed/TA_PSU_11-17-2001.xml
Processing ../TAMU/WomenBasketball_Preprocessed/VANDY_TAMU_02-24-2013.xml
Completed Processing ../TAMU/WomenBasketball_Preprocessed/VANDY_TAMU_02-24-2013.xml
Processing ../TAMU/WomenBasketball_Preprocessed/TA_OU_01-22-2005.xml
Completed Processing ../TAMU/WomenBasketball_Preprocessed/TA_OU_01-22-2005.xml
Processing ../TAMU/WomenBasketball_Preprocessed/BAY_TA_02-28-2004.xml
Completed Processing ../TAMU/WomenBasketball_Preprocessed/BAY_TA_02-28-2004.xml
Processing ../TAMU/WomenBasketball_Preprocessed/OM_TAMU_02-15-2016.xml
Completed Processing ../TAMU/WomenBasketball_Preprocessed/OM_TAMU_02-15-2016.xml
Processing ../TAMU/WomenBasketball_Preprocessed/BU_TAMU_02-14-2011.xml
Completed Processing ../TAMU/WomenBasketball_Preprocessed/BU_TAMU_02-14-2011.xml
Processing ../TAMU/WomenBasketball_Preprocessed/TAMU_OM_01-14-2016.xml
Completed Processing ../TAMU/WomenBasketball_Preprocessed/TAMU_OM_01-14-2016.xml
Processing ../TAMU/WomenBasketball_Preprocessed/OSU_TA_03-01-2006.xml
Completed Processing ../TAMU/WomenBasketball_Preprocessed/OSU_TA_03-01-2006.xml
Processing ../TAMU/WomenBasketball_Preprocessed/BU_TA_01-26-2005.xml
Completed Processing ../TAMU/WomenBasketball_Preprocessed/BU_TA_01-26-2005.xml
Processing ../TAMU/WomenBasketball_Preprocessed/TAMU_OU_02-10-2007.xml
Completed Processing ../TAMU/WomenBasketball_Preprocessed/TAMU_OU_02-10-2007.xml
Processing ../TAMU/WomenBasketball_Preprocessed/LSU_TAMU_03-06-2015.xml
Completed Processing ../TAMU/WomenBasketball_Preprocessed/LSU_TAMU_03-06-2015.xml
Processing ../TAMU/WomenBasketball_Preprocessed/TAMU_UF_02-02-2017.xml
Completed Processing ../TAMU/WomenBasketball_Preprocessed/TAMU_UF_02-02-2017.xml
Processing ../TAMU/WomenBasketball_Preprocessed/MU_TAMU_01-10-2009.xml
Completed Processing ../TAMU/WomenBasketball_Preprocessed/MU_TAMU_01-10-2009.xml
Processing ../TAMU/WomenBasketball_Preprocessed/TAMU_UT_02-28-2007.xml
Completed Processing ../TAMU/WomenBasketball_Preprocessed/TAMU_UT_02-28-2007.xml
Processing ../TAMU/WomenBasketball_Preprocessed/UH_TA_11-27-2005.xml
Completed Processing ../TAMU/WomenBasketball_Preprocessed/UH_TA_11-27-2005.xml
Processing ../TAMU/WomenBasketball_Preprocessed/TT_TA_02-19-2005.xml
Completed Processing ../TAMU/WomenBasketball_Preprocessed/TT_TA_02-19-2005.xml
Processing ../TAMU/WomenBasketball_Preprocessed/ASU_TAMU_12-19-2009.xml
Completed Processing ../TAMU/WomenBasketball_Preprocessed/ASU_TAMU_12-19-2009.xml
Processing ../TAMU/WomenBasketball_Preprocessed/TAMU_UNM_11-15-2014.xml
Completed Processing ../TAMU/WomenBasketball_Preprocessed/TAMU_UNM_11-15-2014.xml
Processing ../TAMU/WomenBasketball_Preprocessed/TAMU_IND_11-24-2007.xml
Completed Processing ../TAMU/WomenBasketball_Preprocessed/TAMU_IND_11-24-2007.xml
Processing ../TAMU/WomenBasketball_Preprocessed/TAMU_TCU_12-08-2012.xml
Completed Processing ../TAMU/WomenBasketball_Preprocessed/TAMU_TCU_12-08-2012.xml
Processing ../TAMU/WomenBasketball_Preprocessed/LSU_TAMU_02-11-2018.xml
Completed Processing ../TAMU/WomenBasketball_Preprocessed/LSU_TAMU_02-11-2018.xml
Processing ../TAMU/WomenBasketball_Preprocessed/TAMU_GW_03-19-2007.xml
Completed Processing ../TAMU/WomenBasketball_Preprocessed/TAMU_GW_03-19-2007.xml
Processing ../TAMU/WomenBasketball_Preprocessed/TAMU_KU_02-12-2011.xml
Completed Processing ../TAMU/WomenBasketball_Preprocessed/TAMU_KU_02-12-2011.xml
Processing ../TAMU/WomenBasketball_Preprocessed/TAMU_MS_02-19-2017.xml
Completed Processing ../TAMU/WomenBasketball_Preprocessed/TAMU_MS_02-19-2017.xml
Processing ../TAMU/WomenBasketball_Preprocessed/TCU_TAMU_12-08-2016.xml
Completed Processing ../TAMU/WomenBasketball_Preprocessed/TCU_TAMU_12-08-2016.xml
Processing ../TAMU/WomenBasketball_Preprocessed/TAMU_UCA_12-09-2017.xml
Completed Processing ../TAMU/WomenBasketball_Preprocessed/TAMU_UCA_12-09-2017.xml
Processing ../TAMU/WomenBasketball_Preprocessed/MINN_TA_11-28-2003.xml
Completed Processing ../TAMU/WomenBasketball_Preprocessed/MINN_TA_11-28-2003.xml
Processing ../TAMU/WomenBasketball_Preprocessed/MS_TAMU_03-04-2017.xml
Completed Processing ../TAMU/WomenBasketball_Preprocessed/MS_TAMU_03-04-2017.xml
Processing ../TAMU/WomenBasketball_Preprocessed/TAMU_LAMW_01-04-2010.xml
Completed Processing ../TAMU/WomenBasketball_Preprocessed/TAMU_LAMW_01-04-2010.xml
Processing ../TAMU/WomenBasketball_Preprocessed/TAMU_TTU_11-17-2016.xml
Completed Processing ../TAMU/WomenBasketball_Preprocessed/TAMU_TTU_11-17-2016.xml
Processing ../TAMU/WomenBasketball_Preprocessed/OU_TAMU_01-17-2010.xml
Completed Processing ../TAMU/WomenBasketball_Preprocessed/OU_TAMU_01-17-2010.xml
Processing ../TAMU/WomenBasketball_Preprocessed/DUKE_TAMU_12-06-2010.xml
Completed Processing ../TAMU/WomenBasketball_Preprocessed/DUKE_TAMU_12-06-2010.xml
Processing ../TAMU/WomenBasketball_Preprocessed/TAMU_NT_12-08-2009.xml
Completed Processing ../TAMU/WomenBasketball_Preprocessed/TAMU_NT_12-08-2009.xml
Processing ../TAMU/WomenBasketball_Preprocessed/TAMU_UCA_11-13-2016.xml
Completed Processing ../TAMU/WomenBasketball_Preprocessed/TAMU_UCA_11-13-2016.xml
Processing ../TAMU/WomenBasketball_Preprocessed/TAMU_CU_01-08-2011.xml
Completed Processing ../TAMU/WomenBasketball_Preprocessed/TAMU_CU_01-08-2011.xml
Processing ../TAMU/WomenBasketball_Preprocessed/TA_KS_02-18-2004.xml
Completed Processing ../TAMU/WomenBasketball_Preprocessed/TA_KS_02-18-2004.xml
Processing ../TAMU/WomenBasketball_Preprocessed/UT_TA_02-02-2005.xml
Completed Processing ../TAMU/WomenBasketball_Preprocessed/UT_TA_02-02-2005.xml
Processing ../TAMU/WomenBasketball_Preprocessed/WSU_TA_12-10-2002.xml
Completed Processing ../TAMU/WomenBasketball_Preprocessed/WSU_TA_12-10-2002.xml
Processing ../TAMU/WomenBasketball_Preprocessed/UT_TAMW_01-03-2001.xml
Completed Processing ../TAMU/WomenBasketball_Preprocessed/UT_TAMW_01-03-2001.xml
Processing ../TAMU/WomenBasketball_Preprocessed/TAMU_ALBANY_03-17-2012.xml
Completed Processing ../TAMU/WomenBasketball_Preprocessed/TAMU_ALBANY_03-17-2012.xml
Processing ../TAMU/WomenBasketball_Preprocessed/TAMU_MU_01-18-2012.xml
Completed Processing ../TAMU/WomenBasketball_Preprocessed/TAMU_MU_01-18-2012.xml
Processing ../TAMU/WomenBasketball_Preprocessed/TAMU_ND_12-21-2012.xml
Completed Processing ../TAMU/WomenBasketball_Preprocessed/TAMU_ND_12-21-2012.xml
Processing ../TAMU/WomenBasketball_Preprocessed/UA_TAMU_01-18-2018.xml
Completed Processing ../TAMU/WomenBasketball_Preprocessed/UA_TAMU_01-18-2018.xml
Processing ../TAMU/WomenBasketball_Preprocessed/TAMU_MS_02-11-2016.xml
Completed Processing ../TAMU/WomenBasketball_Preprocessed/TAMU_MS_02-11-2016.xml
Processing ../TAMU/WomenBasketball_Preprocessed/TAMU_BU_02-27-2012.xml
Completed Processing ../TAMU/WomenBasketball_Preprocessed/TAMU_BU_02-27-2012.xml
Processing ../TAMU/WomenBasketball_Preprocessed/TAMU_NM_12-30-2008.xml
Completed Processing ../TAMU/WomenBasketball_Preprocessed/TAMU_NM_12-30-2008.xml
Processing ../TAMU/WomenBasketball_Preprocessed/TAMU_ND_04-05-2011.xml
Completed Processing ../TAMU/WomenBasketball_Preprocessed/TAMU_ND_04-05-2011.xml
Processing ../TAMU/WomenBasketball_Preprocessed/TAMU_DREXEL_12-28-2010.xml
Completed Processing ../TAMU/WomenBasketball_Preprocessed/TAMU_DREXEL_12-28-2010.xml
Processing ../TAMU/WomenBasketball_Preprocessed/TAMU_ISU_03-13-2008.xml
Completed Processing ../TAMU/WomenBasketball_Preprocessed/TAMU_ISU_03-13-2008.xml
Processing ../TAMU/WomenBasketball_Preprocessed/BU_TA_01-18-2006.xml
Completed Processing ../TAMU/WomenBasketball_Preprocessed/BU_TA_01-18-2006.xml
Processing ../TAMU/WomenBasketball_Preprocessed/TAMU_KU_02-04-2012.xml
Completed Processing ../TAMU/WomenBasketball_Preprocessed/TAMU_KU_02-04-2012.xml
Processing ../TAMU/WomenBasketball_Preprocessed/UT_TAMU_03-08-2014.xml
Completed Processing ../TAMU/WomenBasketball_Preprocessed/UT_TAMU_03-08-2014.xml
Processing ../TAMU/WomenBasketball_Preprocessed/NU_TAMU_01-23-2008.xml
Completed Processing ../TAMU/WomenBasketball_Preprocessed/NU_TAMU_01-23-2008.xml
Processing ../TAMU/WomenBasketball_Preprocessed/TA_ULM_12-17-2003.xml
Completed Processing ../TAMU/WomenBasketball_Preprocessed/TA_ULM_12-17-2003.xml
Processing ../TAMU/WomenBasketball_Preprocessed/UT_TA_02-02-2003.xml
Completed Processing ../TAMU/WomenBasketball_Preprocessed/UT_TA_02-02-2003.xml
Processing ../TAMU/WomenBasketball_Preprocessed/TAMU_WVU_11-24-2006.xml
Completed Processing ../TAMU/WomenBasketball_Preprocessed/TAMU_WVU_11-24-2006.xml
Processing ../TAMU/WomenBasketball_Preprocessed/UA_TAMU_01-28-2016.xml
Completed Processing ../TAMU/WomenBasketball_Preprocessed/UA_TAMU_01-28-2016.xml
Processing ../TAMU/WomenBasketball_Preprocessed/TAMU_GW_01-03-2009.xml
Completed Processing ../TAMU/WomenBasketball_Preprocessed/TAMU_GW_01-03-2009.xml
Processing ../TAMU/WomenBasketball_Preprocessed/TA_TC_03-19-2006.xml
Completed Processing ../TAMU/WomenBasketball_Preprocessed/TA_TC_03-19-2006.xml
Processing ../TAMU/WomenBasketball_Preprocessed/TAMU_BU_02-22-2010.xml
Completed Processing ../TAMU/WomenBasketball_Preprocessed/TAMU_BU_02-22-2010.xml
Processing ../TAMU/WomenBasketball_Preprocessed/UALR_TAMU_11-17-2011.xml
Completed Processing ../TAMU/WomenBasketball_Preprocessed/UALR_TAMU_11-17-2011.xml
Processing ../TAMU/WomenBasketball_Preprocessed/TAMU_DUKE_11-15-2009.xml
Completed Processing ../TAMU/WomenBasketball_Preprocessed/TAMU_DUKE_11-15-2009.xml
Processing ../TAMU/WomenBasketball_Preprocessed/AU_TAMU_11-22-2009.xml
Completed Processing ../TAMU/WomenBasketball_Preprocessed/AU_TAMU_11-22-2009.xml
Processing ../TAMU/WomenBasketball_Preprocessed/TA_TT_01-08-2003.xml
Completed Processing ../TAMU/WomenBasketball_Preprocessed/TA_TT_01-08-2003.xml
Processing ../TAMU/WomenBasketball_Preprocessed/TA_EWU_12-22-2005.xml
Completed Processing ../TAMU/WomenBasketball_Preprocessed/TA_EWU_12-22-2005.xml
Processing ../TAMU/WomenBasketball_Preprocessed/SU_TAMU_11-30-2013.xml
Completed Processing ../TAMU/WomenBasketball_Preprocessed/SU_TAMU_11-30-2013.xml
Processing ../TAMU/WomenBasketball_Preprocessed/TA_TT_02-14-2004.xml
Completed Processing ../TAMU/WomenBasketball_Preprocessed/TA_TT_02-14-2004.xml
Processing ../TAMU/WomenBasketball_Preprocessed/HAWAII_TAMU_12-04-2015.xml
Completed Processing ../TAMU/WomenBasketball_Preprocessed/HAWAII_TAMU_12-04-2015.xml
Processing ../TAMU/WomenBasketball_Preprocessed/TAMU_KS_02-08-2012.xml
Completed Processing ../TAMU/WomenBasketball_Preprocessed/TAMU_KS_02-08-2012.xml
Processing ../TAMU/WomenBasketball_Preprocessed/TAMU_OU_01-08-2012.xml
Completed Processing ../TAMU/WomenBasketball_Preprocessed/TAMU_OU_01-08-2012.xml
Processing ../TAMU/WomenBasketball_Preprocessed/TAMU_AMCC_12-10-2016.xml
Completed Processing ../TAMU/WomenBasketball_Preprocessed/TAMU_AMCC_12-10-2016.xml
Processing ../TAMU/WomenBasketball_Preprocessed/TA_UALR_12-30-2005.xml
Completed Processing ../TAMU/WomenBasketball_Preprocessed/TA_UALR_12-30-2005.xml
Processing ../TAMU/WomenBasketball_Preprocessed/TAMU_SC_01-16-2014.xml
Completed Processing ../TAMU/WomenBasketball_Preprocessed/TAMU_SC_01-16-2014.xml
Processing ../TAMU/WomenBasketball_Preprocessed/TAMU_ORE_11-16-2017.xml
Completed Processing ../TAMU/WomenBasketball_Preprocessed/TAMU_ORE_11-16-2017.xml
Processing ../TAMU/WomenBasketball_Preprocessed/TAMW_PEP_12-20-2000.xml
Completed Processing ../TAMU/WomenBasketball_Preprocessed/TAMW_PEP_12-20-2000.xml
Processing ../TAMU/WomenBasketball_Preprocessed/TAMU_IOWA_11-26-2011.xml
Completed Processing ../TAMU/WomenBasketball_Preprocessed/TAMU_IOWA_11-26-2011.xml
Processing ../TAMU/WomenBasketball_Preprocessed/TAMU_SHSU_12-29-2006.xml
Completed Processing ../TAMU/WomenBasketball_Preprocessed/TAMU_SHSU_12-29-2006.xml
Processing ../TAMU/WomenBasketball_Preprocessed/TA_SHSU_12-10-2005.xml
Completed Processing ../TAMU/WomenBasketball_Preprocessed/TA_SHSU_12-10-2005.xml
Processing ../TAMU/WomenBasketball_Preprocessed/KS_TAMW_01-20-2001.xml
Completed Processing ../TAMU/WomenBasketball_Preprocessed/KS_TAMW_01-20-2001.xml
Processing ../TAMU/WomenBasketball_Preprocessed/VANDY_TAMU_01-28-2018.xml
Completed Processing ../TAMU/WomenBasketball_Preprocessed/VANDY_TAMU_01-28-2018.xml
Processing ../TAMU/WomenBasketball_Preprocessed/KS_TAMU_12-19-2012.xml
Completed Processing ../TAMU/WomenBasketball_Preprocessed/KS_TAMU_12-19-2012.xml
Processing ../TAMU/WomenBasketball_Preprocessed/TAMU_ACU_11-26-2016.xml
Completed Processing ../TAMU/WomenBasketball_Preprocessed/TAMU_ACU_11-26-2016.xml
Processing ../TAMU/WomenBasketball_Preprocessed/TAMU_UT_03-12-2010.xml
Completed Processing ../TAMU/WomenBasketball_Preprocessed/TAMU_UT_03-12-2010.xml
Processing ../TAMU/WomenBasketball_Preprocessed/TAMU_RICE_11-29-2017.xml
Completed Processing ../TAMU/WomenBasketball_Preprocessed/TAMU_RICE_11-29-2017.xml
Processing ../TAMU/WomenBasketball_Preprocessed/MU_TAMU_03-03-2017.xml
Completed Processing ../TAMU/WomenBasketball_Preprocessed/MU_TAMU_03-03-2017.xml
Processing ../TAMU/WomenBasketball_Preprocessed/TAMU_UND_03-23-2014.xml
Completed Processing ../TAMU/WomenBasketball_Preprocessed/TAMU_UND_03-23-2014.xml
Processing ../TAMU/WomenBasketball_Preprocessed/OU_TA_01-18-2003.xml
Completed Processing ../TAMU/WomenBasketball_Preprocessed/OU_TA_01-18-2003.xml
Processing ../TAMU/WomenBasketball_Preprocessed/CU_TA_01-19-2002.xml
Completed Processing ../TAMU/WomenBasketball_Preprocessed/CU_TA_01-19-2002.xml
Processing ../TAMU/WomenBasketball_Preprocessed/BU_TA_01-22-2003.xml
Completed Processing ../TAMU/WomenBasketball_Preprocessed/BU_TA_01-22-2003.xml
Processing ../TAMU/WomenBasketball_Preprocessed/TA_UT_03-02-2005.xml
Completed Processing ../TAMU/WomenBasketball_Preprocessed/TA_UT_03-02-2005.xml
Processing ../TAMU/WomenBasketball_Preprocessed/WASH_TAMU_12-29-2014.xml
Completed Processing ../TAMU/WomenBasketball_Preprocessed/WASH_TAMU_12-29-2014.xml
Processing ../TAMU/WomenBasketball_Preprocessed/TA_ISU_01-31-2004.xml
Completed Processing ../TAMU/WomenBasketball_Preprocessed/TA_ISU_01-31-2004.xml
Processing ../TAMU/WomenBasketball_Preprocessed/LSU_TAMU_01-10-2016.xml
Completed Processing ../TAMU/WomenBasketball_Preprocessed/LSU_TAMU_01-10-2016.xml
Processing ../TAMU/WomenBasketball_Preprocessed/MICH_TAMU_11-20-2008.xml
Completed Processing ../TAMU/WomenBasketball_Preprocessed/MICH_TAMU_11-20-2008.xml
Processing ../TAMU/WomenBasketball_Preprocessed/MD_TAMU_03-25-2012.xml
Completed Processing ../TAMU/WomenBasketball_Preprocessed/MD_TAMU_03-25-2012.xml
Processing ../TAMU/WomenBasketball_Preprocessed/TAMU_UM_02-21-2013.xml
Completed Processing ../TAMU/WomenBasketball_Preprocessed/TAMU_UM_02-21-2013.xml
Processing ../TAMU/WomenBasketball_Preprocessed/TAMU_MCN_11-21-2006.xml
Completed Processing ../TAMU/WomenBasketball_Preprocessed/TAMU_MCN_11-21-2006.xml
Processing ../TAMU/WomenBasketball_Preprocessed/TAMU_LR_11-22-2017.xml
Completed Processing ../TAMU/WomenBasketball_Preprocessed/TAMU_LR_11-22-2017.xml
Processing ../TAMU/WomenBasketball_Preprocessed/TAMU_UT_02-07-2016.xml
Completed Processing ../TAMU/WomenBasketball_Preprocessed/TAMU_UT_02-07-2016.xml
Processing ../TAMU/WomenBasketball_Preprocessed/TAMU_SIU_12-05-2009.xml
Completed Processing ../TAMU/WomenBasketball_Preprocessed/TAMU_SIU_12-05-2009.xml
Processing ../TAMU/WomenBasketball_Preprocessed/BU_TAMU_03-07-2009.xml
Completed Processing ../TAMU/WomenBasketball_Preprocessed/BU_TAMU_03-07-2009.xml
Processing ../TAMU/WomenBasketball_Preprocessed/TA_LASALLE_11-22-2003.xml
Completed Processing ../TAMU/WomenBasketball_Preprocessed/TA_LASALLE_11-22-2003.xml
Processing ../TAMU/WomenBasketball_Preprocessed/TAMU_UA_01-05-2014.xml
Completed Processing ../TAMU/WomenBasketball_Preprocessed/TAMU_UA_01-05-2014.xml
Processing ../TAMU/WomenBasketball_Preprocessed/KU_TAMU_01-26-2008.xml
Completed Processing ../TAMU/WomenBasketball_Preprocessed/KU_TAMU_01-26-2008.xml
Processing ../TAMU/WomenBasketball_Preprocessed/TAMU_OM_02-08-2018.xml
Completed Processing ../TAMU/WomenBasketball_Preprocessed/TAMU_OM_02-08-2018.xml
Processing ../TAMU/WomenBasketball_Preprocessed/TAMW_TTW_01-13-2001.xml
Completed Processing ../TAMU/WomenBasketball_Preprocessed/TAMW_TTW_01-13-2001.xml
Processing ../TAMU/WomenBasketball_Preprocessed/OU_TAMU_01-26-2011.xml
Completed Processing ../TAMU/WomenBasketball_Preprocessed/OU_TAMU_01-26-2011.xml
Processing ../TAMU/WomenBasketball_Preprocessed/TAMU_UALR_03-21-2015.xml
Completed Processing ../TAMU/WomenBasketball_Preprocessed/TAMU_UALR_03-21-2015.xml
Processing ../TAMU/WomenBasketball_Preprocessed/CU_TA_01-21-2004.xml
Completed Processing ../TAMU/WomenBasketball_Preprocessed/CU_TA_01-21-2004.xml
Processing ../TAMU/WomenBasketball_Preprocessed/TT_TA_01-28-2004.xml
Completed Processing ../TAMU/WomenBasketball_Preprocessed/TT_TA_01-28-2004.xml
Processing ../TAMU/WomenBasketball_Preprocessed/TAMU_UT_02-21-2009.xml
Completed Processing ../TAMU/WomenBasketball_Preprocessed/TAMU_UT_02-21-2009.xml
Processing ../TAMU/WomenBasketball_Preprocessed/OSU_TAMU_01-24-2009.xml
Completed Processing ../TAMU/WomenBasketball_Preprocessed/OSU_TAMU_01-24-2009.xml
Processing ../TAMU/WomenBasketball_Preprocessed/TAMU_TTU_01-23-2010.xml
Completed Processing ../TAMU/WomenBasketball_Preprocessed/TAMU_TTU_01-23-2010.xml
Processing ../TAMU/WomenBasketball_Preprocessed/MS_TAMU_01-29-2017.xml
Completed Processing ../TAMU/WomenBasketball_Preprocessed/MS_TAMU_01-29-2017.xml
Processing ../TAMU/WomenBasketball_Preprocessed/UT_TAMU_01-09-2010.xml
Completed Processing ../TAMU/WomenBasketball_Preprocessed/UT_TAMU_01-09-2010.xml
Processing ../TAMU/WomenBasketball_Preprocessed/OS_TA_01-12-2005.xml
Completed Processing ../TAMU/WomenBasketball_Preprocessed/OS_TA_01-12-2005.xml
Processing ../TAMU/WomenBasketball_Preprocessed/TAMU_PSU_11-14-2012.xml
Completed Processing ../TAMU/WomenBasketball_Preprocessed/TAMU_PSU_11-14-2012.xml
Processing ../TAMU/WomenBasketball_Preprocessed/SHU_TA_11-29-2003.xml
Completed Processing ../TAMU/WomenBasketball_Preprocessed/SHU_TA_11-29-2003.xml
Processing ../TAMU/WomenBasketball_Preprocessed/TAMU_TTU_02-17-2008.xml
Completed Processing ../TAMU/WomenBasketball_Preprocessed/TAMU_TTU_02-17-2008.xml
Processing ../TAMU/WomenBasketball_Preprocessed/TAMU_SDSU_12-03-2013.xml
Completed Processing ../TAMU/WomenBasketball_Preprocessed/TAMU_SDSU_12-03-2013.xml
Processing ../TAMU/WomenBasketball_Preprocessed/TAMU_OSU_01-30-2007.xml
Completed Processing ../TAMU/WomenBasketball_Preprocessed/TAMU_OSU_01-30-2007.xml
Processing ../TAMU/WomenBasketball_Preprocessed/OSU_TAMU_03-15-2008.xml
Completed Processing ../TAMU/WomenBasketball_Preprocessed/OSU_TAMU_03-15-2008.xml
Processing ../TAMU/WomenBasketball_Preprocessed/TAMU_MU_02-25-2018.xml
Completed Processing ../TAMU/WomenBasketball_Preprocessed/TAMU_MU_02-25-2018.xml
Processing ../TAMU/WomenBasketball_Preprocessed/PSU_TAMU_12-15-2013.xml
Completed Processing ../TAMU/WomenBasketball_Preprocessed/PSU_TAMU_12-15-2013.xml
Processing ../TAMU/WomenBasketball_Preprocessed/TAMU_HARTFORD_03-24-2008.xml
Completed Processing ../TAMU/WomenBasketball_Preprocessed/TAMU_HARTFORD_03-24-2008.xml
Processing ../TAMU/WomenBasketball_Preprocessed/TAMU_OM_01-18-2015.xml
Completed Processing ../TAMU/WomenBasketball_Preprocessed/TAMU_OM_01-18-2015.xml
Processing ../TAMU/WomenBasketball_Preprocessed/TC_TAMU_12-12-2009.xml
Completed Processing ../TAMU/WomenBasketball_Preprocessed/TC_TAMU_12-12-2009.xml
Processing ../TAMU/WomenBasketball_Preprocessed/TAMU_PEP_11-10-2006.xml
Completed Processing ../TAMU/WomenBasketball_Preprocessed/TAMU_PEP_11-10-2006.xml
Processing ../TAMU/WomenBasketball_Preprocessed/LSU_TAMU_03-02-2018.xml
Completed Processing ../TAMU/WomenBasketball_Preprocessed/LSU_TAMU_03-02-2018.xml
Processing ../TAMU/WomenBasketball_Preprocessed/OS_TA_01-11-2003.xml
Completed Processing ../TAMU/WomenBasketball_Preprocessed/OS_TA_01-11-2003.xml
Processing ../TAMU/WomenBasketball_Preprocessed/TA_ISU_02-26-2006.xml
Completed Processing ../TAMU/WomenBasketball_Preprocessed/TA_ISU_02-26-2006.xml
Processing ../TAMU/WomenBasketball_Preprocessed/TA_UTA_12-14-2002.xml
Completed Processing ../TAMU/WomenBasketball_Preprocessed/TA_UTA_12-14-2002.xml
Processing ../TAMU/WomenBasketball_Preprocessed/CAL_TAMU_11-27-2015.xml
Completed Processing ../TAMU/WomenBasketball_Preprocessed/CAL_TAMU_11-27-2015.xml
Processing ../TAMU/WomenBasketball_Preprocessed/TAMU_DU_03-16-2018.xml
Completed Processing ../TAMU/WomenBasketball_Preprocessed/TAMU_DU_03-16-2018.xml
Processing ../TAMU/WomenBasketball_Preprocessed/TA_UT_01-25-2004.xml
Completed Processing ../TAMU/WomenBasketball_Preprocessed/TA_UT_01-25-2004.xml
Processing ../TAMU/WomenBasketball_Preprocessed/UGA_TAMU_01-12-2014.xml
Completed Processing ../TAMU/WomenBasketball_Preprocessed/UGA_TAMU_01-12-2014.xml
Processing ../TAMU/WomenBasketball_Preprocessed/TAMU_UNO_12-09-2007.xml
Completed Processing ../TAMU/WomenBasketball_Preprocessed/TAMU_UNO_12-09-2007.xml
Processing ../TAMU/WomenBasketball_Preprocessed/TAMU_NT_12-31-2014.xml
Completed Processing ../TAMU/WomenBasketball_Preprocessed/TAMU_NT_12-31-2014.xml
Processing ../TAMU/WomenBasketball_Preprocessed/UCONN_TAMU_03-31-2014.xml
Completed Processing ../TAMU/WomenBasketball_Preprocessed/UCONN_TAMU_03-31-2014.xml
Processing ../TAMU/WomenBasketball_Preprocessed/TA_CU_02-08-2003.xml
Completed Processing ../TAMU/WomenBasketball_Preprocessed/TA_CU_02-08-2003.xml
Processing ../TAMU/WomenBasketball_Preprocessed/TA_BU_01-05-2005.xml
Completed Processing ../TAMU/WomenBasketball_Preprocessed/TA_BU_01-05-2005.xml
Processing ../TAMU/WomenBasketball_Preprocessed/TAMU_DPU_12-12-2015.xml
Completed Processing ../TAMU/WomenBasketball_Preprocessed/TAMU_DPU_12-12-2015.xml
Processing ../TAMU/WomenBasketball_Preprocessed/TC_TAMU_12-11-2011.xml
Completed Processing ../TAMU/WomenBasketball_Preprocessed/TC_TAMU_12-11-2011.xml
Processing ../TAMU/WomenBasketball_Preprocessed/BRWN_TA_12-02-2001.xml
Completed Processing ../TAMU/WomenBasketball_Preprocessed/BRWN_TA_12-02-2001.xml
Processing ../TAMU/WomenBasketball_Preprocessed/TAMU_MER_11-14-2008.xml
Completed Processing ../TAMU/WomenBasketball_Preprocessed/TAMU_MER_11-14-2008.xml
Processing ../TAMU/WomenBasketball_Preprocessed/TA_OU_01-28-2006.xml
Completed Processing ../TAMU/WomenBasketball_Preprocessed/TA_OU_01-28-2006.xml
Processing ../TAMU/WomenBasketball_Preprocessed/TAMU_SMU_12-28-2017.xml
Completed Processing ../TAMU/WomenBasketball_Preprocessed/TAMU_SMU_12-28-2017.xml
Processing ../TAMU/WomenBasketball_Preprocessed/HOU_TAMU_11-17-2013.xml
Completed Processing ../TAMU/WomenBasketball_Preprocessed/HOU_TAMU_11-17-2013.xml
Processing ../TAMU/WomenBasketball_Preprocessed/WAKE_TAMU_11-23-2007.xml
Completed Processing ../TAMU/WomenBasketball_Preprocessed/WAKE_TAMU_11-23-2007.xml
Processing ../TAMU/WomenBasketball_Preprocessed/KS_TAMU_03-02-2011.xml
Completed Processing ../TAMU/WomenBasketball_Preprocessed/KS_TAMU_03-02-2011.xml
Processing ../TAMU/WomenBasketball_Preprocessed/HOU_TA_12-31-2002.xml
Completed Processing ../TAMU/WomenBasketball_Preprocessed/HOU_TA_12-31-2002.xml
Processing ../TAMU/WomenBasketball_Preprocessed/TAMU_USC_12-18-2011.xml
Completed Processing ../TAMU/WomenBasketball_Preprocessed/TAMU_USC_12-18-2011.xml
Processing ../TAMU/WomenBasketball_Preprocessed/BU_TAMU_02-25-2007.xml
Completed Processing ../TAMU/WomenBasketball_Preprocessed/BU_TAMU_02-25-2007.xml
Processing ../TAMU/WomenBasketball_Preprocessed/TA_HOU_12-30-2003.xml
Completed Processing ../TAMU/WomenBasketball_Preprocessed/TA_HOU_12-30-2003.xml
Processing ../TAMU/WomenBasketball_Preprocessed/UK_TAMU_02-19-2015.xml
Completed Processing ../TAMU/WomenBasketball_Preprocessed/UK_TAMU_02-19-2015.xml
Processing ../TAMU/WomenBasketball_Preprocessed/DAYTON_TAMU_12-20-2016.xml
Completed Processing ../TAMU/WomenBasketball_Preprocessed/DAYTON_TAMU_12-20-2016.xml
Processing ../TAMU/WomenBasketball_Preprocessed/TAMU_UK_02-28-2016.xml
Completed Processing ../TAMU/WomenBasketball_Preprocessed/TAMU_UK_02-28-2016.xml
Processing ../TAMU/WomenBasketball_Preprocessed/TA_PVAMU_12-03-2002.xml
Completed Processing ../TAMU/WomenBasketball_Preprocessed/TA_PVAMU_12-03-2002.xml
Processing ../TAMU/WomenBasketball_Preprocessed/TAMU_AR_01-12-2017.xml
Completed Processing ../TAMU/WomenBasketball_Preprocessed/TAMU_AR_01-12-2017.xml
Processing ../TAMU/WomenBasketball_Preprocessed/TAMU_MU_01-27-2013.xml
Completed Processing ../TAMU/WomenBasketball_Preprocessed/TAMU_MU_01-27-2013.xml
Processing ../TAMU/WomenBasketball_Preprocessed/KS_TA_01-19-2005.xml
Completed Processing ../TAMU/WomenBasketball_Preprocessed/KS_TA_01-19-2005.xml
Processing ../TAMU/WomenBasketball_Preprocessed/SMU_TAMU_12-09-2014.xml
Completed Processing ../TAMU/WomenBasketball_Preprocessed/SMU_TAMU_12-09-2014.xml
Processing ../TAMU/WomenBasketball_Preprocessed/UT_TA_02-08-2006.xml
Completed Processing ../TAMU/WomenBasketball_Preprocessed/UT_TA_02-08-2006.xml
Processing ../TAMU/WomenBasketball_Preprocessed/TAMU_PVAM_11-13-2013.xml
Completed Processing ../TAMU/WomenBasketball_Preprocessed/TAMU_PVAM_11-13-2013.xml
Processing ../TAMU/WomenBasketball_Preprocessed/TAMU_DPU_03-29-2014.xml
Completed Processing ../TAMU/WomenBasketball_Preprocessed/TAMU_DPU_03-29-2014.xml
Processing ../TAMU/WomenBasketball_Preprocessed/TAMU_AR_02-12-2015.xml
Completed Processing ../TAMU/WomenBasketball_Preprocessed/TAMU_AR_02-12-2015.xml
Processing ../TAMU/WomenBasketball_Preprocessed/TAMU_USC_11-30-2016.xml
Completed Processing ../TAMU/WomenBasketball_Preprocessed/TAMU_USC_11-30-2016.xml
Processing ../TAMU/WomenBasketball_Preprocessed/TAMU_UTA_12-28-2007.xml
Completed Processing ../TAMU/WomenBasketball_Preprocessed/TAMU_UTA_12-28-2007.xml
Processing ../TAMU/WomenBasketball_Preprocessed/TAMU_GON_12-20-2009.xml
Completed Processing ../TAMU/WomenBasketball_Preprocessed/TAMU_GON_12-20-2009.xml
Processing ../TAMU/WomenBasketball_Preprocessed/UK_TAMU_01-08-2017.xml
Completed Processing ../TAMU/WomenBasketball_Preprocessed/UK_TAMU_01-08-2017.xml
Processing ../TAMU/WomenBasketball_Preprocessed/TA_UALR_12-03-2003.xml
Completed Processing ../TAMU/WomenBasketball_Preprocessed/TA_UALR_12-03-2003.xml
Processing ../TAMU/WomenBasketball_Preprocessed/TAMU_WIU_01-02-2007.xml
Completed Processing ../TAMU/WomenBasketball_Preprocessed/TAMU_WIU_01-02-2007.xml
Processing ../TAMU/WomenBasketball_Preprocessed/TA_TULSA_03-16-2005.xml
Completed Processing ../TAMU/WomenBasketball_Preprocessed/TA_TULSA_03-16-2005.xml
Processing ../TAMU/WomenBasketball_Preprocessed/TAMU_NEB_03-25-2013.xml
Completed Processing ../TAMU/WomenBasketball_Preprocessed/TAMU_NEB_03-25-2013.xml
Processing ../TAMU/WomenBasketball_Preprocessed/UT_TAMU_01-21-2007.xml
Completed Processing ../TAMU/WomenBasketball_Preprocessed/UT_TAMU_01-21-2007.xml
Processing ../TAMU/WomenBasketball_Preprocessed/TA_SCU_12-01-2002.xml
Completed Processing ../TAMU/WomenBasketball_Preprocessed/TA_SCU_12-01-2002.xml
Processing ../TAMU/WomenBasketball_Preprocessed/TAMW_UTSA_12-01-2000.xml
Completed Processing ../TAMU/WomenBasketball_Preprocessed/TAMW_UTSA_12-01-2000.xml
Processing ../TAMU/WomenBasketball_Preprocessed/TA_IPFW_11-30-2002.xml
Completed Processing ../TAMU/WomenBasketball_Preprocessed/TA_IPFW_11-30-2002.xml
Processing ../TAMU/WomenBasketball_Preprocessed/TAMU_UF_02-22-2015.xml
Completed Processing ../TAMU/WomenBasketball_Preprocessed/TAMU_UF_02-22-2015.xml
Processing ../TAMU/WomenBasketball_Preprocessed/TA_NT_01-02-2005.xml
Completed Processing ../TAMU/WomenBasketball_Preprocessed/TA_NT_01-02-2005.xml
Processing ../TAMU/WomenBasketball_Preprocessed/TAMU_UT_03-04-2016.xml
Completed Processing ../TAMU/WomenBasketball_Preprocessed/TAMU_UT_03-04-2016.xml
Processing ../TAMU/WomenBasketball_Preprocessed/ISU_TAMU_01-14-2012.xml
Completed Processing ../TAMU/WomenBasketball_Preprocessed/ISU_TAMU_01-14-2012.xml
Processing ../TAMU/WomenBasketball_Preprocessed/TAMU_VANDY_01-02-2015.xml
Completed Processing ../TAMU/WomenBasketball_Preprocessed/TAMU_VANDY_01-02-2015.xml
Processing ../TAMU/WomenBasketball_Preprocessed/TAMU_PITT_11-16-2008.xml
Completed Processing ../TAMU/WomenBasketball_Preprocessed/TAMU_PITT_11-16-2008.xml
Processing ../TAMU/WomenBasketball_Preprocessed/MU_TA_02-12-2005.xml
Completed Processing ../TAMU/WomenBasketball_Preprocessed/MU_TA_02-12-2005.xml
Processing ../TAMU/WomenBasketball_Preprocessed/BU_TA_01-23-2002.xml
Completed Processing ../TAMU/WomenBasketball_Preprocessed/BU_TA_01-23-2002.xml
Processing ../TAMU/WomenBasketball_Preprocessed/TAMU_SC_02-23-2017.xml
Completed Processing ../TAMU/WomenBasketball_Preprocessed/TAMU_SC_02-23-2017.xml
Processing ../TAMU/WomenBasketball_Preprocessed/TAMU_SMU_12-07-2015.xml
Completed Processing ../TAMU/WomenBasketball_Preprocessed/TAMU_SMU_12-07-2015.xml
Processing ../TAMU/WomenBasketball_Preprocessed/TA_SPC_11-21-2005.xml
Completed Processing ../TAMU/WomenBasketball_Preprocessed/TA_SPC_11-21-2005.xml
Processing ../TAMU/WomenBasketball_Preprocessed/TAMU_SU_12-21-2016.xml
Completed Processing ../TAMU/WomenBasketball_Preprocessed/TAMU_SU_12-21-2016.xml
Processing ../TAMU/WomenBasketball_Preprocessed/TAMU_KS_02-13-2010.xml
Completed Processing ../TAMU/WomenBasketball_Preprocessed/TAMU_KS_02-13-2010.xml
Processing ../TAMU/WomenBasketball_Preprocessed/TTU_TAMU_02-02-2008.xml
Completed Processing ../TAMU/WomenBasketball_Preprocessed/TTU_TAMU_02-02-2008.xml
Processing ../TAMU/WomenBasketball_Preprocessed/TAMU_DSU_12-20-2006.xml
Completed Processing ../TAMU/WomenBasketball_Preprocessed/TAMU_DSU_12-20-2006.xml
Processing ../TAMU/WomenBasketball_Preprocessed/TAMU_DPU_03-18-2018.xml
Completed Processing ../TAMU/WomenBasketball_Preprocessed/TAMU_DPU_03-18-2018.xml
Processing ../TAMU/WomenBasketball_Preprocessed/TAMU_UT_01-11-2012.xml
Completed Processing ../TAMU/WomenBasketball_Preprocessed/TAMU_UT_01-11-2012.xml
Processing ../TAMU/WomenBasketball_Preprocessed/TTU_TAMU_02-10-2010.xml
Completed Processing ../TAMU/WomenBasketball_Preprocessed/TTU_TAMU_02-10-2010.xml
Processing ../TAMU/WomenBasketball_Preprocessed/TA_UT_01-15-2003.xml
Completed Processing ../TAMU/WomenBasketball_Preprocessed/TA_UT_01-15-2003.xml
Processing ../TAMU/WomenBasketball_Preprocessed/UA_TAMU_02-16-2014.xml
Completed Processing ../TAMU/WomenBasketball_Preprocessed/UA_TAMU_02-16-2014.xml
Processing ../TAMU/WomenBasketball_Preprocessed/TA_TXST_12-04-2004.xml
Completed Processing ../TAMU/WomenBasketball_Preprocessed/TA_TXST_12-04-2004.xml
Processing ../TAMU/WomenBasketball_Preprocessed/TAMU_UNT_12-18-2006.xml
Completed Processing ../TAMU/WomenBasketball_Preprocessed/TAMU_UNT_12-18-2006.xml
Processing ../TAMU/WomenBasketball_Preprocessed/TA_TSU_12-29-2002.xml
Completed Processing ../TAMU/WomenBasketball_Preprocessed/TA_TSU_12-29-2002.xml
Processing ../TAMU/WomenBasketball_Preprocessed/TAMU_LOU_11-15-2011.xml
Completed Processing ../TAMU/WomenBasketball_Preprocessed/TAMU_LOU_11-15-2011.xml
Processing ../TAMU/WomenBasketball_Preprocessed/TA_OSU_02-26-2003.xml
Completed Processing ../TAMU/WomenBasketball_Preprocessed/TA_OSU_02-26-2003.xml
Processing ../TAMU/WomenBasketball_Preprocessed/TAMU_NU_03-05-2011.xml
Completed Processing ../TAMU/WomenBasketball_Preprocessed/TAMU_NU_03-05-2011.xml
Processing ../TAMU/WomenBasketball_Preprocessed/TAMU_PVAM_12-29-2015.xml
Completed Processing ../TAMU/WomenBasketball_Preprocessed/TAMU_PVAM_12-29-2015.xml
Processing ../TAMU/WomenBasketball_Preprocessed/TAMU_UK_02-18-2013.xml
Completed Processing ../TAMU/WomenBasketball_Preprocessed/TAMU_UK_02-18-2013.xml
Processing ../TAMU/WomenBasketball_Preprocessed/TAMU_TCU_12-06-2017.xml
Completed Processing ../TAMU/WomenBasketball_Preprocessed/TAMU_TCU_12-06-2017.xml
Processing ../TAMU/WomenBasketball_Preprocessed/BU_TAMU_01-12-2008.xml
Completed Processing ../TAMU/WomenBasketball_Preprocessed/BU_TAMU_01-12-2008.xml
Processing ../TAMU/WomenBasketball_Preprocessed/TX_TAMU_11-29-2013.xml
Completed Processing ../TAMU/WomenBasketball_Preprocessed/TX_TAMU_11-29-2013.xml
Processing ../TAMU/WomenBasketball_Preprocessed/CSU_TA_11-27-2004.xml
Completed Processing ../TAMU/WomenBasketball_Preprocessed/CSU_TA_11-27-2004.xml
Processing ../TAMU/WomenBasketball_Preprocessed/TAMU_SMU_12-07-2008.xml
Completed Processing ../TAMU/WomenBasketball_Preprocessed/TAMU_SMU_12-07-2008.xml
Processing ../TAMU/WomenBasketball_Preprocessed/TAMU_UTA_03-17-2007.xml
Completed Processing ../TAMU/WomenBasketball_Preprocessed/TAMU_UTA_03-17-2007.xml
Processing ../TAMU/WomenBasketball_Preprocessed/TA_KU_01-25-2003.xml
Completed Processing ../TAMU/WomenBasketball_Preprocessed/TA_KU_01-25-2003.xml
Processing ../TAMU/WomenBasketball_Preprocessed/TA_UNT_12-06-2003.xml
Completed Processing ../TAMU/WomenBasketball_Preprocessed/TA_UNT_12-06-2003.xml
Processing ../TAMU/WomenBasketball_Preprocessed/UTN_TAMU_04-01-2008.xml
Completed Processing ../TAMU/WomenBasketball_Preprocessed/UTN_TAMU_04-01-2008.xml
Processing ../TAMU/WomenBasketball_Preprocessed/AU_TAMU_01-07-2018.xml
Completed Processing ../TAMU/WomenBasketball_Preprocessed/AU_TAMU_01-07-2018.xml
Processing ../TAMU/WomenBasketball_Preprocessed/TAMW_COLW_02-17-2001.xml
Completed Processing ../TAMU/WomenBasketball_Preprocessed/TAMW_COLW_02-17-2001.xml
Processing ../TAMU/WomenBasketball_Preprocessed/OU_TAMU_01-18-2009.xml
Completed Processing ../TAMU/WomenBasketball_Preprocessed/OU_TAMU_01-18-2009.xml
Processing ../TAMU/WomenBasketball_Preprocessed/OU_TA_02-15-2006.xml
Completed Processing ../TAMU/WomenBasketball_Preprocessed/OU_TA_02-15-2006.xml
Processing ../TAMU/WomenBasketball_Preprocessed/TAMU_KS_01-09-2008.xml
Completed Processing ../TAMU/WomenBasketball_Preprocessed/TAMU_KS_01-09-2008.xml
Processing ../TAMU/WomenBasketball_Preprocessed/TAMU_MIN_03-24-2009.xml
Completed Processing ../TAMU/WomenBasketball_Preprocessed/TAMU_MIN_03-24-2009.xml
Processing ../TAMU/WomenBasketball_Preprocessed/TAMU_TC_12-21-2008.xml
Completed Processing ../TAMU/WomenBasketball_Preprocessed/TAMU_TC_12-21-2008.xml
Processing ../TAMU/WomenBasketball_Preprocessed/LV_TA_12-18-2005.xml
Completed Processing ../TAMU/WomenBasketball_Preprocessed/LV_TA_12-18-2005.xml
Processing ../TAMU/WomenBasketball_Preprocessed/UGA_TAMU_01-05-2017.xml
Completed Processing ../TAMU/WomenBasketball_Preprocessed/UGA_TAMU_01-05-2017.xml
Processing ../TAMU/WomenBasketball_Preprocessed/BU_TAMW_02-10-2001.xml
Completed Processing ../TAMU/WomenBasketball_Preprocessed/BU_TAMW_02-10-2001.xml
Processing ../TAMU/WomenBasketball_Preprocessed/TAMU_UGA_02-13-2014.xml
Completed Processing ../TAMU/WomenBasketball_Preprocessed/TAMU_UGA_02-13-2014.xml
Processing ../TAMU/WomenBasketball_Preprocessed/TAMU_NWLA_12-03-2014.xml
Completed Processing ../TAMU/WomenBasketball_Preprocessed/TAMU_NWLA_12-03-2014.xml
Processing ../TAMU/WomenBasketball_Preprocessed/LMU_TAMU_11-25-2006.xml
Completed Processing ../TAMU/WomenBasketball_Preprocessed/LMU_TAMU_11-25-2006.xml
Processing ../TAMU/WomenBasketball_Preprocessed/TA_WRIGHT_11-24-2001.xml
Completed Processing ../TAMU/WomenBasketball_Preprocessed/TA_WRIGHT_11-24-2001.xml
Processing ../TAMU/WomenBasketball_Preprocessed/LOU_TAMU_11-09-2012.xml
Completed Processing ../TAMU/WomenBasketball_Preprocessed/LOU_TAMU_11-09-2012.xml
Processing ../TAMU/WomenBasketball_Preprocessed/TAMU_LSU_01-11-2015.xml
Completed Processing ../TAMU/WomenBasketball_Preprocessed/TAMU_LSU_01-11-2015.xml
Processing ../TAMU/WomenBasketball_Preprocessed/TAMU_CAL_12-04-2010.xml
Completed Processing ../TAMU/WomenBasketball_Preprocessed/TAMU_CAL_12-04-2010.xml
Processing ../TAMU/WomenBasketball_Preprocessed/UT_TAMU_02-01-2018.xml
Completed Processing ../TAMU/WomenBasketball_Preprocessed/UT_TAMU_02-01-2018.xml
Processing ../TAMU/WomenBasketball_Preprocessed/UT_TAMU_02-27-2011.xml
Completed Processing ../TAMU/WomenBasketball_Preprocessed/UT_TAMU_02-27-2011.xml
Processing ../TAMU/WomenBasketball_Preprocessed/NU_TA_01-09-2002.xml
Completed Processing ../TAMU/WomenBasketball_Preprocessed/NU_TA_01-09-2002.xml
Processing ../TAMU/WomenBasketball_Preprocessed/CSUN_TA_11-25-2005.xml
Completed Processing ../TAMU/WomenBasketball_Preprocessed/CSUN_TA_11-25-2005.xml
Processing ../TAMU/WomenBasketball_Preprocessed/TAMU_DUKE_11-30-2014.xml
Completed Processing ../TAMU/WomenBasketball_Preprocessed/TAMU_DUKE_11-30-2014.xml
Processing ../TAMU/WomenBasketball_Preprocessed/TAMU_TCU_11-21-2015.xml
Completed Processing ../TAMU/WomenBasketball_Preprocessed/TAMU_TCU_11-21-2015.xml
Processing ../TAMU/WomenBasketball_Preprocessed/VANDY_TAMU_02-02-2014.xml
Completed Processing ../TAMU/WomenBasketball_Preprocessed/VANDY_TAMU_02-02-2014.xml
Processing ../TAMU/WomenBasketball_Preprocessed/MU_TAMU_01-23-2014.xml
Completed Processing ../TAMU/WomenBasketball_Preprocessed/MU_TAMU_01-23-2014.xml
Processing ../TAMU/WomenBasketball_Preprocessed/TAMU_SU_11-15-2015.xml
Completed Processing ../TAMU/WomenBasketball_Preprocessed/TAMU_SU_11-15-2015.xml
Processing ../TAMU/WomenBasketball_Preprocessed/TAMU_FS_03-21-2016.xml
Completed Processing ../TAMU/WomenBasketball_Preprocessed/TAMU_FS_03-21-2016.xml
Processing ../TAMU/WomenBasketball_Preprocessed/TA_OU_01-14-2004.xml
Completed Processing ../TAMU/WomenBasketball_Preprocessed/TA_OU_01-14-2004.xml
Processing ../TAMU/WomenBasketball_Preprocessed/TAMU_BYU_12-05-2015.xml
Completed Processing ../TAMU/WomenBasketball_Preprocessed/TAMU_BYU_12-05-2015.xml
Processing ../TAMU/WomenBasketball_Preprocessed/TAMU_AU_02-01-2015.xml
Completed Processing ../TAMU/WomenBasketball_Preprocessed/TAMU_AU_02-01-2015.xml
Processing ../TAMU/WomenBasketball_Preprocessed/LSU_TAMU_02-04-2013.xml
Completed Processing ../TAMU/WomenBasketball_Preprocessed/LSU_TAMU_02-04-2013.xml
Processing ../TAMU/WomenBasketball_Preprocessed/BUCK_TA_11-20-2004.xml
Completed Processing ../TAMU/WomenBasketball_Preprocessed/BUCK_TA_11-20-2004.xml
Processing ../TAMU/WomenBasketball_Preprocessed/MU_TAMW_01-10-2001.xml
Completed Processing ../TAMU/WomenBasketball_Preprocessed/MU_TAMW_01-10-2001.xml
Processing ../TAMU/WomenBasketball_Preprocessed/LSU_TAMU_01-09-2014.xml
Completed Processing ../TAMU/WomenBasketball_Preprocessed/LSU_TAMU_01-09-2014.xml
Processing ../TAMU/WomenBasketball_Preprocessed/TAMU_RU_03-22-2011.xml
Completed Processing ../TAMU/WomenBasketball_Preprocessed/TAMU_RU_03-22-2011.xml
Processing ../TAMU/WomenBasketball_Preprocessed/OSU_TAMU_02-27-2008.xml
Completed Processing ../TAMU/WomenBasketball_Preprocessed/OSU_TAMU_02-27-2008.xml
Processing ../TAMU/WomenBasketball_Preprocessed/IS_TAMU_02-14-2007.xml
Code: 500 Text: {"errors":[{"code":"XMLParseError","title":"Error occured while parsing XML file","detail":"TypeError: inputPlay.$.checkname.replace is not a function\n    at Play.parse (/var/app/current/server/build/src/lib/importer/statcrew/basketball/play.js:114:52)\n    at period.play.map (/var/app/current/server/build/src/lib/importer/statcrew/basketball/play.js:178:18)\n    at Array.map (native)\n    at Object.parsePlays (/var/app/current/server/build/src/lib/importer/statcrew/basketball/play.js:176:43)\n    at BasketballImporter.parse (/var/app/current/server/build/src/lib/importer/statcrew/basketball/basketballImporter.js:64:29)\n    at Object.<anonymous> (/var/app/current/server/build/src/routes/api_v1/upload/game.route.js:43:25)\n    at next (native)\n    at fulfilled (/var/app/current/server/build/src/routes/api_v1/upload/game.route.js:4:58)"}]}
HTTP Error: {"errors":[{"code":"XMLParseError","title":"Error occured while parsing XML file","detail":"TypeError: inputPlay.$.checkname.replace is not a function\n    at Play.parse (/var/app/current/server/build/src/lib/importer/statcrew/basketball/play.js:114:52)\n    at period.play.map (/var/app/current/server/build/src/lib/importer/statcrew/basketball/play.js:178:18)\n    at Array.map (native)\n    at Object.parsePlays (/var/app/current/server/build/src/lib/importer/statcrew/basketball/play.js:176:43)\n    at BasketballImporter.parse (/var/app/current/server/build/src/lib/importer/statcrew/basketball/basketballImporter.js:64:29)\n    at Object.<anonymous> (/var/app/current/server/build/src/routes/api_v1/upload/game.route.js:43:25)\n    at next (native)\n    at fulfilled (/var/app/current/server/build/src/routes/api_v1/upload/game.route.js:4:58)"}]} 
Failed processing file: <../TAMU/WomenBasketball_Preprocessed/IS_TAMU_02-14-2007.xml>, Skipping the file.
Processing ../TAMU/WomenBasketball_Preprocessed/TAMU_UA_02-09-2017.xml
Completed Processing ../TAMU/WomenBasketball_Preprocessed/TAMU_UA_02-09-2017.xml
Processing ../TAMU/WomenBasketball_Preprocessed/BU_TA_03-09-2006.xml
Completed Processing ../TAMU/WomenBasketball_Preprocessed/BU_TA_03-09-2006.xml
