Processing ../TAMU/Baseball_Preprocessed/TA_TC_04-19-2011.xml
Completed Processing ../TAMU/Baseball_Preprocessed/TA_TC_04-19-2011.xml
Processing ../TAMU/Baseball_Preprocessed/RICE_TA_03-05-2011.xml
Completed Processing ../TAMU/Baseball_Preprocessed/RICE_TA_03-05-2011.xml
Processing ../TAMU/Baseball_Preprocessed/MU_TA_05-24-2012.xml
Completed Processing ../TAMU/Baseball_Preprocessed/MU_TA_05-24-2012.xml
Processing ../TAMU/Baseball_Preprocessed/TA_KU_03-25-2011.xml
Completed Processing ../TAMU/Baseball_Preprocessed/TA_KU_03-25-2011.xml
Processing ../TAMU/Baseball_Preprocessed/TA_SFA_03-22-2011.xml
Completed Processing ../TAMU/Baseball_Preprocessed/TA_SFA_03-22-2011.xml
Processing ../TAMU/Baseball_Preprocessed/KU_TA_04-13-2012.xml
Completed Processing ../TAMU/Baseball_Preprocessed/KU_TA_04-13-2012.xml
Processing ../TAMU/Baseball_Preprocessed/TA_KS_05-28-2011.xml
Completed Processing ../TAMU/Baseball_Preprocessed/TA_KS_05-28-2011.xml
Processing ../TAMU/Baseball_Preprocessed/TA_NU_05-14-2011.xml
Completed Processing ../TAMU/Baseball_Preprocessed/TA_NU_05-14-2011.xml
Processing ../TAMU/Baseball_Preprocessed/TA_BU_04-17-2011.xml
Completed Processing ../TAMU/Baseball_Preprocessed/TA_BU_04-17-2011.xml
Processing ../TAMU/Baseball_Preprocessed/OU_TA_03-18-2011.xml
Completed Processing ../TAMU/Baseball_Preprocessed/OU_TA_03-18-2011.xml
Processing ../TAMU/Baseball_Preprocessed/TA_MU_03-31-2012.xml
Completed Processing ../TAMU/Baseball_Preprocessed/TA_MU_03-31-2012.xml
Processing ../TAMU/Baseball_Preprocessed/TA_KS_03-16-2012.xml
Completed Processing ../TAMU/Baseball_Preprocessed/TA_KS_03-16-2012.xml
Processing ../TAMU/Baseball_Preprocessed/TA_NU_05-15-2011.xml
Completed Processing ../TAMU/Baseball_Preprocessed/TA_NU_05-15-2011.xml
Processing ../TAMU/Baseball_Preprocessed/TA_KS_03-17-2012.xml
Completed Processing ../TAMU/Baseball_Preprocessed/TA_KS_03-17-2012.xml
Processing ../TAMU/Baseball_Preprocessed/ARIZ_TA_06-05-2011.xml
Completed Processing ../TAMU/Baseball_Preprocessed/ARIZ_TA_06-05-2011.xml
Processing ../TAMU/Baseball_Preprocessed/TA_WSU_06-03-2011.xml
Completed Processing ../TAMU/Baseball_Preprocessed/TA_WSU_06-03-2011.xml
Processing ../TAMU/Baseball_Preprocessed/TA_HBU_03-27-2012.xml
Completed Processing ../TAMU/Baseball_Preprocessed/TA_HBU_03-27-2012.xml
Processing ../TAMU/Baseball_Preprocessed/TA_KU_03-26-2011.xml
Completed Processing ../TAMU/Baseball_Preprocessed/TA_KU_03-26-2011.xml
Processing ../TAMU/Baseball_Preprocessed/TA_LEM_02-20-2011.xml
Completed Processing ../TAMU/Baseball_Preprocessed/TA_LEM_02-20-2011.xml
Processing ../TAMU/Baseball_Preprocessed/TA_CSF_03-09-2012.xml
Completed Processing ../TAMU/Baseball_Preprocessed/TA_CSF_03-09-2012.xml
Processing ../TAMU/Baseball_Preprocessed/PEP_TA_03-23-2012.xml
Completed Processing ../TAMU/Baseball_Preprocessed/PEP_TA_03-23-2012.xml
Processing ../TAMU/Baseball_Preprocessed/TA_BU_04-16-2011.xml
Completed Processing ../TAMU/Baseball_Preprocessed/TA_BU_04-16-2011.xml
Processing ../TAMU/Baseball_Preprocessed/TA_KS_03-18-2012.xml
Completed Processing ../TAMU/Baseball_Preprocessed/TA_KS_03-18-2012.xml
Processing ../TAMU/Baseball_Preprocessed/TC_TA_06-03-2012.xml
Completed Processing ../TAMU/Baseball_Preprocessed/TC_TA_06-03-2012.xml
Processing ../TAMU/Baseball_Preprocessed/UT_TA_05-21-2011.xml
Completed Processing ../TAMU/Baseball_Preprocessed/UT_TA_05-21-2011.xml
Processing ../TAMU/Baseball_Preprocessed/TA_NWLA_02-29-2012.xml
Completed Processing ../TAMU/Baseball_Preprocessed/TA_NWLA_02-29-2012.xml
Processing ../TAMU/Baseball_Preprocessed/TA_ARIZ_06-07-2011.xml
Completed Processing ../TAMU/Baseball_Preprocessed/TA_ARIZ_06-07-2011.xml
Processing ../TAMU/Baseball_Preprocessed/TA_KU_05-23-2012.xml
Completed Processing ../TAMU/Baseball_Preprocessed/TA_KU_05-23-2012.xml
Processing ../TAMU/Baseball_Preprocessed/TA_UIC_02-17-2012.xml
Completed Processing ../TAMU/Baseball_Preprocessed/TA_UIC_02-17-2012.xml
Processing ../TAMU/Baseball_Preprocessed/TA_TTU_05-06-2012.xml
Completed Processing ../TAMU/Baseball_Preprocessed/TA_TTU_05-06-2012.xml
Processing ../TAMU/Baseball_Preprocessed/TA_UIC_02-18-2012.xml
Completed Processing ../TAMU/Baseball_Preprocessed/TA_UIC_02-18-2012.xml
Processing ../TAMU/Baseball_Preprocessed/MU_TA_05-01-2011.xml
Completed Processing ../TAMU/Baseball_Preprocessed/MU_TA_05-01-2011.xml
Processing ../TAMU/Baseball_Preprocessed/TA_KU_03-27-2011.xml
Completed Processing ../TAMU/Baseball_Preprocessed/TA_KU_03-27-2011.xml
Processing ../TAMU/Baseball_Preprocessed/TA_SDSU_05-13-2012.xml
Completed Processing ../TAMU/Baseball_Preprocessed/TA_SDSU_05-13-2012.xml
Processing ../TAMU/Baseball_Preprocessed/TA_SFA_02-21-2012.xml
Completed Processing ../TAMU/Baseball_Preprocessed/TA_SFA_02-21-2012.xml
Processing ../TAMU/Baseball_Preprocessed/TA_OU_04-06-2012.xml
Completed Processing ../TAMU/Baseball_Preprocessed/TA_OU_04-06-2012.xml
Processing ../TAMU/Baseball_Preprocessed/TA_LEM_02-18-2011.xml
Completed Processing ../TAMU/Baseball_Preprocessed/TA_LEM_02-18-2011.xml
Processing ../TAMU/Baseball_Preprocessed/TA_PVAM_02-22-2011.xml
Completed Processing ../TAMU/Baseball_Preprocessed/TA_PVAM_02-22-2011.xml
Processing ../TAMU/Baseball_Preprocessed/PEP_TA_03-24-2012.xml
Completed Processing ../TAMU/Baseball_Preprocessed/PEP_TA_03-24-2012.xml
Processing ../TAMU/Baseball_Preprocessed/TA_UTA_05-17-2011.xml
Completed Processing ../TAMU/Baseball_Preprocessed/TA_UTA_05-17-2011.xml
Processing ../TAMU/Baseball_Preprocessed/TA_UTPA_03-13-2012.xml
Completed Processing ../TAMU/Baseball_Preprocessed/TA_UTPA_03-13-2012.xml
Processing ../TAMU/Baseball_Preprocessed/OSU_TA_05-18-2012.xml
Completed Processing ../TAMU/Baseball_Preprocessed/OSU_TA_05-18-2012.xml
Processing ../TAMU/Baseball_Preprocessed/SC_TA_06-19-2011.xml
Completed Processing ../TAMU/Baseball_Preprocessed/SC_TA_06-19-2011.xml
Processing ../TAMU/Baseball_Preprocessed/TA_MSU_03-03-2012.xml
Completed Processing ../TAMU/Baseball_Preprocessed/TA_MSU_03-03-2012.xml
Processing ../TAMU/Baseball_Preprocessed/TA_CSF_03-15-2011.xml
Completed Processing ../TAMU/Baseball_Preprocessed/TA_CSF_03-15-2011.xml
Processing ../TAMU/Baseball_Preprocessed/KU_TA_05-25-2012.xml
Completed Processing ../TAMU/Baseball_Preprocessed/KU_TA_05-25-2012.xml
Processing ../TAMU/Baseball_Preprocessed/TA_SDSU_05-11-2012.xml
Completed Processing ../TAMU/Baseball_Preprocessed/TA_SDSU_05-11-2012.xml
Processing ../TAMU/Baseball_Preprocessed/TA_LEM_02-19-2011.xml
Completed Processing ../TAMU/Baseball_Preprocessed/TA_LEM_02-19-2011.xml
Processing ../TAMU/Baseball_Preprocessed/TA_UTAH_03-04-2011.xml
Completed Processing ../TAMU/Baseball_Preprocessed/TA_UTAH_03-04-2011.xml
Processing ../TAMU/Baseball_Preprocessed/KS_TA_04-02-2011.xml
Completed Processing ../TAMU/Baseball_Preprocessed/KS_TA_04-02-2011.xml
Processing ../TAMU/Baseball_Preprocessed/UT_TA_04-28-2012.xml
Completed Processing ../TAMU/Baseball_Preprocessed/UT_TA_04-28-2012.xml
Processing ../TAMU/Baseball_Preprocessed/TA_MU_04-01-2012.xml
Completed Processing ../TAMU/Baseball_Preprocessed/TA_MU_04-01-2012.xml
Processing ../TAMU/Baseball_Preprocessed/TA_UD_06-01-2012.xml
Completed Processing ../TAMU/Baseball_Preprocessed/TA_UD_06-01-2012.xml
Processing ../TAMU/Baseball_Preprocessed/UTA_TA_03-30-2011.xml
Completed Processing ../TAMU/Baseball_Preprocessed/UTA_TA_03-30-2011.xml
Processing ../TAMU/Baseball_Preprocessed/FS_TA_06-11-2011.xml
Completed Processing ../TAMU/Baseball_Preprocessed/FS_TA_06-11-2011.xml
Processing ../TAMU/Baseball_Preprocessed/TA_TTU_05-05-2012.xml
Completed Processing ../TAMU/Baseball_Preprocessed/TA_TTU_05-05-2012.xml
Processing ../TAMU/Baseball_Preprocessed/TA_NU_05-13-2011.xml
Completed Processing ../TAMU/Baseball_Preprocessed/TA_NU_05-13-2011.xml
Processing ../TAMU/Baseball_Preprocessed/KS_TA_05-26-2011.xml
Completed Processing ../TAMU/Baseball_Preprocessed/KS_TA_05-26-2011.xml
Processing ../TAMU/Baseball_Preprocessed/MU_TA_04-29-2011.xml
Completed Processing ../TAMU/Baseball_Preprocessed/MU_TA_04-29-2011.xml
Processing ../TAMU/Baseball_Preprocessed/TA_MU_05-29-2011.xml
Completed Processing ../TAMU/Baseball_Preprocessed/TA_MU_05-29-2011.xml
Processing ../TAMU/Baseball_Preprocessed/TA_HOU_04-05-2011.xml
Completed Processing ../TAMU/Baseball_Preprocessed/TA_HOU_04-05-2011.xml
Processing ../TAMU/Baseball_Preprocessed/TA_TTU_05-04-2012.xml
Completed Processing ../TAMU/Baseball_Preprocessed/TA_TTU_05-04-2012.xml
Processing ../TAMU/Baseball_Preprocessed/TA_CC_03-08-2011.xml
Completed Processing ../TAMU/Baseball_Preprocessed/TA_CC_03-08-2011.xml
Processing ../TAMU/Baseball_Preprocessed/KU_TA_04-15-2012.xml
Completed Processing ../TAMU/Baseball_Preprocessed/KU_TA_04-15-2012.xml
Processing ../TAMU/Baseball_Preprocessed/TA_SDSU_05-12-2012.xml
Completed Processing ../TAMU/Baseball_Preprocessed/TA_SDSU_05-12-2012.xml
Processing ../TAMU/Baseball_Preprocessed/TA_PVAMBB_03-06-2012.xml
Completed Processing ../TAMU/Baseball_Preprocessed/TA_PVAMBB_03-06-2012.xml
Processing ../TAMU/Baseball_Preprocessed/TA_UTPA_03-14-2012.xml
Completed Processing ../TAMU/Baseball_Preprocessed/TA_UTPA_03-14-2012.xml
Processing ../TAMU/Baseball_Preprocessed/HOU_TA_03-06-2011.xml
Completed Processing ../TAMU/Baseball_Preprocessed/HOU_TA_03-06-2011.xml
Processing ../TAMU/Baseball_Preprocessed/TA_BU_04-20-2012.xml
Completed Processing ../TAMU/Baseball_Preprocessed/TA_BU_04-20-2012.xml
Processing ../TAMU/Baseball_Preprocessed/TA_GON_02-27-2011.xml
Completed Processing ../TAMU/Baseball_Preprocessed/TA_GON_02-27-2011.xml
Processing ../TAMU/Baseball_Preprocessed/TA_UTPA_03-01-2011.xml
Completed Processing ../TAMU/Baseball_Preprocessed/TA_UTPA_03-01-2011.xml
Processing ../TAMU/Baseball_Preprocessed/TA_NWLA_02-28-2012.xml
Completed Processing ../TAMU/Baseball_Preprocessed/TA_NWLA_02-28-2012.xml
Processing ../TAMU/Baseball_Preprocessed/SHSU_TA_05-01-2012.xml
Completed Processing ../TAMU/Baseball_Preprocessed/SHSU_TA_05-01-2012.xml
Processing ../TAMU/Baseball_Preprocessed/TC_TA_04-24-2012.xml
Completed Processing ../TAMU/Baseball_Preprocessed/TC_TA_04-24-2012.xml
Processing ../TAMU/Baseball_Preprocessed/KS_TA_04-03-2011.xml
Completed Processing ../TAMU/Baseball_Preprocessed/KS_TA_04-03-2011.xml
Processing ../TAMU/Baseball_Preprocessed/TA_UTSA_04-03-2012.xml
Completed Processing ../TAMU/Baseball_Preprocessed/TA_UTSA_04-03-2012.xml
Processing ../TAMU/Baseball_Preprocessed/TA_CAL_06-21-2011.xml
Completed Processing ../TAMU/Baseball_Preprocessed/TA_CAL_06-21-2011.xml
Processing ../TAMU/Baseball_Preprocessed/OM_TA_06-02-2012.xml
Completed Processing ../TAMU/Baseball_Preprocessed/OM_TA_06-02-2012.xml
Processing ../TAMU/Baseball_Preprocessed/BU_TA_04-15-2011.xml
Completed Processing ../TAMU/Baseball_Preprocessed/BU_TA_04-15-2011.xml
Processing ../TAMU/Baseball_Preprocessed/OU_TA_03-20-2011.xml
Completed Processing ../TAMU/Baseball_Preprocessed/OU_TA_03-20-2011.xml
Processing ../TAMU/Baseball_Preprocessed/TTU_TA_04-10-2011.xml
Completed Processing ../TAMU/Baseball_Preprocessed/TTU_TA_04-10-2011.xml
Processing ../TAMU/Baseball_Preprocessed/TA_FS_06-13-2011.xml
Completed Processing ../TAMU/Baseball_Preprocessed/TA_FS_06-13-2011.xml
Processing ../TAMU/Baseball_Preprocessed/TA_FIU_03-12-2011.xml
Completed Processing ../TAMU/Baseball_Preprocessed/TA_FIU_03-12-2011.xml
Processing ../TAMU/Baseball_Preprocessed/TA_UTPA_03-02-2011.xml
Completed Processing ../TAMU/Baseball_Preprocessed/TA_UTPA_03-02-2011.xml
Processing ../TAMU/Baseball_Preprocessed/TA_UT_04-27-2012.xml
Completed Processing ../TAMU/Baseball_Preprocessed/TA_UT_04-27-2012.xml
Processing ../TAMU/Baseball_Preprocessed/TA_HC_02-26-2012.xml
Completed Processing ../TAMU/Baseball_Preprocessed/TA_HC_02-26-2012.xml
Processing ../TAMU/Baseball_Preprocessed/TA_OSU_04-23-2011.xml
Completed Processing ../TAMU/Baseball_Preprocessed/TA_OSU_04-23-2011.xml
Processing ../TAMU/Baseball_Preprocessed/TA_FIU_03-11-2011.xml
Completed Processing ../TAMU/Baseball_Preprocessed/TA_FIU_03-11-2011.xml
Processing ../TAMU/Baseball_Preprocessed/TA_OU_04-05-2012.xml
Completed Processing ../TAMU/Baseball_Preprocessed/TA_OU_04-05-2012.xml
Processing ../TAMU/Baseball_Preprocessed/RICE_TA_04-12-2011.xml
Completed Processing ../TAMU/Baseball_Preprocessed/RICE_TA_04-12-2011.xml
Processing ../TAMU/Baseball_Preprocessed/TA_OU_04-07-2012.xml
Completed Processing ../TAMU/Baseball_Preprocessed/TA_OU_04-07-2012.xml
Processing ../TAMU/Baseball_Preprocessed/KU_TA_04-14-2012.xml
Completed Processing ../TAMU/Baseball_Preprocessed/KU_TA_04-14-2012.xml
Processing ../TAMU/Baseball_Preprocessed/TA_UTA_04-10-2012.xml
Completed Processing ../TAMU/Baseball_Preprocessed/TA_UTA_04-10-2012.xml
Processing ../TAMU/Baseball_Preprocessed/OU_TA_03-19-2011.xml
Completed Processing ../TAMU/Baseball_Preprocessed/OU_TA_03-19-2011.xml
Processing ../TAMU/Baseball_Preprocessed/TA_SHSU_04-26-2011.xml
Completed Processing ../TAMU/Baseball_Preprocessed/TA_SHSU_04-26-2011.xml
Processing ../TAMU/Baseball_Preprocessed/TTU_TA_04-09-2011.xml
Completed Processing ../TAMU/Baseball_Preprocessed/TTU_TA_04-09-2011.xml
Processing ../TAMU/Baseball_Preprocessed/TA_MSU_03-02-2012.xml
Completed Processing ../TAMU/Baseball_Preprocessed/TA_MSU_03-02-2012.xml
Processing ../TAMU/Baseball_Preprocessed/TA_FIU_03-13-2011.xml
Completed Processing ../TAMU/Baseball_Preprocessed/TA_FIU_03-13-2011.xml
Processing ../TAMU/Baseball_Preprocessed/TA_TXST_05-10-2011.xml
Completed Processing ../TAMU/Baseball_Preprocessed/TA_TXST_05-10-2011.xml
Processing ../TAMU/Baseball_Preprocessed/TA_GON_02-25-2011.xml
Completed Processing ../TAMU/Baseball_Preprocessed/TA_GON_02-25-2011.xml
Processing ../TAMU/Baseball_Preprocessed/KS_TA_04-01-2011.xml
Completed Processing ../TAMU/Baseball_Preprocessed/KS_TA_04-01-2011.xml
Processing ../TAMU/Baseball_Preprocessed/UT_TA_05-20-2011.xml
Completed Processing ../TAMU/Baseball_Preprocessed/UT_TA_05-20-2011.xml
Processing ../TAMU/Baseball_Preprocessed/TA_UT_05-19-2011.xml
Completed Processing ../TAMU/Baseball_Preprocessed/TA_UT_05-19-2011.xml
Processing ../TAMU/Baseball_Preprocessed/UT_TA_04-29-2012.xml
Completed Processing ../TAMU/Baseball_Preprocessed/UT_TA_04-29-2012.xml
Processing ../TAMU/Baseball_Preprocessed/TA_MU_03-30-2012.xml
Completed Processing ../TAMU/Baseball_Preprocessed/TA_MU_03-30-2012.xml
Processing ../TAMU/Baseball_Preprocessed/TA_GON_02-26-2011.xml
Completed Processing ../TAMU/Baseball_Preprocessed/TA_GON_02-26-2011.xml
Processing ../TAMU/Baseball_Preprocessed/TA_OSU_04-22-2011.xml
Completed Processing ../TAMU/Baseball_Preprocessed/TA_OSU_04-22-2011.xml
Processing ../TAMU/Baseball_Preprocessed/BU_TA_04-22-2012.xml
Completed Processing ../TAMU/Baseball_Preprocessed/BU_TA_04-22-2012.xml
Processing ../TAMU/Baseball_Preprocessed/BU_TA_04-21-2012.xml
Completed Processing ../TAMU/Baseball_Preprocessed/BU_TA_04-21-2012.xml
Processing ../TAMU/Baseball_Preprocessed/MU_TA_04-30-2011.xml
Completed Processing ../TAMU/Baseball_Preprocessed/MU_TA_04-30-2011.xml
Processing ../TAMU/Baseball_Preprocessed/TA_TXST_05-15-2012.xml
Completed Processing ../TAMU/Baseball_Preprocessed/TA_TXST_05-15-2012.xml
Processing ../TAMU/Baseball_Preprocessed/UTSA_TA_05-03-2011.xml
Completed Processing ../TAMU/Baseball_Preprocessed/UTSA_TA_05-03-2011.xml
