Processing ../TAMU/MenBasketball_Preprocessed/TAM_SFA_12-02-2010.xml
Completed Processing ../TAMU/MenBasketball_Preprocessed/TAM_SFA_12-02-2010.xml
Processing ../TAMU/MenBasketball_Preprocessed/TAMU_WY_03-19-2014.xml
Completed Processing ../TAMU/MenBasketball_Preprocessed/TAMU_WY_03-19-2014.xml
Processing ../TAMU/MenBasketball_Preprocessed/TAM_KU_03-08-2008.xml
Completed Processing ../TAMU/MenBasketball_Preprocessed/TAM_KU_03-08-2008.xml
Processing ../TAMU/MenBasketball_Preprocessed/TAM_NM_12-12-2009.xml
Completed Processing ../TAMU/MenBasketball_Preprocessed/TAM_NM_12-12-2009.xml
Processing ../TAMU/MenBasketball_Preprocessed/VU_TAMU_02-15-2014.xml
Completed Processing ../TAMU/MenBasketball_Preprocessed/VU_TAMU_02-15-2014.xml
Processing ../TAMU/MenBasketball_Preprocessed/TAM_BU_02-01-2012.xml
Completed Processing ../TAMU/MenBasketball_Preprocessed/TAM_BU_02-01-2012.xml
Processing ../TAMU/MenBasketball_Preprocessed/TAM_ATU_12-29-2011.xml
Completed Processing ../TAMU/MenBasketball_Preprocessed/TAM_ATU_12-29-2011.xml
Processing ../TAMU/MenBasketball_Preprocessed/TAMU_SMU_11-30-2013.xml
Completed Processing ../TAMU/MenBasketball_Preprocessed/TAMU_SMU_11-30-2013.xml
Processing ../TAMU/MenBasketball_Preprocessed/TAM_OU_01-17-2009.xml
Completed Processing ../TAMU/MenBasketball_Preprocessed/TAM_OU_01-17-2009.xml
Processing ../TAMU/MenBasketball_Preprocessed/MU_TAMU_03-14-2013.xml
Completed Processing ../TAMU/MenBasketball_Preprocessed/MU_TAMU_03-14-2013.xml
Processing ../TAMU/MenBasketball_Preprocessed/TAMU_RICE_11-15-2013.xml
Completed Processing ../TAMU/MenBasketball_Preprocessed/TAMU_RICE_11-15-2013.xml
Processing ../TAMU/MenBasketball_Preprocessed/TAM_LS_01-05-2008.xml
Completed Processing ../TAMU/MenBasketball_Preprocessed/TAM_LS_01-05-2008.xml
Processing ../TAMU/MenBasketball_Preprocessed/TAMU_SU_11-27-2015.xml
Completed Processing ../TAMU/MenBasketball_Preprocessed/TAMU_SU_11-27-2015.xml
Processing ../TAMU/MenBasketball_Preprocessed/TAM_COLORADO_01-12-2008.xml
Completed Processing ../TAMU/MenBasketball_Preprocessed/TAM_COLORADO_01-12-2008.xml
Processing ../TAMU/MenBasketball_Preprocessed/MS_TAMU_01-14-2017.xml
Completed Processing ../TAMU/MenBasketball_Preprocessed/MS_TAMU_01-14-2017.xml
Processing ../TAMU/MenBasketball_Preprocessed/TAM_UAPB-M_11-16-2008.xml
Completed Processing ../TAMU/MenBasketball_Preprocessed/TAM_UAPB-M_11-16-2008.xml
Processing ../TAMU/MenBasketball_Preprocessed/TAM_PVAMBB_12-02-2009.xml
Completed Processing ../TAMU/MenBasketball_Preprocessed/TAM_PVAMBB_12-02-2009.xml
Processing ../TAMU/MenBasketball_Preprocessed/TAM_FSU_03-18-2011.xml
Completed Processing ../TAMU/MenBasketball_Preprocessed/TAM_FSU_03-18-2011.xml
Processing ../TAMU/MenBasketball_Preprocessed/TAMU_MU_01-21-2015.xml
Completed Processing ../TAMU/MenBasketball_Preprocessed/TAMU_MU_01-21-2015.xml
Processing ../TAMU/MenBasketball_Preprocessed/TAMU_MU_01-23-2016.xml
Completed Processing ../TAMU/MenBasketball_Preprocessed/TAMU_MU_01-23-2016.xml
Processing ../TAMU/MenBasketball_Preprocessed/TAM_MCN_12-31-2010.xml
Completed Processing ../TAMU/MenBasketball_Preprocessed/TAM_MCN_12-31-2010.xml
Processing ../TAMU/MenBasketball_Preprocessed/TAMU_MS_01-13-2015.xml
Completed Processing ../TAMU/MenBasketball_Preprocessed/TAMU_MS_01-13-2015.xml
Processing ../TAMU/MenBasketball_Preprocessed/BU_TAM_03-05-2008.xml
Completed Processing ../TAMU/MenBasketball_Preprocessed/BU_TAM_03-05-2008.xml
Processing ../TAMU/MenBasketball_Preprocessed/TAM_ARIZ_12-05-2008.xml
Completed Processing ../TAMU/MenBasketball_Preprocessed/TAM_ARIZ_12-05-2008.xml
Processing ../TAMU/MenBasketball_Preprocessed/UF_TAMU_02-11-2017.xml
Completed Processing ../TAMU/MenBasketball_Preprocessed/UF_TAMU_02-11-2017.xml
Processing ../TAMU/MenBasketball_Preprocessed/UA_TAMU_01-06-2015.xml
Completed Processing ../TAMU/MenBasketball_Preprocessed/UA_TAMU_01-06-2015.xml
Processing ../TAMU/MenBasketball_Preprocessed/ALABAMA_TAMU_01-19-2013.xml
Completed Processing ../TAMU/MenBasketball_Preprocessed/ALABAMA_TAMU_01-19-2013.xml
Processing ../TAMU/MenBasketball_Preprocessed/UT_TAMU_01-13-2018.xml
Completed Processing ../TAMU/MenBasketball_Preprocessed/UT_TAMU_01-13-2018.xml
Processing ../TAMU/MenBasketball_Preprocessed/TT_TAM_02-14-2012.xml
Completed Processing ../TAMU/MenBasketball_Preprocessed/TT_TAM_02-14-2012.xml
Processing ../TAMU/MenBasketball_Preprocessed/TAMU_TAMUCC_11-19-2015.xml
Completed Processing ../TAMU/MenBasketball_Preprocessed/TAMU_TAMUCC_11-19-2015.xml
Processing ../TAMU/MenBasketball_Preprocessed/TAM_MCN_01-03-2009.xml
Completed Processing ../TAMU/MenBasketball_Preprocessed/TAM_MCN_01-03-2009.xml
Processing ../TAMU/MenBasketball_Preprocessed/LS_TAMU_01-23-2013.xml
Completed Processing ../TAMU/MenBasketball_Preprocessed/LS_TAMU_01-23-2013.xml
Processing ../TAMU/MenBasketball_Preprocessed/KU_TAM_01-19-2009.xml
Completed Processing ../TAMU/MenBasketball_Preprocessed/KU_TAM_01-19-2009.xml
Processing ../TAMU/MenBasketball_Preprocessed/TAMU_SSUM_12-13-2017.xml
Completed Processing ../TAMU/MenBasketball_Preprocessed/TAMU_SSUM_12-13-2017.xml
Processing ../TAMU/MenBasketball_Preprocessed/MS_TAMU_01-30-2013.xml
Completed Processing ../TAMU/MenBasketball_Preprocessed/MS_TAMU_01-30-2013.xml
Processing ../TAMU/MenBasketball_Preprocessed/UGA_TAMU_01-16-2016.xml
Completed Processing ../TAMU/MenBasketball_Preprocessed/UGA_TAMU_01-16-2016.xml
Processing ../TAMU/MenBasketball_Preprocessed/TAMU_UF_01-12-2016.xml
Completed Processing ../TAMU/MenBasketball_Preprocessed/TAMU_UF_01-12-2016.xml
Processing ../TAMU/MenBasketball_Preprocessed/KU_TAM_03-15-2008.xml
Completed Processing ../TAMU/MenBasketball_Preprocessed/KU_TAM_03-15-2008.xml
Processing ../TAMU/MenBasketball_Preprocessed/TAMU_UM_02-13-2013.xml
Completed Processing ../TAMU/MenBasketball_Preprocessed/TAMU_UM_02-13-2013.xml
Processing ../TAMU/MenBasketball_Preprocessed/UT_TAM_01-24-2009.xml
Completed Processing ../TAMU/MenBasketball_Preprocessed/UT_TAM_01-24-2009.xml
Processing ../TAMU/MenBasketball_Preprocessed/SMU_TAM_11-16-2009.xml
Completed Processing ../TAMU/MenBasketball_Preprocessed/SMU_TAM_11-16-2009.xml
Processing ../TAMU/MenBasketball_Preprocessed/TAMU_UF_02-14-2015.xml
Completed Processing ../TAMU/MenBasketball_Preprocessed/TAMU_UF_02-14-2015.xml
Processing ../TAMU/MenBasketball_Preprocessed/UF_TAMU_02-01-2014.xml
Completed Processing ../TAMU/MenBasketball_Preprocessed/UF_TAMU_02-01-2014.xml
Processing ../TAMU/MenBasketball_Preprocessed/TAMU_SHSU_12-03-2014.xml
Completed Processing ../TAMU/MenBasketball_Preprocessed/TAMU_SHSU_12-03-2014.xml
Processing ../TAMU/MenBasketball_Preprocessed/MICH_TAMU_03-22-2018.xml
Completed Processing ../TAMU/MenBasketball_Preprocessed/MICH_TAMU_03-22-2018.xml
Processing ../TAMU/MenBasketball_Preprocessed/VU_TAMU_02-24-2018.xml
Completed Processing ../TAMU/MenBasketball_Preprocessed/VU_TAMU_02-24-2018.xml
Processing ../TAMU/MenBasketball_Preprocessed/TT_TAM_02-21-2009.xml
Completed Processing ../TAMU/MenBasketball_Preprocessed/TT_TAM_02-21-2009.xml
Processing ../TAMU/MenBasketball_Preprocessed/SC_TAMU_02-21-2015.xml
Completed Processing ../TAMU/MenBasketball_Preprocessed/SC_TAMU_02-21-2015.xml
Processing ../TAMU/MenBasketball_Preprocessed/TAM_BU_02-06-2010.xml
Completed Processing ../TAMU/MenBasketball_Preprocessed/TAM_BU_02-06-2010.xml
Processing ../TAMU/MenBasketball_Preprocessed/TAMU_ISU_01-30-2016.xml
Completed Processing ../TAMU/MenBasketball_Preprocessed/TAMU_ISU_01-30-2016.xml
Processing ../TAMU/MenBasketball_Preprocessed/AR_TAMU_02-24-2015.xml
Completed Processing ../TAMU/MenBasketball_Preprocessed/AR_TAMU_02-24-2015.xml
Processing ../TAMU/MenBasketball_Preprocessed/TAMU_UM_03-17-2015.xml
Completed Processing ../TAMU/MenBasketball_Preprocessed/TAMU_UM_03-17-2015.xml
Processing ../TAMU/MenBasketball_Preprocessed/MU_TAM_01-16-2012.xml
Completed Processing ../TAMU/MenBasketball_Preprocessed/MU_TAM_01-16-2012.xml
Processing ../TAMU/MenBasketball_Preprocessed/UK_TAMU_01-03-2017.xml
Completed Processing ../TAMU/MenBasketball_Preprocessed/UK_TAMU_01-03-2017.xml
Processing ../TAMU/MenBasketball_Preprocessed/BU_TAM_01-02-2012.xml
Completed Processing ../TAMU/MenBasketball_Preprocessed/BU_TAM_01-02-2012.xml
Processing ../TAMU/MenBasketball_Preprocessed/TAM_UT_01-31-2011.xml
Completed Processing ../TAMU/MenBasketball_Preprocessed/TAM_UT_01-31-2011.xml
Processing ../TAMU/MenBasketball_Preprocessed/TAMU_LS_03-06-2013.xml
Completed Processing ../TAMU/MenBasketball_Preprocessed/TAMU_LS_03-06-2013.xml
Processing ../TAMU/MenBasketball_Preprocessed/TAMU_UA_03-07-2015.xml
Completed Processing ../TAMU/MenBasketball_Preprocessed/TAMU_UA_03-07-2015.xml
Processing ../TAMU/MenBasketball_Preprocessed/TAM_BU_01-23-2008.xml
Completed Processing ../TAMU/MenBasketball_Preprocessed/TAM_BU_01-23-2008.xml
Processing ../TAMU/MenBasketball_Preprocessed/TAMU_UGA_01-26-2013.xml
Completed Processing ../TAMU/MenBasketball_Preprocessed/TAMU_UGA_01-26-2013.xml
Processing ../TAMU/MenBasketball_Preprocessed/TAM_TTU_03-11-2009.xml
Completed Processing ../TAMU/MenBasketball_Preprocessed/TAM_TTU_03-11-2009.xml
Processing ../TAMU/MenBasketball_Preprocessed/AR_TAMU_01-27-2016.xml
Completed Processing ../TAMU/MenBasketball_Preprocessed/AR_TAMU_01-27-2016.xml
Processing ../TAMU/MenBasketball_Preprocessed/VU_TAMU_02-16-2013.xml
Completed Processing ../TAMU/MenBasketball_Preprocessed/VU_TAMU_02-16-2013.xml
Processing ../TAMU/MenBasketball_Preprocessed/TAMU_TECH_03-23-2015.xml
Completed Processing ../TAMU/MenBasketball_Preprocessed/TAMU_TECH_03-23-2015.xml
Processing ../TAMU/MenBasketball_Preprocessed/TAMU_ARIZ_12-17-2016.xml
Completed Processing ../TAMU/MenBasketball_Preprocessed/TAMU_ARIZ_12-17-2016.xml
Processing ../TAMU/MenBasketball_Preprocessed/TAMU_MSU_11-29-2013.xml
Completed Processing ../TAMU/MenBasketball_Preprocessed/TAMU_MSU_11-29-2013.xml
Processing ../TAMU/MenBasketball_Preprocessed/TAM_FAMU_12-29-2007.xml
Completed Processing ../TAMU/MenBasketball_Preprocessed/TAM_FAMU_12-29-2007.xml
Processing ../TAMU/MenBasketball_Preprocessed/MINN_TAM_11-29-2009.xml
Completed Processing ../TAMU/MenBasketball_Preprocessed/MINN_TAM_11-29-2009.xml
Processing ../TAMU/MenBasketball_Preprocessed/UGA_TAMU_02-08-2014.xml
Completed Processing ../TAMU/MenBasketball_Preprocessed/UGA_TAMU_02-08-2014.xml
Processing ../TAMU/MenBasketball_Preprocessed/TAM_OSU_03-03-2010.xml
Completed Processing ../TAMU/MenBasketball_Preprocessed/TAM_OSU_03-03-2010.xml
Processing ../TAMU/MenBasketball_Preprocessed/TAM_TT_01-28-2009.xml
Completed Processing ../TAMU/MenBasketball_Preprocessed/TAM_TT_01-28-2009.xml
Processing ../TAMU/MenBasketball_Preprocessed/KSU_TAM_11-29-2008.xml
Completed Processing ../TAMU/MenBasketball_Preprocessed/KSU_TAM_11-29-2008.xml
Processing ../TAMU/MenBasketball_Preprocessed/TAMU_VU_03-05-2016.xml
Completed Processing ../TAMU/MenBasketball_Preprocessed/TAMU_VU_03-05-2016.xml
Processing ../TAMU/MenBasketball_Preprocessed/TAM_TLS_11-28-2008.xml
Completed Processing ../TAMU/MenBasketball_Preprocessed/TAM_TLS_11-28-2008.xml
Processing ../TAMU/MenBasketball_Preprocessed/TAM_WASH_11-21-2007.xml
Completed Processing ../TAMU/MenBasketball_Preprocessed/TAM_WASH_11-21-2007.xml
Processing ../TAMU/MenBasketball_Preprocessed/OSU_TAM_01-27-2010.xml
Completed Processing ../TAMU/MenBasketball_Preprocessed/OSU_TAM_01-27-2010.xml
Processing ../TAMU/MenBasketball_Preprocessed/UA_TAM_12-13-2008.xml
Completed Processing ../TAMU/MenBasketball_Preprocessed/UA_TAM_12-13-2008.xml
Processing ../TAMU/MenBasketball_Preprocessed/TAM_NWLA_01-02-2010.xml
Completed Processing ../TAMU/MenBasketball_Preprocessed/TAM_NWLA_01-02-2010.xml
Processing ../TAMU/MenBasketball_Preprocessed/TAMU_NT_12-31-2013.xml
Completed Processing ../TAMU/MenBasketball_Preprocessed/TAMU_NT_12-31-2013.xml
Processing ../TAMU/MenBasketball_Preprocessed/SLU_TAMU_11-19-2012.xml
Completed Processing ../TAMU/MenBasketball_Preprocessed/SLU_TAMU_11-19-2012.xml
Processing ../TAMU/MenBasketball_Preprocessed/TAMU_AU_03-12-2015.xml
Completed Processing ../TAMU/MenBasketball_Preprocessed/TAMU_AU_03-12-2015.xml
Processing ../TAMU/MenBasketball_Preprocessed/TAMU_SC_03-02-2013.xml
Completed Processing ../TAMU/MenBasketball_Preprocessed/TAMU_SC_03-02-2013.xml
Processing ../TAMU/MenBasketball_Preprocessed/OU_TAMU_12-15-2012.xml
Completed Processing ../TAMU/MenBasketball_Preprocessed/OU_TAMU_12-15-2012.xml
Processing ../TAMU/MenBasketball_Preprocessed/TAMU_UA_02-20-2014.xml
Completed Processing ../TAMU/MenBasketball_Preprocessed/TAMU_UA_02-20-2014.xml
Processing ../TAMU/MenBasketball_Preprocessed/TAMU_NWLA_11-14-2014.xml
Completed Processing ../TAMU/MenBasketball_Preprocessed/TAMU_NWLA_11-14-2014.xml
Processing ../TAMU/MenBasketball_Preprocessed/TAMU_AR_01-09-2013.xml
Completed Processing ../TAMU/MenBasketball_Preprocessed/TAMU_AR_01-09-2013.xml
Processing ../TAMU/MenBasketball_Preprocessed/TAM_NU_03-11-2010.xml
Completed Processing ../TAMU/MenBasketball_Preprocessed/TAM_NU_03-11-2010.xml
Processing ../TAMU/MenBasketball_Preprocessed/TAMU_YSU_12-13-2014.xml
Completed Processing ../TAMU/MenBasketball_Preprocessed/TAMU_YSU_12-13-2014.xml
Processing ../TAMU/MenBasketball_Preprocessed/TAMU_SC_02-03-2018.xml
Completed Processing ../TAMU/MenBasketball_Preprocessed/TAMU_SC_02-03-2018.xml
Processing ../TAMU/MenBasketball_Preprocessed/TAM_SMU_12-17-2008.xml
Completed Processing ../TAMU/MenBasketball_Preprocessed/TAM_SMU_12-17-2008.xml
Processing ../TAMU/MenBasketball_Preprocessed/VU_TAMU_03-09-2017.xml
Completed Processing ../TAMU/MenBasketball_Preprocessed/VU_TAMU_03-09-2017.xml
Processing ../TAMU/MenBasketball_Preprocessed/TAM_SFA_12-03-2011.xml
Completed Processing ../TAMU/MenBasketball_Preprocessed/TAM_SFA_12-03-2011.xml
Processing ../TAMU/MenBasketball_Preprocessed/ARIZ_TAM_12-02-2007.xml
Completed Processing ../TAMU/MenBasketball_Preprocessed/ARIZ_TAM_12-02-2007.xml
Processing ../TAMU/MenBasketball_Preprocessed/AR_TAMU_03-09-2013.xml
Completed Processing ../TAMU/MenBasketball_Preprocessed/AR_TAMU_03-09-2013.xml
Processing ../TAMU/MenBasketball_Preprocessed/TAM_WVU_11-27-2009.xml
Completed Processing ../TAMU/MenBasketball_Preprocessed/TAM_WVU_11-27-2009.xml
Processing ../TAMU/MenBasketball_Preprocessed/TAMU_GB_03-18-2016.xml
Completed Processing ../TAMU/MenBasketball_Preprocessed/TAMU_GB_03-18-2016.xml
Processing ../TAMU/MenBasketball_Preprocessed/TAM_MU_01-15-2011.xml
Completed Processing ../TAMU/MenBasketball_Preprocessed/TAM_MU_01-15-2011.xml
Processing ../TAMU/MenBasketball_Preprocessed/BY_TAM_03-20-2008.xml
Completed Processing ../TAMU/MenBasketball_Preprocessed/BY_TAM_03-20-2008.xml
Processing ../TAMU/MenBasketball_Preprocessed/TAM_UT_02-06-2012.xml
Completed Processing ../TAMU/MenBasketball_Preprocessed/TAM_UT_02-06-2012.xml
Processing ../TAMU/MenBasketball_Preprocessed/TAMU_UF_03-11-2016.xml
Completed Processing ../TAMU/MenBasketball_Preprocessed/TAMU_UF_03-11-2016.xml
Processing ../TAMU/MenBasketball_Preprocessed/KS_TAM_01-18-2008.xml
Completed Processing ../TAMU/MenBasketball_Preprocessed/KS_TAM_01-18-2008.xml
Processing ../TAMU/MenBasketball_Preprocessed/TAM_SHSU_12-07-2011.xml
Completed Processing ../TAMU/MenBasketball_Preprocessed/TAM_SHSU_12-07-2011.xml
Processing ../TAMU/MenBasketball_Preprocessed/OU_TAM_03-01-2008.xml
Completed Processing ../TAMU/MenBasketball_Preprocessed/OU_TAM_03-01-2008.xml
Processing ../TAMU/MenBasketball_Preprocessed/TAMU_SUBRM_12-22-2012.xml
Completed Processing ../TAMU/MenBasketball_Preprocessed/TAMU_SUBRM_12-22-2012.xml
Processing ../TAMU/MenBasketball_Preprocessed/TAM_CO_01-23-2010.xml
Completed Processing ../TAMU/MenBasketball_Preprocessed/TAM_CO_01-23-2010.xml
Processing ../TAMU/MenBasketball_Preprocessed/TAMU_LSU_02-12-2014.xml
Completed Processing ../TAMU/MenBasketball_Preprocessed/TAMU_LSU_02-12-2014.xml
Processing ../TAMU/MenBasketball_Preprocessed/UT_TAM_02-18-2008.xml
Completed Processing ../TAMU/MenBasketball_Preprocessed/UT_TAM_02-18-2008.xml
Processing ../TAMU/MenBasketball_Preprocessed/TAMU_UK_03-13-2016.xml
Completed Processing ../TAMU/MenBasketball_Preprocessed/TAMU_UK_03-13-2016.xml
Processing ../TAMU/MenBasketball_Preprocessed/MU_TAMU_02-28-2017.xml
Completed Processing ../TAMU/MenBasketball_Preprocessed/MU_TAMU_02-28-2017.xml
Processing ../TAMU/MenBasketball_Preprocessed/TAMU_LSU_01-06-2018.xml
Completed Processing ../TAMU/MenBasketball_Preprocessed/TAMU_LSU_01-06-2018.xml
Processing ../TAMU/MenBasketball_Preprocessed/AU_TAMU_01-27-2015.xml
Completed Processing ../TAMU/MenBasketball_Preprocessed/AU_TAMU_01-27-2015.xml
Processing ../TAMU/MenBasketball_Preprocessed/UA_TAMU_12-30-2017.xml
Completed Processing ../TAMU/MenBasketball_Preprocessed/UA_TAMU_12-30-2017.xml
Processing ../TAMU/MenBasketball_Preprocessed/TAMU_VU_01-31-2017.xml
Completed Processing ../TAMU/MenBasketball_Preprocessed/TAMU_VU_01-31-2017.xml
Processing ../TAMU/MenBasketball_Preprocessed/TAM_NICH_01-03-2011.xml
Completed Processing ../TAMU/MenBasketball_Preprocessed/TAM_NICH_01-03-2011.xml
Processing ../TAMU/MenBasketball_Preprocessed/UT_TAM_01-11-2012.xml
Completed Processing ../TAMU/MenBasketball_Preprocessed/UT_TAM_01-11-2012.xml
Processing ../TAMU/MenBasketball_Preprocessed/TAM_AKRON_12-04-2009.xml
Completed Processing ../TAMU/MenBasketball_Preprocessed/TAM_AKRON_12-04-2009.xml
Processing ../TAMU/MenBasketball_Preprocessed/OM_TAMU_02-04-2015.xml
Completed Processing ../TAMU/MenBasketball_Preprocessed/OM_TAMU_02-04-2015.xml
Processing ../TAMU/MenBasketball_Preprocessed/TAMU_UPST_11-13-2015.xml
Completed Processing ../TAMU/MenBasketball_Preprocessed/TAMU_UPST_11-13-2015.xml
Processing ../TAMU/MenBasketball_Preprocessed/WVU_TAMU_01-28-2017.xml
Completed Processing ../TAMU/MenBasketball_Preprocessed/WVU_TAMU_01-28-2017.xml
Processing ../TAMU/MenBasketball_Preprocessed/TAM_WASH_12-11-2010.xml
Completed Processing ../TAMU/MenBasketball_Preprocessed/TAM_WASH_12-11-2010.xml
Processing ../TAMU/MenBasketball_Preprocessed/COFC_TAMU_11-21-2014.xml
Completed Processing ../TAMU/MenBasketball_Preprocessed/COFC_TAMU_11-21-2014.xml
Processing ../TAMU/MenBasketball_Preprocessed/TAM_JSUM_11-21-2008.xml
Completed Processing ../TAMU/MenBasketball_Preprocessed/TAM_JSUM_11-21-2008.xml
Processing ../TAMU/MenBasketball_Preprocessed/TAMU_SCSUM_12-10-2016.xml
Completed Processing ../TAMU/MenBasketball_Preprocessed/TAMU_SCSUM_12-10-2016.xml
Processing ../TAMU/MenBasketball_Preprocessed/TAMU_UK_02-02-2013.xml
Completed Processing ../TAMU/MenBasketball_Preprocessed/TAMU_UK_02-02-2013.xml
Processing ../TAMU/MenBasketball_Preprocessed/TAM_UND_01-05-2010.xml
Completed Processing ../TAMU/MenBasketball_Preprocessed/TAM_UND_01-05-2010.xml
Processing ../TAMU/MenBasketball_Preprocessed/NM_TAMU_11-23-2014.xml
Completed Processing ../TAMU/MenBasketball_Preprocessed/NM_TAMU_11-23-2014.xml
Processing ../TAMU/MenBasketball_Preprocessed/TAMU_SLU_11-16-2015.xml
Completed Processing ../TAMU/MenBasketball_Preprocessed/TAMU_SLU_11-16-2015.xml
Processing ../TAMU/MenBasketball_Preprocessed/TAMU_MS_02-05-2014.xml
Completed Processing ../TAMU/MenBasketball_Preprocessed/TAMU_MS_02-05-2014.xml
Processing ../TAMU/MenBasketball_Preprocessed/TAMU_UB_11-08-2013.xml
Completed Processing ../TAMU/MenBasketball_Preprocessed/TAMU_UB_11-08-2013.xml
Processing ../TAMU/MenBasketball_Preprocessed/TAM_RICE_12-31-2007.xml
Completed Processing ../TAMU/MenBasketball_Preprocessed/TAM_RICE_12-31-2007.xml
Processing ../TAMU/MenBasketball_Preprocessed/KU_TAM_03-02-2011.xml
Completed Processing ../TAMU/MenBasketball_Preprocessed/KU_TAM_03-02-2011.xml
Processing ../TAMU/MenBasketball_Preprocessed/TAMU_PV_12-09-2017.xml
Completed Processing ../TAMU/MenBasketball_Preprocessed/TAMU_PV_12-09-2017.xml
Processing ../TAMU/MenBasketball_Preprocessed/UM_TAMU_02-27-2013.xml
Completed Processing ../TAMU/MenBasketball_Preprocessed/UM_TAMU_02-27-2013.xml
Processing ../TAMU/MenBasketball_Preprocessed/OU_TAM_03-07-2012.xml
Completed Processing ../TAMU/MenBasketball_Preprocessed/OU_TAM_03-07-2012.xml
Processing ../TAMU/MenBasketball_Preprocessed/TAM_TT_03-05-2011.xml
Completed Processing ../TAMU/MenBasketball_Preprocessed/TAM_TT_03-05-2011.xml
Processing ../TAMU/MenBasketball_Preprocessed/BYU_TAM_03-19-2009.xml
Completed Processing ../TAMU/MenBasketball_Preprocessed/BYU_TAM_03-19-2009.xml
Processing ../TAMU/MenBasketball_Preprocessed/TAM_AR_12-18-2010.xml
Completed Processing ../TAMU/MenBasketball_Preprocessed/TAM_AR_12-18-2010.xml
Processing ../TAMU/MenBasketball_Preprocessed/TAM_DETROIT_12-19-2007.xml
Completed Processing ../TAMU/MenBasketball_Preprocessed/TAM_DETROIT_12-19-2007.xml
Processing ../TAMU/MenBasketball_Preprocessed/TAMU_PSU_11-21-2017.xml
Completed Processing ../TAMU/MenBasketball_Preprocessed/TAMU_PSU_11-21-2017.xml
Processing ../TAMU/MenBasketball_Preprocessed/OSU_TAM_02-25-2012.xml
Completed Processing ../TAMU/MenBasketball_Preprocessed/OSU_TAM_02-25-2012.xml
Processing ../TAMU/MenBasketball_Preprocessed/OU_TAMU_03-24-2016.xml
Completed Processing ../TAMU/MenBasketball_Preprocessed/OU_TAMU_03-24-2016.xml
Processing ../TAMU/MenBasketball_Preprocessed/TAM_PVAM_12-08-2010.xml
Completed Processing ../TAMU/MenBasketball_Preprocessed/TAM_PVAM_12-08-2010.xml
Processing ../TAMU/MenBasketball_Preprocessed/HOU_TAMU_12-01-2012.xml
Completed Processing ../TAMU/MenBasketball_Preprocessed/HOU_TAMU_12-01-2012.xml
Processing ../TAMU/MenBasketball_Preprocessed/TAMU_AMERICAN_11-14-2016.xml
Completed Processing ../TAMU/MenBasketball_Preprocessed/TAMU_AMERICAN_11-14-2016.xml
Processing ../TAMU/MenBasketball_Preprocessed/USC_TAMU_11-26-2017.xml
Completed Processing ../TAMU/MenBasketball_Preprocessed/USC_TAMU_11-26-2017.xml
Processing ../TAMU/MenBasketball_Preprocessed/KS_TAM_01-12-2010.xml
Completed Processing ../TAMU/MenBasketball_Preprocessed/KS_TAM_01-12-2010.xml
Processing ../TAMU/MenBasketball_Preprocessed/TAM_OU_01-19-2010.xml
Completed Processing ../TAMU/MenBasketball_Preprocessed/TAM_OU_01-19-2010.xml
Processing ../TAMU/MenBasketball_Preprocessed/TAMU_MS_02-20-2018.xml
Completed Processing ../TAMU/MenBasketball_Preprocessed/TAMU_MS_02-20-2018.xml
Processing ../TAMU/MenBasketball_Preprocessed/TAM_UAPB_12-16-2007.xml
Completed Processing ../TAMU/MenBasketball_Preprocessed/TAM_UAPB_12-16-2007.xml
Processing ../TAMU/MenBasketball_Preprocessed/TAMU_UK_01-10-2015.xml
Completed Processing ../TAMU/MenBasketball_Preprocessed/TAMU_UK_01-10-2015.xml
Processing ../TAMU/MenBasketball_Preprocessed/TAMU_MVSUM_11-11-2013.xml
Completed Processing ../TAMU/MenBasketball_Preprocessed/TAMU_MVSUM_11-11-2013.xml
Processing ../TAMU/MenBasketball_Preprocessed/TAM_UTEP_11-14-2007.xml
Completed Processing ../TAMU/MenBasketball_Preprocessed/TAM_UTEP_11-14-2007.xml
Processing ../TAMU/MenBasketball_Preprocessed/TAM_SFA_11-18-2008.xml
Completed Processing ../TAMU/MenBasketball_Preprocessed/TAM_SFA_11-18-2008.xml
Processing ../TAMU/MenBasketball_Preprocessed/TAM_KS_02-07-2009.xml
Completed Processing ../TAMU/MenBasketball_Preprocessed/TAM_KS_02-07-2009.xml
Processing ../TAMU/MenBasketball_Preprocessed/TAM_CIT_12-19-2009.xml
Completed Processing ../TAMU/MenBasketball_Preprocessed/TAM_CIT_12-19-2009.xml
Processing ../TAMU/MenBasketball_Preprocessed/TAM_TT_01-30-2010.xml
Completed Processing ../TAMU/MenBasketball_Preprocessed/TAM_TT_01-30-2010.xml
Processing ../TAMU/MenBasketball_Preprocessed/TAMU_TROY_11-12-2012.xml
Completed Processing ../TAMU/MenBasketball_Preprocessed/TAMU_TROY_11-12-2012.xml
Processing ../TAMU/MenBasketball_Preprocessed/TAM_MU_03-10-2011.xml
Completed Processing ../TAMU/MenBasketball_Preprocessed/TAM_MU_03-10-2011.xml
Processing ../TAMU/MenBasketball_Preprocessed/TAM_RICE_12-22-2011.xml
Completed Processing ../TAMU/MenBasketball_Preprocessed/TAM_RICE_12-22-2011.xml
Processing ../TAMU/MenBasketball_Preprocessed/TAM_OU_02-02-2008.xml
Completed Processing ../TAMU/MenBasketball_Preprocessed/TAM_OU_02-02-2008.xml
Processing ../TAMU/MenBasketball_Preprocessed/TAM_ORU_11-13-2007.xml
Completed Processing ../TAMU/MenBasketball_Preprocessed/TAM_ORU_11-13-2007.xml
Processing ../TAMU/MenBasketball_Preprocessed/TAMU_PC_03-16-2018.xml
Completed Processing ../TAMU/MenBasketball_Preprocessed/TAMU_PC_03-16-2018.xml
Processing ../TAMU/MenBasketball_Preprocessed/TAMU_UF_01-02-2018.xml
Completed Processing ../TAMU/MenBasketball_Preprocessed/TAMU_UF_01-02-2018.xml
Processing ../TAMU/MenBasketball_Preprocessed/TAM_ISU_02-16-2011.xml
Completed Processing ../TAMU/MenBasketball_Preprocessed/TAM_ISU_02-16-2011.xml
Processing ../TAMU/MenBasketball_Preprocessed/TAMU_LATECH_11-09-2012.xml
Completed Processing ../TAMU/MenBasketball_Preprocessed/TAMU_LATECH_11-09-2012.xml
Processing ../TAMU/MenBasketball_Preprocessed/UT_TAM_01-16-2010.xml
Completed Processing ../TAMU/MenBasketball_Preprocessed/UT_TAM_01-16-2010.xml
Processing ../TAMU/MenBasketball_Preprocessed/UD_TAMU_11-20-2014.xml
Completed Processing ../TAMU/MenBasketball_Preprocessed/UD_TAMU_11-20-2014.xml
Processing ../TAMU/MenBasketball_Preprocessed/TAM_SHSU_12-28-2008.xml
Completed Processing ../TAMU/MenBasketball_Preprocessed/TAM_SHSU_12-28-2008.xml
Processing ../TAMU/MenBasketball_Preprocessed/AU_TAMU_03-01-2016.xml
Completed Processing ../TAMU/MenBasketball_Preprocessed/AU_TAMU_03-01-2016.xml
Processing ../TAMU/MenBasketball_Preprocessed/UCLA_TAM_03-22-2008.xml
Completed Processing ../TAMU/MenBasketball_Preprocessed/UCLA_TAM_03-22-2008.xml
Processing ../TAMU/MenBasketball_Preprocessed/TAM_UT_02-27-2010.xml
Completed Processing ../TAMU/MenBasketball_Preprocessed/TAM_UT_02-27-2010.xml
Processing ../TAMU/MenBasketball_Preprocessed/IS_TAM_02-05-2008.xml
Completed Processing ../TAMU/MenBasketball_Preprocessed/IS_TAM_02-05-2008.xml
Processing ../TAMU/MenBasketball_Preprocessed/UK_TAMU_01-09-2018.xml
Completed Processing ../TAMU/MenBasketball_Preprocessed/UK_TAMU_01-09-2018.xml
Processing ../TAMU/MenBasketball_Preprocessed/TT_TAM_02-13-2010.xml
Completed Processing ../TAMU/MenBasketball_Preprocessed/TT_TAM_02-13-2010.xml
Processing ../TAMU/MenBasketball_Preprocessed/TAM_UNCW_11-25-2008.xml
Completed Processing ../TAMU/MenBasketball_Preprocessed/TAM_UNCW_11-25-2008.xml
Processing ../TAMU/MenBasketball_Preprocessed/BU_TAM_02-14-2009.xml
Completed Processing ../TAMU/MenBasketball_Preprocessed/BU_TAM_02-14-2009.xml
Processing ../TAMU/MenBasketball_Preprocessed/TAM_SUM_11-13-2011.xml
Completed Processing ../TAMU/MenBasketball_Preprocessed/TAM_SUM_11-13-2011.xml
Processing ../TAMU/MenBasketball_Preprocessed/KS_TAMU_12-20-2014.xml
Completed Processing ../TAMU/MenBasketball_Preprocessed/KS_TAMU_12-20-2014.xml
Processing ../TAMU/MenBasketball_Preprocessed/TAMU_ASU_12-06-2014.xml
Completed Processing ../TAMU/MenBasketball_Preprocessed/TAMU_ASU_12-06-2014.xml
Processing ../TAMU/MenBasketball_Preprocessed/TAMU_UAPBM_11-26-2013.xml
Completed Processing ../TAMU/MenBasketball_Preprocessed/TAMU_UAPBM_11-26-2013.xml
Processing ../TAMU/MenBasketball_Preprocessed/TAM_ALCNM_11-12-2010.xml
Completed Processing ../TAMU/MenBasketball_Preprocessed/TAM_ALCNM_11-12-2010.xml
Processing ../TAMU/MenBasketball_Preprocessed/TEN_TAMU_01-09-2016.xml
Completed Processing ../TAMU/MenBasketball_Preprocessed/TEN_TAMU_01-09-2016.xml
Processing ../TAMU/MenBasketball_Preprocessed/MU_TAMU_02-27-2016.xml
Completed Processing ../TAMU/MenBasketball_Preprocessed/MU_TAMU_02-27-2016.xml
Processing ../TAMU/MenBasketball_Preprocessed/UCLA_TAMU_11-27-2016.xml
Completed Processing ../TAMU/MenBasketball_Preprocessed/UCLA_TAMU_11-27-2016.xml
Processing ../TAMU/MenBasketball_Preprocessed/TAM_BU_02-05-2011.xml
Completed Processing ../TAMU/MenBasketball_Preprocessed/TAM_BU_02-05-2011.xml
Processing ../TAMU/MenBasketball_Preprocessed/TAMU_UNI_03-20-2016.xml
Completed Processing ../TAMU/MenBasketball_Preprocessed/TAMU_UNI_03-20-2016.xml
Processing ../TAMU/MenBasketball_Preprocessed/UH_UA_12-30-2012.xml
Completed Processing ../TAMU/MenBasketball_Preprocessed/UH_UA_12-30-2012.xml
Processing ../TAMU/MenBasketball_Preprocessed/UT_TAM_03-11-2011.xml
Completed Processing ../TAMU/MenBasketball_Preprocessed/UT_TAM_03-11-2011.xml
Processing ../TAMU/MenBasketball_Preprocessed/TAM_AMCC_11-26-2011.xml
Completed Processing ../TAMU/MenBasketball_Preprocessed/TAM_AMCC_11-26-2011.xml
Processing ../TAMU/MenBasketball_Preprocessed/TAM_TT_02-27-2008.xml
Completed Processing ../TAMU/MenBasketball_Preprocessed/TAM_TT_02-27-2008.xml
Processing ../TAMU/MenBasketball_Preprocessed/TAMU_AR_01-02-2016.xml
Completed Processing ../TAMU/MenBasketball_Preprocessed/TAMU_AR_01-02-2016.xml
Processing ../TAMU/MenBasketball_Preprocessed/TAMU_ARMY_12-29-2012.xml
Completed Processing ../TAMU/MenBasketball_Preprocessed/TAMU_ARMY_12-29-2012.xml
Processing ../TAMU/MenBasketball_Preprocessed/TAM_OSU_02-16-2008.xml
Completed Processing ../TAMU/MenBasketball_Preprocessed/TAM_OSU_02-16-2008.xml
Processing ../TAMU/MenBasketball_Preprocessed/TAM_SJU_11-18-2011.xml
Completed Processing ../TAMU/MenBasketball_Preprocessed/TAM_SJU_11-18-2011.xml
Processing ../TAMU/MenBasketball_Preprocessed/PUR_TAM_03-21-2010.xml
Completed Processing ../TAMU/MenBasketball_Preprocessed/PUR_TAM_03-21-2010.xml
Processing ../TAMU/MenBasketball_Preprocessed/TAMU_UT_12-29-2016.xml
Completed Processing ../TAMU/MenBasketball_Preprocessed/TAMU_UT_12-29-2016.xml
Processing ../TAMU/MenBasketball_Preprocessed/TAM_KS_02-28-2012.xml
Completed Processing ../TAMU/MenBasketball_Preprocessed/TAM_KS_02-28-2012.xml
Processing ../TAMU/MenBasketball_Preprocessed/TAM_KU_02-22-2012.xml
Completed Processing ../TAMU/MenBasketball_Preprocessed/TAM_KU_02-22-2012.xml
Processing ../TAMU/MenBasketball_Preprocessed/TAMU_UA_03-03-2018.xml
Completed Processing ../TAMU/MenBasketball_Preprocessed/TAMU_UA_03-03-2018.xml
Processing ../TAMU/MenBasketball_Preprocessed/TAM_OSU_01-31-2009.xml
Completed Processing ../TAMU/MenBasketball_Preprocessed/TAM_OSU_01-31-2009.xml
Processing ../TAMU/MenBasketball_Preprocessed/TAMU_SC_01-15-2014.xml
Completed Processing ../TAMU/MenBasketball_Preprocessed/TAMU_SC_01-15-2014.xml
Processing ../TAMU/MenBasketball_Preprocessed/TAM_BC_11-25-2010.xml
Completed Processing ../TAMU/MenBasketball_Preprocessed/TAM_BC_11-25-2010.xml
Processing ../TAMU/MenBasketball_Preprocessed/TAM_IS_03-13-2008.xml
Completed Processing ../TAMU/MenBasketball_Preprocessed/TAM_IS_03-13-2008.xml
Processing ../TAMU/MenBasketball_Preprocessed/TAM_ALCN_11-30-2011.xml
Completed Processing ../TAMU/MenBasketball_Preprocessed/TAM_ALCN_11-30-2011.xml
Processing ../TAMU/MenBasketball_Preprocessed/KS_TAM_02-04-2012.xml
Completed Processing ../TAMU/MenBasketball_Preprocessed/KS_TAM_02-04-2012.xml
Processing ../TAMU/MenBasketball_Preprocessed/TAMU_UF_01-17-2013.xml
Completed Processing ../TAMU/MenBasketball_Preprocessed/TAMU_UF_01-17-2013.xml
Processing ../TAMU/MenBasketball_Preprocessed/LSU_TAMU_02-26-2014.xml
Completed Processing ../TAMU/MenBasketball_Preprocessed/LSU_TAMU_02-26-2014.xml
Processing ../TAMU/MenBasketball_Preprocessed/VT_TAMU_11-25-2016.xml
Completed Processing ../TAMU/MenBasketball_Preprocessed/VT_TAMU_11-25-2016.xml
Processing ../TAMU/MenBasketball_Preprocessed/NC_TAMU_03-18-2018.xml
Completed Processing ../TAMU/MenBasketball_Preprocessed/NC_TAMU_03-18-2018.xml
Processing ../TAMU/MenBasketball_Preprocessed/TAMU_VU_01-25-2014.xml
Completed Processing ../TAMU/MenBasketball_Preprocessed/TAMU_VU_01-25-2014.xml
Processing ../TAMU/MenBasketball_Preprocessed/UT_TAMU_01-11-2014.xml
Completed Processing ../TAMU/MenBasketball_Preprocessed/UT_TAMU_01-11-2014.xml
Processing ../TAMU/MenBasketball_Preprocessed/AR_TAMU_02-22-2017.xml
Completed Processing ../TAMU/MenBasketball_Preprocessed/AR_TAMU_02-22-2017.xml
Processing ../TAMU/MenBasketball_Preprocessed/TAM_SAM_11-20-2009.xml
Completed Processing ../TAMU/MenBasketball_Preprocessed/TAM_SAM_11-20-2009.xml
Processing ../TAMU/MenBasketball_Preprocessed/TAM_UND_01-05-2009.xml
Completed Processing ../TAMU/MenBasketball_Preprocessed/TAM_UND_01-05-2009.xml
Processing ../TAMU/MenBasketball_Preprocessed/TAMU_SFA_12-05-2012.xml
Completed Processing ../TAMU/MenBasketball_Preprocessed/TAMU_SFA_12-05-2012.xml
Processing ../TAMU/MenBasketball_Preprocessed/VU_TAMU_02-16-2017.xml
Completed Processing ../TAMU/MenBasketball_Preprocessed/VU_TAMU_02-16-2017.xml
Processing ../TAMU/MenBasketball_Preprocessed/ILS_TAMU_03-24-2014.xml
Completed Processing ../TAMU/MenBasketball_Preprocessed/ILS_TAMU_03-24-2014.xml
Processing ../TAMU/MenBasketball_Preprocessed/TAMU_UA_03-08-2018.xml
Completed Processing ../TAMU/MenBasketball_Preprocessed/TAMU_UA_03-08-2018.xml
Processing ../TAMU/MenBasketball_Preprocessed/TAMU_UCSB_11-17-2017.xml
Completed Processing ../TAMU/MenBasketball_Preprocessed/TAMU_UCSB_11-17-2017.xml
Processing ../TAMU/MenBasketball_Preprocessed/MS_TAM_11-17-2011.xml
Completed Processing ../TAMU/MenBasketball_Preprocessed/MS_TAM_11-17-2011.xml
Processing ../TAMU/MenBasketball_Preprocessed/TAMU_UT_02-22-2014.xml
Completed Processing ../TAMU/MenBasketball_Preprocessed/TAMU_UT_02-22-2014.xml
Processing ../TAMU/MenBasketball_Preprocessed/TAM_WAGNER_12-21-2010.xml
Completed Processing ../TAMU/MenBasketball_Preprocessed/TAM_WAGNER_12-21-2010.xml
Processing ../TAMU/MenBasketball_Preprocessed/TAMU_AVL_11-21-2015.xml
Completed Processing ../TAMU/MenBasketball_Preprocessed/TAMU_AVL_11-21-2015.xml
Processing ../TAMU/MenBasketball_Preprocessed/TAM_PACIFIC_12-04-2010.xml
Completed Processing ../TAMU/MenBasketball_Preprocessed/TAM_PACIFIC_12-04-2010.xml
Processing ../TAMU/MenBasketball_Preprocessed/TAM_IS_02-28-2009.xml
Completed Processing ../TAMU/MenBasketball_Preprocessed/TAM_IS_02-28-2009.xml
Processing ../TAMU/MenBasketball_Preprocessed/OS_TAM_01-26-2008.xml
Completed Processing ../TAMU/MenBasketball_Preprocessed/OS_TAM_01-26-2008.xml
Processing ../TAMU/MenBasketball_Preprocessed/IS_TAM_02-20-2010.xml
Completed Processing ../TAMU/MenBasketball_Preprocessed/IS_TAM_02-20-2010.xml
Processing ../TAMU/MenBasketball_Preprocessed/TAMU_SHSU_11-24-2013.xml
Completed Processing ../TAMU/MenBasketball_Preprocessed/TAMU_SHSU_11-24-2013.xml
Processing ../TAMU/MenBasketball_Preprocessed/TAMU_OM_02-16-2016.xml
Completed Processing ../TAMU/MenBasketball_Preprocessed/TAMU_OM_02-16-2016.xml
Processing ../TAMU/MenBasketball_Preprocessed/OM_TAMU_01-25-2017.xml
Completed Processing ../TAMU/MenBasketball_Preprocessed/OM_TAMU_01-25-2017.xml
Processing ../TAMU/MenBasketball_Preprocessed/TAM_LSU_12-20-2008.xml
Completed Processing ../TAMU/MenBasketball_Preprocessed/TAM_LSU_12-20-2008.xml
Processing ../TAMU/MenBasketball_Preprocessed/SC_TAMU_01-07-2017.xml
Completed Processing ../TAMU/MenBasketball_Preprocessed/SC_TAMU_01-07-2017.xml
Processing ../TAMU/MenBasketball_Preprocessed/UGA_TAMU_02-09-2013.xml
Completed Processing ../TAMU/MenBasketball_Preprocessed/UGA_TAMU_02-09-2013.xml
Processing ../TAMU/MenBasketball_Preprocessed/OSU_TAM_02-19-2011.xml
Completed Processing ../TAMU/MenBasketball_Preprocessed/OSU_TAM_02-19-2011.xml
Processing ../TAMU/MenBasketball_Preprocessed/MU_TAMU_03-05-2014.xml
Completed Processing ../TAMU/MenBasketball_Preprocessed/MU_TAMU_03-05-2014.xml
Processing ../TAMU/MenBasketball_Preprocessed/GON_TAMU_11-26-2015.xml
Completed Processing ../TAMU/MenBasketball_Preprocessed/GON_TAMU_11-26-2015.xml
Processing ../TAMU/MenBasketball_Preprocessed/UF_TAMU_03-03-2015.xml
Completed Processing ../TAMU/MenBasketball_Preprocessed/UF_TAMU_03-03-2015.xml
Processing ../TAMU/MenBasketball_Preprocessed/CU_TAM_02-09-2011.xml
Completed Processing ../TAMU/MenBasketball_Preprocessed/CU_TAM_02-09-2011.xml
Processing ../TAMU/MenBasketball_Preprocessed/OU_TAM_03-03-2012.xml
Completed Processing ../TAMU/MenBasketball_Preprocessed/OU_TAM_03-03-2012.xml
Processing ../TAMU/MenBasketball_Preprocessed/AR_TAMU_02-17-2018.xml
Completed Processing ../TAMU/MenBasketball_Preprocessed/AR_TAMU_02-17-2018.xml
Processing ../TAMU/MenBasketball_Preprocessed/TAMU_AMCC_12-05-2016.xml
Completed Processing ../TAMU/MenBasketball_Preprocessed/TAMU_AMCC_12-05-2016.xml
Processing ../TAMU/MenBasketball_Preprocessed/AU_TAMU_02-20-2013.xml
Completed Processing ../TAMU/MenBasketball_Preprocessed/AU_TAMU_02-20-2013.xml
Processing ../TAMU/MenBasketball_Preprocessed/TAMU_PVAMMBB_11-15-2012.xml
Completed Processing ../TAMU/MenBasketball_Preprocessed/TAMU_PVAMMBB_11-15-2012.xml
Processing ../TAMU/MenBasketball_Preprocessed/MU_TAM_02-03-2010.xml
Completed Processing ../TAMU/MenBasketball_Preprocessed/MU_TAM_02-03-2010.xml
Processing ../TAMU/MenBasketball_Preprocessed/CSUN_TAMU_11-24-2016.xml
Completed Processing ../TAMU/MenBasketball_Preprocessed/CSUN_TAMU_11-24-2016.xml
Processing ../TAMU/MenBasketball_Preprocessed/TAMU_AU_03-08-2014.xml
Completed Processing ../TAMU/MenBasketball_Preprocessed/TAMU_AU_03-08-2014.xml
Processing ../TAMU/MenBasketball_Preprocessed/TAMU_KS_12-12-2015.xml
Completed Processing ../TAMU/MenBasketball_Preprocessed/TAMU_KS_12-12-2015.xml
Processing ../TAMU/MenBasketball_Preprocessed/TAMU_UGA_01-21-2017.xml
Completed Processing ../TAMU/MenBasketball_Preprocessed/TAMU_UGA_01-21-2017.xml
Processing ../TAMU/MenBasketball_Preprocessed/TAMU_LS_01-19-2016.xml
Completed Processing ../TAMU/MenBasketball_Preprocessed/TAMU_LS_01-19-2016.xml
Processing ../TAMU/MenBasketball_Preprocessed/MS_TAMU_01-18-2014.xml
Completed Processing ../TAMU/MenBasketball_Preprocessed/MS_TAMU_01-18-2014.xml
Processing ../TAMU/MenBasketball_Preprocessed/KU_TAM_03-12-2010.xml
Completed Processing ../TAMU/MenBasketball_Preprocessed/KU_TAM_03-12-2010.xml
Processing ../TAMU/MenBasketball_Preprocessed/TAMU_MU_02-07-2013.xml
Completed Processing ../TAMU/MenBasketball_Preprocessed/TAMU_MU_02-07-2013.xml
Processing ../TAMU/MenBasketball_Preprocessed/TAM_OSU_01-12-2011.xml
Completed Processing ../TAMU/MenBasketball_Preprocessed/TAM_OSU_01-12-2011.xml
Processing ../TAMU/MenBasketball_Preprocessed/TAMU_SC_02-06-2016.xml
Completed Processing ../TAMU/MenBasketball_Preprocessed/TAMU_SC_02-06-2016.xml
Processing ../TAMU/MenBasketball_Preprocessed/TAMU_LS_03-12-2016.xml
Completed Processing ../TAMU/MenBasketball_Preprocessed/TAMU_LS_03-12-2016.xml
Processing ../TAMU/MenBasketball_Preprocessed/BU_TAMU_12-09-2014.xml
